#
# Current Ver: $Revision: 25484 $
# Last Editor: $Author: amaitland $
# Last Edited: $Date: 2014-11-17 16:43:46 -0800 (Mon, 17 Nov 2014) $
#
# Stat definitions for Mock Pathfinder Formula Parser set
#
STATNAME:Strength		ABB:STR	KEY:STR	DEFINE:MAXLEVELSTAT=STR|STRSCORE-10	MODIFY:STRSCORE|SOLVE|Value	MODIFY:STR|SOLVE|Mod	ABILITY:Internal|AUTOMATIC|Default
STATNAME:Dexterity	ABB:DEX	KEY:DEX	DEFINE:MAXLEVELSTAT=DEX|DEXSCORE-10	MODIFY:DEXSCORE|SOLVE|Value	MODIFY:DEX|SOLVE|Mod
STATNAME:Constitution	ABB:CON	KEY:CON	DEFINE:MAXLEVELSTAT=CON|CONSCORE-10	MODIFY:CONSCORE|SOLVE|Value	MODIFY:CON|SOLVE|Mod
STATNAME:Intelligence	ABB:INT	KEY:INT	DEFINE:MAXLEVELSTAT=INT|INTSCORE-10	MODIFY:INTSCORE|SOLVE|Value	MODIFY:INT|SOLVE|Mod
STATNAME:Wisdom		ABB:WIS	KEY:WIS	DEFINE:MAXLEVELSTAT=WIS|WISSCORE-10	MODIFY:WISSCORE|SOLVE|Value	MODIFY:WIS|SOLVE|Mod
STATNAME:Charisma		ABB:CHA	KEY:CHA	DEFINE:MAXLEVELSTAT=CHA|CHASCORE-10	MODIFY:CHASCORE|SOLVE|Value	MODIFY:CHA|SOLVE|Mod
#
CHECKNAME:Fortitude	MODIFY:Save.Stat|SOLVE|value()+CON
CHECKNAME:Reflex		MODIFY:Save.Stat|SOLVE|value()+DEX
CHECKNAME:Will		MODIFY:Save.Stat|SOLVE|value()+WIS
#
BONUSSPELLLEVEL:1		BASESTATSCORE:12	STATRANGE:8
BONUSSPELLLEVEL:2		BASESTATSCORE:14	STATRANGE:8
BONUSSPELLLEVEL:3		BASESTATSCORE:16	STATRANGE:8
BONUSSPELLLEVEL:4		BASESTATSCORE:18	STATRANGE:8
BONUSSPELLLEVEL:5		BASESTATSCORE:20	STATRANGE:8
BONUSSPELLLEVEL:6		BASESTATSCORE:22	STATRANGE:8
BONUSSPELLLEVEL:7		BASESTATSCORE:24	STATRANGE:8
BONUSSPELLLEVEL:8		BASESTATSCORE:26	STATRANGE:8
BONUSSPELLLEVEL:9		BASESTATSCORE:28	STATRANGE:8
BONUSSPELLLEVEL:10	BASESTATSCORE:30	STATRANGE:8
BONUSSPELLLEVEL:11	BASESTATSCORE:32	STATRANGE:8
BONUSSPELLLEVEL:12	BASESTATSCORE:34	STATRANGE:8
BONUSSPELLLEVEL:13	BASESTATSCORE:36	STATRANGE:8
BONUSSPELLLEVEL:14	BASESTATSCORE:38	STATRANGE:8
BONUSSPELLLEVEL:15	BASESTATSCORE:40	STATRANGE:8
BONUSSPELLLEVEL:16	BASESTATSCORE:42	STATRANGE:8
BONUSSPELLLEVEL:17	BASESTATSCORE:44	STATRANGE:8
BONUSSPELLLEVEL:18	BASESTATSCORE:46	STATRANGE:8
BONUSSPELLLEVEL:19	BASESTATSCORE:48	STATRANGE:8
BONUSSPELLLEVEL:20	BASESTATSCORE:50	STATRANGE:8
BONUSSPELLLEVEL:21	BASESTATSCORE:52	STATRANGE:8
BONUSSPELLLEVEL:22	BASESTATSCORE:54	STATRANGE:8
BONUSSPELLLEVEL:23	BASESTATSCORE:56	STATRANGE:8
BONUSSPELLLEVEL:24	BASESTATSCORE:58	STATRANGE:8
BONUSSPELLLEVEL:25	BASESTATSCORE:60	STATRANGE:8

ALIGNMENTNAME:Lawful Good	ABB:LG	KEY:LG
ALIGNMENTNAME:Lawful Neutral	ABB:LN	KEY:LN
ALIGNMENTNAME:Lawful Evil	ABB:LE	KEY:LE
ALIGNMENTNAME:Neutral Good	ABB:NG	KEY:NG
ALIGNMENTNAME:Neutral		ABB:TN	KEY:TN
ALIGNMENTNAME:Neutral Evil	ABB:NE	KEY:NE
ALIGNMENTNAME:Chaotic Good	ABB:CG	KEY:CG
ALIGNMENTNAME:Chaotic Neutral	ABB:CN	KEY:CN
ALIGNMENTNAME:Chaotic Evil	ABB:CE	KEY:CE
ALIGNMENTNAME:None		ABB:NONE	KEY:NONE	VALIDFORDEITY:N		VALIDFORFOLLOWER:N
ALIGNMENTNAME:Deity's		ABB:Deity	KEY:Deity	VALIDFORDEITY:N		VALIDFORFOLLOWER:N


# REMOVED ITEMS

#	STATMOD:floor(SCORE/2)-5
#	MODIFY:STRSCORE|SOLVE|this()
#	BONUS:VAR|TWOHANDDAMAGEDIVISOR,OFFHANDLIGHTBONUS|2	
#	BONUS:COMBAT|TOHIT.Melee|STR|TYPE=Ability|PREVAREQ:DisableToHitMeleeStr,0	
#	BONUS:COMBAT|DAMAGE.Melee,DAMAGE.Thrown|STR|TYPE=Ability	
#	BONUS:COMBAT|DAMAGEMULT:0|0.5*(STR>=0)	
#	BONUS:COMBAT|DAMAGEMULT:1|1	
#	BONUS:COMBAT|DAMAGEMULT:2|1.5*(STR>=0)	
#	BONUS:COMBAT|DAMAGE.Splash|-STR|TYPE=Ability
#	BONUS:VAR|RacialVision|1|TYPE=Racial|!PREABILITY:1,CATEGORY=Special Ability,TYPE.RacialVision	



# BONUS:COMBAT|TOHIT.Ranged|DEX|TYPE=Ability|PREVAREQ:DisableToHitRangedDex,0	DEFINE:INITCOMP|0	BONUS:VAR|INITCOMP|DEX				BONUS:COMBAT|AC|10|TYPE=Base			BONUS:COMBAT|AC|min(ACAbilityStat, min(MXDXEN,MODEQUIPMAXDEX))|TYPE=Ability|PREVAREQ:ACStatNotDex,0	DEFINE:ACAbilityStat|0	BONUS:VAR|ACAbilityStat|DEX	DEFINE:MXDXEN|0	BONUS:VAR|MXDXEN|1000|PREVAREQ:ENCUMBERANCE,0	BONUS:VAR|MXDXEN|3|PREVAREQ:ENCUMBERANCE,1	BONUS:VAR|MXDXEN|1|PREVAREQ:ENCUMBERANCE,2	DEFINE:FightingDefensivelyACBonus|0	DEFINE:FightingDefensivelyAC|0	DEFINE:TotalDefenseACBonus|0	DEFINE:TotalDefenseAC|0	BONUS:COMBAT|AC|max(FightingDefensivelyAC,TotalDefenseAC)|TYPE=Dodge
# BONUS:HP|WOUNDPOINTS|CON			BONUS:HP|BONUS|CON|PRERULE:1,DAMAGE_HP				BONUS:HP|ALTHP|CONSCORE*2				BONUS:VAR|UseAlternateDamage|1|PRERULE:1,DAMAGE_VW				DEFINE:UseAlternateDamage|0	BONUS:VAR|UseCombatManueverBonus|1|PRERULE:1,USE_CMB	DEFINE:UseCombatManueverBonus|0
# 			BONUS:LANG|BONUS|max(INT,0)+var("AdditionalLanguage")	BONUS:MODSKILLPOINTS|NUMBER|var("STAT.3.MOD.NOEQUIP.NOTEMP")+BonusRetroSkillPoints	DEFINE:AdditionalLanguage|0	DEFINE:BonusRetroSkillPoints|0
# 			DEFINE:BypassSizeMods|0	DEFINE:NormalMount|0	BONUS:VAR|NormalMount,NormalFollower|1	DEFINE:SizeIncrease|0	DEFINE:SizeDecrease|0	DEFINE:NormalFollower|0	BONUS:COMBAT|AC|min(CHA, min(MXDXEN,MODEQUIPMAXDEX))|TYPE=Ability|PREVAREQ:ACStatIsCha,1

