# CVS $Revision: 25176 $ $Author: amaitland $ -- Wed Sep  3 00:18:24 2014 -- reformated by prettylst.pl v1.51 (build 24947)
SOURCELONG:Fantasy Craft
	SOURCESHORT:FC
	SOURCEDATE:2009-07
# Original Entry By: Dragon Dark Lord
# Original Entry Date: 2011-03-01

#Basic Core - All Classes
Default
	CATEGORY:Internal
	VISIBLE:NO
	AUTO:ARMORPROF|ARMORTYPE=Armor
	ABILITY:Special Ability|AUTOMATIC|Lifestyle ~ Display
	ABILITY:Internal|AUTOMATIC|Basic Natural Attack Output|Racial Traits
CATEGORY=Internal|Default.MOD
CATEGORY=Internal|Default.MOD	ABILITY:Internal|AUTOMATIC|Tracker ~ Proficiency|PRECHARACTERTYPE:1,PC|!PREABILITY:1,CATEGORY=Special Ability,TYPE.AltProfProgression
CATEGORY=Internal|Default.MOD	ABILITY:Internal|AUTOMATIC|Tracker ~ Interest|PRECHARACTERTYPE:1,PC|!PREABILITY:1,CATEGORY=Special Ability,TYPE.AltInterestProgression

CATEGORY=Internal|Default.MOD
	ABILITY:Internal|AUTOMATIC|1st Base Class|PRECLASS:1,TYPE.Base=1
1st Base Class
	CATEGORY:Internal
	TEMPLATE:Base Class Core Ability
#
CATEGORY=Internal|Default.MOD
	ABILITY:Internal|AUTOMATIC|Display Weapon Proficiency Groups
	ABILITY:Special Ability|AUTOMATIC|Granted Bow Proficiency|PREVARGTEQ:ProficiencyBowLvl,1
	ABILITY:Special Ability|AUTOMATIC|Granted Blunt Proficiency|PREVARGTEQ:ProficiencyBluntLvl,1
	ABILITY:Special Ability|AUTOMATIC|Granted Edged Proficiency|PREVARGTEQ:ProficiencyEdgedLvl,1
	ABILITY:Special Ability|AUTOMATIC|Granted Hurled Proficiency|PREVARGTEQ:ProficiencyHurledLvl,1
	ABILITY:Special Ability|AUTOMATIC|Granted Unarmed Proficiency|PREVARGTEQ:ProficiencyUnarmedLvl,1
	ABILITY:Special Ability|AUTOMATIC|Granted Siege Proficiency|PREVARGTEQ:ProficiencySiegeLvl,1
	ABILITY:Special Ability|AUTOMATIC|Granted Black Powder Proficiency|PREVARGTEQ:ProficiencyBlackPowderLvl,1
	ABILITY:Special Ability|AUTOMATIC|Granted Bow Forte|PREVARGTEQ:ProficiencyBowLvl,2
	ABILITY:Special Ability|AUTOMATIC|Granted Blunt Forte|PREVARGTEQ:ProficiencyBluntLvl,2
	ABILITY:Special Ability|AUTOMATIC|Granted Edged Forte|PREVARGTEQ:ProficiencyEdgedLvl,2
	ABILITY:Special Ability|AUTOMATIC|Granted Hurled Forte|PREVARGTEQ:ProficiencyHurledLvl,2
	ABILITY:Special Ability|AUTOMATIC|Granted Unarmed Forte|PREVARGTEQ:ProficiencyUnarmedLvl,2
	ABILITY:Special Ability|AUTOMATIC|Granted Siege Forte|PREVARGTEQ:ProficiencySiegeLvl,2
	ABILITY:Special Ability|AUTOMATIC|Granted Black Powder Forte|PREVARGTEQ:ProficiencyBlackPowderLvl,2
CATEGORY=Internal|Default.MOD
	ABILITY:Internal|AUTOMATIC|Crafting Base|PREBOOL:context("SKILL","Crafting",Rank>=1)
	ABILITY:Internal|AUTOMATIC|Ride Base|PREBOOL:context("SKILL","Ride",Rank>=1)
Display Weapon Proficiency Groups
	CATEGORY:Internal
	ABILITY:Special Ability|AUTOMATIC|TYPE=ProfOutput

#
Lifestyle
	KEY:Lifestyle ~ Display
	CATEGORY:Special Ability
	TYPE:SpecialQuality
	DESC:Lifestyle %1 == Panache %2 (%4, %5s)/ Prudence %3 (%6 pct)|LifestyleTotal|Panache|Prudence|(Panache+1)/3|Panache*10|15+(Prudence*5)
	MODIFY:ABILITYPOOL=Lifestyle|LifestyleScore
	MODIFY:VAR=LifestyleScore|SOLVE|CHA
	MODIFY:VAR=LifestyleTotal|SOLVE|Panache+Prudence

#
Panache
	KEY:Panache+1
	CATEGORY:Special Ability
	TYPE:LifestyleChoice
	STACK:YES
	MULT:YES
	CHOOSE:NOCHOICE
	MODIFY:VAR=Panache|ADD|1
Prudence
	KEY:Prudence+1
	CATEGORY:Special Ability
	TYPE:LifestyleChoice
	STACK:YES
	MULT:YES
	CHOOSE:NOCHOICE
	MODIFY:VAR=Prudence|ADD|1
#COMMENT: This changes the Description displays to the full content

Reputation
	KEY:Reputation Display
	CATEGORY:Special Ability
	DESC:%1|ReputationScore
	MODIFY:VAR=ReputationScore|SOLVE|TL*10

Renown
	CATEGORY:Internal
	ABILITY:Special Ability|AUTOMATIC|Heroic Title|PREBOOL:context("VAR",HeroicRenown>=1)
	ABILITY:Special Ability|AUTOMATIC|Military Title|PREBOOL:context("VAR",MilitaryRenown>=1)
	ABILITY:Special Ability|AUTOMATIC|Noble Title|PREBOOL:context("VAR",NobleRenown>=1)
	MODIFY:ABILITYPOOL=Renown Choice|RenownTotal
#
Heroic Title
	SORTKEY:ARenown
	CATEGORY:Special Ability
	TYPE:SpecialQuality.Renown.RenownTrackChoices
	DESC:Swordsman|PREBOOL:context("VAR",HeroicRenown==1)
	DESC:Adventurer|PREBOOL:context("VAR",HeroicRenown==2)
	DESC:Gallant|PREBOOL:context("VAR",HeroicRenown==3)
	DESC:Champion|PREBOOL:context("VAR",HeroicRenown==4)
	DESC:Knight Errant|PREBOOL:context("VAR",HeroicRenown==5)
	DESC:Knight|PREBOOL:context("VAR",HeroicRenown==6)
	DESC:Exemplar|PREBOOL:context("VAR",HeroicRenown==7)
	DESC:Knight Champion|PREBOOL:context("VAR",HeroicRenown==8)
	DESC:Dragon Slayer|PREBOOL:context("VAR",HeroicRenown==9)
	DESC:Savior of the Realm|PREBOOL:context("VAR",HeroicRenown>=10)
Military Title
	SORTKEY:ARenown
	CATEGORY:Special Ability
	TYPE:SpecialQuality.Renown.RenownTrackChoices
	DESC:Squire|PREBOOL:context("VAR",MilitaryRenown==1)
	DESC:Man-at-Arms|PREBOOL:context("VAR",MilitaryRenown==2)
	DESC:Corporal|PREBOOL:context("VAR",MilitaryRenown==3)
	DESC:Sergeant|PREBOOL:context("VAR",MilitaryRenown==4)
	DESC:Lieutenant|PREBOOL:context("VAR",MilitaryRenown==5)
	DESC:Captain|PREBOOL:context("VAR",MilitaryRenown==6)
	DESC:Major|PREBOOL:context("VAR",MilitaryRenown==7)
	DESC:Lieutenant General|PREBOOL:context("VAR",MilitaryRenown==8)
	DESC:General|PREBOOL:context("VAR",MilitaryRenown==9)
	DESC:Warlord|PREBOOL:context("VAR",MilitaryRenown>=10)
Noble Title
	SORTKEY:ARenown
	CATEGORY:Special Ability
	TYPE:SpecialQuality.Renown.RenownTrackChoices
	DESC:Lord|PREBOOL:context("VAR",NobleRenown==1)
	DESC:Baron|PREBOOL:context("VAR",NobleRenown==2)
	DESC:Viscount|PREBOOL:context("VAR",NobleRenown==3)
	DESC:Earl|PREBOOL:context("VAR",NobleRenown==4)
	DESC:Margrave|PREBOOL:context("VAR",NobleRenown==5)
	DESC:Marquis|PREBOOL:context("VAR",NobleRenown==6)
	DESC:Duke|PREBOOL:context("VAR",NobleRenown==7)
	DESC:Archduke|PREBOOL:context("VAR",NobleRenown==8)
	DESC:Monarch|PREBOOL:context("VAR",NobleRenown==9)
	DESC:Lord Sovereign|PREBOOL:context("VAR",NobleRenown>=10)
#
Heroic Renown Bonus +1
	CATEGORY:Special Ability
	TYPE:RenownTrackChoices
	STACK:YES
	MULT:YES
	CHOOSE:NOCHOICE
	MODIFY:VAR=HeroicRenown|ADD|1
Military Renown Bonus +1
	CATEGORY:Special Ability
	TYPE:RenownTrackChoices
	STACK:YES
	MULT:YES
	CHOOSE:NOCHOICE
	MODIFY:VAR=MilitaryRenown|ADD|1
Noble Renown Bonus +1
	CATEGORY:Special Ability
	TYPE:RenownTrackChoices
	STACK:YES
	MULT:YES
	CHOOSE:NOCHOICE
	MODIFY:VAR=NobleRenown|ADD|1
#

#-----------------------#
#
	Racial Abilities
	#
#-----------------------#

###Block: Universal Abilities
# Output Display
Bow
	KEY:Bow Proficiency Display
	SORTKEY:Proficiency_a1
	CATEGORY:Special Ability
	TYPE:ProfOutput
	ASPECT:Proficiency|%1|ProficiencyBowLvl
Blunt
	KEY:Blunt Proficiency Display
	SORTKEY:Proficiency_a3
	CATEGORY:Special Ability
	TYPE:ProfOutput
	ASPECT:Proficiency|%1|ProficiencyBluntLvl
Edged
	KEY:Edged Proficiency Display
	SORTKEY:Proficiency_a5
	CATEGORY:Special Ability
	TYPE:ProfOutput
	ASPECT:Proficiency|%1|ProficiencyEdgedLvl
Hurled
	KEY:Hurled Proficiency Display
	SORTKEY:Proficiency_a7
	CATEGORY:Special Ability
	TYPE:ProfOutput
	ASPECT:Proficiency|%1|ProficiencyHurledLvl
Unarmed
	KEY:Unarmed Proficiency Display
	SORTKEY:Proficiency_b3
	CATEGORY:Special Ability
	TYPE:ProfOutput
	ASPECT:Proficiency|%1|ProficiencyUnarmedLvl
Siege
	KEY:Siege Proficiency Display
	SORTKEY:Proficiency_b1
	CATEGORY:Special Ability
	TYPE:ProfOutput
	ASPECT:Proficiency|%1|ProficiencySiegeLvl
Black Powder
	KEY:Black Powder Proficiency Display
	SORTKEY:Proficiency_b5
	CATEGORY:Special Ability
	TYPE:ProfOutput
	ASPECT:Proficiency|%1|ProficiencyBlackPowderLvl


# These are the selection choices to grant Proficiency, the Granted do the actual work load.
Bow
	KEY:Bow Proficiency
	SORTKEY:Proficiency_a1
	CATEGORY:Special Ability
	TYPE:ProficiencyDisplay
	MODIFY:VAR=ProficiencyBowLvl|ADD|1
	ASPECT:Proficiency|1
Blunt
	KEY:Blunt Proficiency
	SORTKEY:Proficiency_a3
	CATEGORY:Special Ability
	TYPE:ProficiencyDisplay
	MODIFY:VAR=ProficiencyBluntLvl|ADD|1
Edged
	KEY:Edged Proficiency
	SORTKEY:Proficiency_a5
	CATEGORY:Special Ability
	TYPE:ProficiencyDisplay
	MODIFY:VAR=ProficiencyEdgedLvl|ADD|1
Hurled
	KEY:Hurled Proficiency
	SORTKEY:Proficiency_a7
	CATEGORY:Special Ability
	TYPE:ProficiencyDisplay
	MODIFY:VAR=ProficiencyHurledLvl|ADD|1
Unarmed
	KEY:Unarmed Proficiency
	SORTKEY:Proficiency_b3
	CATEGORY:Special Ability
	TYPE:ProficiencyDisplay
	MODIFY:VAR=ProficiencyUnarmedLvl|ADD|1

# Weapon Forte's
Bow Forte
	KEY:Bow Forte
	SORTKEY:Proficiency_a2
	CATEGORY:Special Ability
	TYPE:ProficiencyDisplay
	PREABILITY:1,CATEGORY=Special Ability,Bow Proficiency
	AUTO:WEAPONPROF|TYPE=BowForte
	MODIFY:VAR=ProficiencyBowLvl|ADD|1
Blunt Forte
	KEY:Blunt Forte
	SORTKEY:Proficiency_a4
	CATEGORY:Special Ability
	TYPE:ProficiencyDisplay
	PREABILITY:1,CATEGORY=Special Ability,Blunt Proficiency
	AUTO:WEAPONPROF|TYPE=BluntForte
	MODIFY:VAR=ProficiencyBluntLvl|ADD|1
Edged Forte
	KEY:Edged Forte
	SORTKEY:Proficiency_a6
	CATEGORY:Special Ability
	TYPE:ProficiencyDisplay
	PREABILITY:1,CATEGORY=Special Ability,Edged Proficiency
	AUTO:WEAPONPROF|TYPE=EdgedForte
	MODIFY:VAR=ProficiencyEdgedLvl|ADD|1
Hurled Forte
	KEY:Hurled Forte
	SORTKEY:Proficiency_a8
	CATEGORY:Special Ability
	TYPE:ProficiencyDisplay
	PREABILITY:1,CATEGORY=Special Ability,Hurled Proficiency
	AUTO:WEAPONPROF|TYPE=HurledForte
	MODIFY:VAR=ProficiencyHurledLvl|ADD|1
Unarmed Forte
	KEY:Unarmed Forte
	SORTKEY:Proficiency_b4
	CATEGORY:Special Ability
	TYPE:ProficiencyDisplay
	PREABILITY:1,CATEGORY=Special Ability,Unarmed Proficiency
	AUTO:WEAPONPROF|TYPE=UnarmedForte
	MODIFY:VAR=ProficiencyUnarmedLvl|ADD|1


# Included for PREREQ Purposes, but not enabled due to errors generated if missing the actual items.
Siege
	KEY:Siege Proficiency
	SORTKEY:Proficiency_b1
	CATEGORY:Special Ability
	MODIFY:VAR=ProficiencySiegeLvl|ADD|1
Black Powder
	KEY:Black Powder Proficiency
	SORTKEY:Proficiency_b5
	CATEGORY:Special Ability
	MODIFY:VAR=ProficiencyBlackPowderLvl|ADD|1
#
Siege Forte
	KEY:Siege Forte
	SORTKEY:Proficiency_b2
	CATEGORY:Special Ability
	PREABILITY:1,CATEGORY=Special Ability,Siege Proficiency
	MODIFY:VAR=ProficiencySiegeLvl|ADD|1
Black Powder Forte
	KEY:Black Powder Forte
	SORTKEY:Proficiency_b6
	CATEGORY:Special Ability
	PREABILITY:1,CATEGORY=Special Ability,Black Powder Proficiency
	MODIFY:VAR=ProficiencyBlackPowderLvl|ADD|1


# Weapon Proficiencies ~ Actual Ability
# Ability Name
	Unique Key
	SORTKEY
	Category of Ability
	Type
	Required Ability
	Define
	Auto Weapon Prof
	Modify VAR
	Weapon prof. bonus
	Aspects
Bow
	KEY:Granted Bow Proficiency
	SORTKEY:Proficiency_a1
	CATEGORY:Special Ability
	TYPE:Proficiency
	AUTO:WEAPONPROF|Bow|TYPE=Bow
Blunt
	KEY:Granted Blunt Proficiency
	SORTKEY:Proficiency_a3
	CATEGORY:Special Ability
	TYPE:Proficiency
	AUTO:WEAPONPROF|Blunt|TYPE=Blunt
Edged
	KEY:Granted Edged Proficiency
	SORTKEY:Proficiency_a5
	CATEGORY:Special Ability
	TYPE:Proficiency
	AUTO:WEAPONPROF|Edged|TYPE=Edged
Hurled
	KEY:Granted Hurled Proficiency
	SORTKEY:Proficiency_a7
	CATEGORY:Special Ability
	TYPE:Proficiency
	AUTO:WEAPONPROF|Hurled|TYPE=Hurled
Unarmed
	KEY:Granted Unarmed Proficiency
	SORTKEY:Proficiency_b3
	CATEGORY:Special Ability
	TYPE:Proficiency
	AUTO:WEAPONPROF|Unarmed|TYPE=Unarmed
# Weapon Forte
Bow Forte
	KEY:Granted Bow Forte
	SORTKEY:Proficiency_a2
	CATEGORY:Special Ability
	TYPE:Proficiency.Forte.BowForte
	PREABILITY:1,CATEGORY=Special Ability,Bow Proficiency
	AUTO:WEAPONPROF|TYPE=BowForte
	MODIFYOTHER:EQUIPMENT|GROUP=Bow|ToHit|ADD|1
	MODIFYOTHER:EQUIPMENT|GROUP=BowForte|ToHit|ADD|1
Blunt Forte
	KEY:Granted Blunt Forte
	SORTKEY:Proficiency_a4
	CATEGORY:Special Ability
	TYPE:Proficiency.Forte.BluntForte
	PREABILITY:1,CATEGORY=Special Ability,Blunt Proficiency
	AUTO:WEAPONPROF|TYPE=BluntForte
	MODIFYOTHER:EQUIPMENT|GROUP=Blunt|ToHit|ADD|1
	MODIFYOTHER:EQUIPMENT|GROUP=BluntForte|ToHit|ADD|1
Edged Forte
	KEY:Granted Edged Forte
	SORTKEY:Proficiency_a6
	CATEGORY:Special Ability
	TYPE:Proficiency.Forte.EdgedForte
	PREABILITY:1,CATEGORY=Special Ability,Edged Proficiency
	AUTO:WEAPONPROF|TYPE=EdgedForte
	MODIFYOTHER:EQUIPMENT|GROUP=Edged|ToHit|ADD|1
	MODIFYOTHER:EQUIPMENT|GROUP=EdgedForte|ToHit|ADD|1
Hurled Forte
	KEY:Granted Hurled Forte
	SORTKEY:Proficiency_a8
	CATEGORY:Special Ability
	TYPE:Proficiency.Forte.HurledForte
	PREABILITY:1,CATEGORY=Special Ability,Hurled Proficiency
	AUTO:WEAPONPROF|TYPE=HurledForte
	MODIFYOTHER:EQUIPMENT|GROUP=Hurled|ToHit|ADD|1
	MODIFYOTHER:EQUIPMENT|GROUP=HurledForte|ToHit|ADD|1
Unarmed Forte
	KEY:Granted Unarmed Forte
	SORTKEY:Proficiency_b4
	CATEGORY:Special Ability
	TYPE:Proficiency.Forte.UnarmedForte
	PREABILITY:1,CATEGORY=Special Ability,Unarmed Proficiency
	AUTO:WEAPONPROF|TYPE=UnarmedForte
	MODIFYOTHER:EQUIPMENT|GROUP=Unarmed|ToHit|ADD|1
	MODIFYOTHER:EQUIPMENT|GROUP=UnarmedForte|ToHit|ADD|1

# Included for PREREQ Purposes, but not enabled due to errors generated if missing the actual items.
Siege
	KEY:Granted Siege Proficiency
	SORTKEY:Proficiency_b1
	CATEGORY:Special Ability
Black Powder
	KEY:Granted Black Powder Proficiency
	SORTKEY:Proficiency_b5
	CATEGORY:Special Ability
#
Siege Forte
	KEY:Granted Siege Forte
	SORTKEY:Proficiency_b2
	CATEGORY:Special Ability
	TYPE:Forte.SiegeForte
	PREABILITY:1,CATEGORY=Special Ability,Siege Proficiency
Black Powder Forte
	KEY:Granted Black Powder Forte
	SORTKEY:Proficiency_b6
	CATEGORY:Special Ability
	TYPE:Forte.BlackPowderForte
	PREABILITY:1,CATEGORY=Special Ability,Black Powder Proficiency


###Block: Origin Skills
# Ability Name
	Unique Key
	Category of Ability
	Type
	Class Skill
Acrobatics
	KEY:Acrobatics ~ Origin Skill
	CATEGORY:Special Ability
	TYPE:OriginSkill
	CSKILL:Acrobatics
Athletics
	KEY:Athletics ~ Origin Skill
	CATEGORY:Special Ability
	TYPE:OriginSkill
	CSKILL:Athletics
Blend
	KEY:Blend ~ Origin Skill
	CATEGORY:Special Ability
	TYPE:OriginSkill
	CSKILL:Blend
Bluff
	KEY:Bluff ~ Origin Skill
	CATEGORY:Special Ability
	TYPE:OriginSkill
	CSKILL:Bluff
Crafting
	KEY:Crafting ~ Origin Skill
	CATEGORY:Special Ability
	TYPE:OriginSkill
	CSKILL:Crafting
Disguise
	KEY:Disguise ~ Origin Skill
	CATEGORY:Special Ability
	TYPE:OriginSkill
	CSKILL:Disguise
Haggle
	KEY:Haggle ~ Origin Skill
	CATEGORY:Special Ability
	TYPE:OriginSkill
	CSKILL:Haggle
Impress
	KEY:Impress ~ Origin Skill
	CATEGORY:Special Ability
	TYPE:OriginSkill
	CSKILL:Impress
Intimidate
	KEY:Intimidate ~ Origin Skill
	CATEGORY:Special Ability
	TYPE:OriginSkill
	CSKILL:Intimidate
Investigate
	KEY:Investigate ~ Origin Skill
	CATEGORY:Special Ability
	TYPE:OriginSkill
	CSKILL:Investigate
Medicine
	KEY:Medicine ~ Origin Skill
	CATEGORY:Special Ability
	TYPE:OriginSkill
	CSKILL:Medicine
Notice
	KEY:Notice ~ Origin Skill
	CATEGORY:Special Ability
	TYPE:OriginSkill
	CSKILL:Notice
Prestidigitation
	KEY:Prestidigitation ~ Origin Skill
	CATEGORY:Special Ability
	TYPE:OriginSkill
	CSKILL:Prestidigitation
Resolve
	KEY:Resolve ~ Origin Skill
	CATEGORY:Special Ability
	TYPE:OriginSkill
	CSKILL:Resolve
Ride
	KEY:Ride ~ Origin Skill
	CATEGORY:Special Ability
	TYPE:OriginSkill
	CSKILL:Ride
Search
	KEY:Search ~ Origin Skill
	CATEGORY:Special Ability
	TYPE:OriginSkill
	CSKILL:Search
Sense Motive
	KEY:Sense Motive ~ Origin Skill
	CATEGORY:Special Ability
	TYPE:OriginSkill
	CSKILL:Sense Motive
Sneak
	KEY:Sneak ~ Origin Skill
	CATEGORY:Special Ability
	TYPE:OriginSkill
	CSKILL:Sneak
Survival
	KEY:Survival ~ Origin Skill
	CATEGORY:Special Ability
	TYPE:OriginSkill
	CSKILL:Survival
Tactics
	KEY:Tactics ~ Origin Skill
	CATEGORY:Special Ability
	TYPE:OriginSkill
	CSKILL:Tactics

###Block: Prodigal Skills
Acrobatics
	KEY:Acrobatics ~ Prodigal Skill
	CATEGORY:Special Ability
	TYPE:ProdigalSkill
	ABILITY:Special Ability|AUTOMATIC|Acrobatics ~ Origin Skill
	MODIFYOTHER:SKILL|Acrobatics|MaxRank|ADD|3
Athletics
	KEY:Athletics ~ Prodigal Skill
	CATEGORY:Special Ability
	TYPE:ProdigalSkill
	ABILITY:Special Ability|AUTOMATIC|Athletics ~ Origin Skill
	MODIFYOTHER:SKILL|Athletics|MaxRank|ADD|3
Blend
	KEY:Blend ~ Prodigal Skill
	CATEGORY:Special Ability
	TYPE:ProdigalSkill
	ABILITY:Special Ability|AUTOMATIC|Blend ~ Origin Skill
	MODIFYOTHER:SKILL|Blend|MaxRank|ADD|3
Bluff
	KEY:Bluff ~ Prodigal Skill
	CATEGORY:Special Ability
	TYPE:ProdigalSkill
	ABILITY:Special Ability|AUTOMATIC|Bluff ~ Origin Skill
	MODIFYOTHER:SKILL|Bluff|MaxRank|ADD|3
Crafting
	KEY:Crafting ~ Prodigal Skill
	CATEGORY:Special Ability
	TYPE:ProdigalSkill
	ABILITY:Special Ability|AUTOMATIC|Crafting ~ Origin Skill
	MODIFYOTHER:SKILL|Crafting|MaxRank|ADD|3
Disguise
	KEY:Disguise ~ Prodigal Skill
	CATEGORY:Special Ability
	TYPE:ProdigalSkill
	ABILITY:Special Ability|AUTOMATIC|Disguise ~ Origin Skill
	MODIFYOTHER:SKILL|Disguise|MaxRank|ADD|3
Haggle
	KEY:Haggle ~ Prodigal Skill
	CATEGORY:Special Ability
	TYPE:ProdigalSkill
	ABILITY:Special Ability|AUTOMATIC|Haggle ~ Origin Skill
	MODIFYOTHER:SKILL|Haggle|MaxRank|ADD|3
Impress
	KEY:Impress ~ Prodigal Skill
	CATEGORY:Special Ability
	TYPE:ProdigalSkill
	ABILITY:Special Ability|AUTOMATIC|Impress ~ Origin Skill
	MODIFYOTHER:SKILL|Impress|MaxRank|ADD|3
Intimidate
	KEY:Intimidate ~ Prodigal Skill
	CATEGORY:Special Ability
	TYPE:ProdigalSkill
	ABILITY:Special Ability|AUTOMATIC|Intimidate ~ Origin Skill
	MODIFYOTHER:SKILL|Intimidate|MaxRank|ADD|3
Investigate
	KEY:Investigate ~ Prodigal Skill
	CATEGORY:Special Ability
	TYPE:ProdigalSkill
	ABILITY:Special Ability|AUTOMATIC|Investigate ~ Origin Skill
	MODIFYOTHER:SKILL|Investigate|MaxRank|ADD|3
Medicine
	KEY:Medicine ~ Prodigal Skill
	CATEGORY:Special Ability
	TYPE:ProdigalSkill
	ABILITY:Special Ability|AUTOMATIC|Medicine ~ Origin Skill
	MODIFYOTHER:SKILL|Medicine|MaxRank|ADD|3
Notice
	KEY:Notice ~ Prodigal Skill
	CATEGORY:Special Ability
	TYPE:ProdigalSkill
	ABILITY:Special Ability|AUTOMATIC|Notice ~ Origin Skill
	MODIFYOTHER:SKILL|Notice|MaxRank|ADD|3
Prestidigitation
	KEY:Prestidigitation ~ Prodigal Skill
	CATEGORY:Special Ability
	TYPE:ProdigalSkill
	ABILITY:Special Ability|AUTOMATIC|Prestidigitation ~ Origin Skill
	MODIFYOTHER:SKILL|Prestidigitation|MaxRank|ADD|3
Resolve
	KEY:Resolve ~ Prodigal Skill
	CATEGORY:Special Ability
	TYPE:ProdigalSkill
	ABILITY:Special Ability|AUTOMATIC|Resolve ~ Origin Skill
	MODIFYOTHER:SKILL|Resolve|MaxRank|ADD|3
Ride
	KEY:Ride ~ Prodigal Skill
	CATEGORY:Special Ability
	TYPE:ProdigalSkill
	ABILITY:Special Ability|AUTOMATIC|Ride ~ Origin Skill
	MODIFYOTHER:SKILL|Ride|MaxRank|ADD|3
Search
	KEY:Search ~ Prodigal Skill
	CATEGORY:Special Ability
	TYPE:ProdigalSkill
	ABILITY:Special Ability|AUTOMATIC|Search ~ Origin Skill
	MODIFYOTHER:SKILL|Search|MaxRank|ADD|3
Sense Motive
	KEY:Sense ~ Prodigal Skill
	CATEGORY:Special Ability
	TYPE:ProdigalSkill
	ABILITY:Special Ability|AUTOMATIC|Sense Motive ~ Origin Skill
	MODIFYOTHER:SKILL|Sense Motive|MaxRank|ADD|3
Sneak
	KEY:Sneak ~ Prodigal Skill
	CATEGORY:Special Ability
	TYPE:ProdigalSkill
	ABILITY:Special Ability|AUTOMATIC|Sneak ~ Origin Skill
	MODIFYOTHER:SKILL|Sneak|MaxRank|ADD|3
Survival
	KEY:Survival ~ Prodigal Skill
	CATEGORY:Special Ability
	TYPE:ProdigalSkill
	ABILITY:Special Ability|AUTOMATIC|Survival ~ Origin Skill
	MODIFYOTHER:SKILL|Survival|MaxRank|ADD|3
Tactics
	KEY:Tactics ~ Prodigal Skill
	CATEGORY:Special Ability
	TYPE:ProdigalSkill
	ABILITY:Special Ability|AUTOMATIC|Tactics ~ Origin Skill
	MODIFYOTHER:SKILL|Tactics|MaxRank|ADD|3


###Block: Positive Stat Choices
+2 Strength
	KEY:Strength +2
	SORTKEY:STAT_1A
	CATEGORY:Special Ability
	TYPE:PositiveStatChoice.DrakeChoice
	MODIFYOTHER:STAT|Strength|BaseValue|ADD|2
+2 Dexterity
	KEY:Dexterity +2
	SORTKEY:STAT_1B
	CATEGORY:Special Ability
	TYPE:PositiveStatChoice
	MODIFYOTHER:STAT|DEX|BaseValue|ADD|2
+2 Constitution
	KEY:Constitution +2
	SORTKEY:STAT_1C
	CATEGORY:Special Ability
	TYPE:PositiveStatChoice
	MODIFYOTHER:STAT|CON|BaseValue|ADD|2
+2 Intelligence
	KEY:Intelligence +2
	SORTKEY:STAT_1D
	CATEGORY:Special Ability
	TYPE:PositiveStatChoice.DrakeChoice
	MODIFYOTHER:STAT|INT|BaseValue|ADD|2
+2 Wisdom
	KEY:Wisdom +2
	SORTKEY:STAT_1E
	CATEGORY:Special Ability
	TYPE:PositiveStatChoice
	MODIFYOTHER:STAT|WIS|BaseValue|ADD|2
+2 Charisma
	KEY:Charisma +2
	SORTKEY:STAT_1F
	CATEGORY:Special Ability
	TYPE:PositiveStatChoice
	MODIFYOTHER:STAT|CHA|BaseValue|ADD|2

# Low Score Pairings
+1 Intelligence
	KEY:Low Stat ~ INT
	SORTKEY:STAT_1D
	CATEGORY:Special Ability
	TYPE:LowerOfIntCha
	PREMULT:1,[PREVARLTEQ:INTSCORE,CHASCORE],[PREVAREQ:INTSCORE,CHASCORE]
	STACK:YES
	MULT:YES
	CHOOSE:NOCHOICE
	MODIFYOTHER:STAT|INT|BaseValue|ADD|1
+1 Charisma
	KEY:Low Stat ~ CHA
	SORTKEY:STAT_1F
	CATEGORY:Special Ability
	TYPE:LowerOfIntCha
	PREMULT:1,[PREVARLTEQ:CHASCORE,INTSCORE],[PREVAREQ:CHASCORE,INTSCORE]
	STACK:YES
	MULT:YES
	CHOOSE:NOCHOICE
	MODIFYOTHER:STAT|CHA|BaseValue|ADD|1
#
+1 Constitution
	KEY:Low Stat ~ CON
	SORTKEY:STAT_1C
	CATEGORY:Special Ability
	TYPE:LowerOfStrCon
	PREMULT:1,[PREVARLTEQ:CONSCORE,STRSCORE],[PREVAREQ:CONSCORE,STRSCORE]
	STACK:YES
	MULT:YES
	CHOOSE:NOCHOICE
	MODIFYOTHER:STAT|INT|BaseValue|ADD|1
+1 Strength
	KEY:Low Stat ~ STR
	SORTKEY:STAT_1A
	CATEGORY:Special Ability
	TYPE:LowerOfStrCon
	PREMULT:1,[PREVARLTEQ:STRSCORE,CONSCORE],[PREVAREQ:STRSCORE,CONSCORE]
	STACK:YES
	MULT:YES
	CHOOSE:NOCHOICE
	MODIFYOTHER:STAT|CHA|BaseValue|ADD|1

# High Score Pairings
+1 INT
	KEY:High Stat ~ INT
	SORTKEY:STAT_1D
	CATEGORY:Special Ability
	TYPE:ChooseHighestOfIntWisCha
	PREVARGTEQ:INTSCORE,WISSCORE,INTSCORE,CHASCORE
	STACK:YES
	MULT:YES
	CHOOSE:NOCHOICE
	MODIFYOTHER:STAT|INT|BaseValue|ADD|1
+1 WIS
	KEY:High Stat ~ WIS
	SORTKEY:STAT_1E
	CATEGORY:Special Ability
	TYPE:ChooseHighestOfIntWisCha
	PREVARGTEQ:WISSCORE,INTSCORE,WISSCORE,CHASCORE
	STACK:YES
	MULT:YES
	CHOOSE:NOCHOICE
	MODIFYOTHER:STAT|WIS|BaseValue|ADD|1
+1 CHA
	KEY:High Stat ~ CHA
	SORTKEY:STAT_1F
	CATEGORY:Special Ability
	TYPE:ChooseHighestOfIntWisCha
	PREVARGTEQ:CHASCORE,WISSCORE,CHASCORE,INTSCORE
	STACK:YES
	MULT:YES
	CHOOSE:NOCHOICE
	MODIFYOTHER:STAT|CHA|BaseValue|ADD|1

# Negative Stat Choices
-2 Strength
	KEY:Strength -2
	SORTKEY:STAT_2A
	CATEGORY:Special Ability
	TYPE:NegativeStatChoice
-2 Dexterity
	KEY:Dexterity -2
	SORTKEY:STAT_2B
	CATEGORY:Special Ability
	TYPE:NegativeStatChoice
-2 Constitution
	KEY:Constitution -2
	SORTKEY:STAT_2C
	CATEGORY:Special Ability
	TYPE:NegativeStatChoice
-2 Intelligence
	KEY:Intelligence -2
	SORTKEY:STAT_2D
	CATEGORY:Special Ability
	TYPE:NegativeStatChoice
-2 Wisdom
	KEY:Wisdom -2
	SORTKEY:STAT_2E
	CATEGORY:Special Ability
	TYPE:NegativeStatChoice
-2 Charisma
	KEY:Charisma -2
	SORTKEY:STAT_2F
	CATEGORY:Special Ability
	TYPE:NegativeStatChoice

###Block: Common Abilities:
Cold-Blooded
	CATEGORY:Special Ability
	TYPE:SpecialQuality
Darkvision
	CATEGORY:Internal
	TYPE:SpecialQuality
	ABILITY:Special Ability|AUTOMATIC|Darkvision I|PREBOOL:context("VAR",DarkvisionLvl==1)
	ABILITY:Special Ability|AUTOMATIC|Darkvision II|PREBOOL:context("VAR",DarkvisionLvl>=2)
# - Display
Darkvision I
	CATEGORY:Special Ability
	TYPE:SpecialQuality
Darkvision II
	CATEGORY:Special Ability
	TYPE:SpecialQuality

Thick Hide
	CATEGORY:Internal
	DEFINE:ThickHideLvl|0
	DEFINE:ThickHideTakenCount|0
	DESC:+%1|ThickHideLvl
	ABILITY:Special Ability|AUTOMATIC|Thick Hide I|PREVAREQ:ThickHideLvl,1
	ABILITY:Special Ability|AUTOMATIC|Thick Hide II|PREVAREQ:ThickHideLvl,2
	ABILITY:Special Ability|AUTOMATIC|Thick Hide III|PREVAREQ:ThickHideLvl,3
	ABILITY:Special Ability|AUTOMATIC|Thick Hide IV|PREVAREQ:ThickHideLvl,4
	ABILITY:Special Ability|AUTOMATIC|Thick Hide V|PREVAREQ:ThickHideLvl,5
	ABILITY:Special Ability|AUTOMATIC|Thick Hide VI|PREVAREQ:ThickHideLvl,6
	ABILITY:Special Ability|AUTOMATIC|Thick Hide VII|PREVAREQ:ThickHideLvl,7
	ABILITY:Special Ability|AUTOMATIC|Thick Hide VIII|PREVAREQ:ThickHideLvl,8
	ABILITY:Special Ability|AUTOMATIC|Thick Hide IX|PREVAREQ:ThickHideLvl,9
	ABILITY:Special Ability|AUTOMATIC|Thick Hide X|PREVAREQ:ThickHideLvl,10
	MODIFY:VAR=ThickHideLvl|SOLVE|value+(ThickHideTakenCount-1)
	DR:ThickHideLvl/-
# Actual Ability - Does the Calculations
Thick Hide 1
	SORTKEY:ThickHide_a
	CATEGORY:Special Ability
	TYPE:SpecialQuality.ThickHide
	STACK:YES
	MULT:YES
	CHOOSE:NOCHOICE
	ABILITY:Internal|AUTOMATIC|Thick Hide
	MODIFY:VAR=ThickHideLvl|MAX|1
	MODIFY:VAR=ThickHideTakenCount|ADD|1

Thick Hide 2
	SORTKEY:ThickHide_b
	CATEGORY:Special Ability
	TYPE:SpecialQuality.ThickHide
	STACK:YES
	MULT:YES
	CHOOSE:NOCHOICE
	ABILITY:Internal|AUTOMATIC|Thick Hide
	MODIFY:VAR=ThickHideLvl|MAX|2
Thick Hide 3
	SORTKEY:ThickHide_c
	CATEGORY:Special Ability
	TYPE:SpecialQuality.ThickHide
	STACK:YES
	MULT:YES
	CHOOSE:NOCHOICE
	ABILITY:Internal|AUTOMATIC|Thick Hide
	MODIFY:VAR=ThickHideLvl|MAX|3
Thick Hide 4
	SORTKEY:ThickHide_d
	CATEGORY:Special Ability
	TYPE:SpecialQuality.ThickHide
	STACK:YES
	MULT:YES
	CHOOSE:NOCHOICE
	ABILITY:Internal|AUTOMATIC|Thick Hide
	MODIFY:VAR=ThickHideLvl|MAX|4
Thick Hide 5
	SORTKEY:ThickHide_e
	CATEGORY:Special Ability
	TYPE:SpecialQuality.ThickHide
	STACK:YES
	MULT:YES
	CHOOSE:NOCHOICE
	ABILITY:Internal|AUTOMATIC|Thick Hide
	MODIFY:VAR=ThickHideLvl|MAX|5
Thick Hide 6
	SORTKEY:ThickHide_f
	CATEGORY:Special Ability
	TYPE:SpecialQuality.ThickHide
	STACK:YES
	MULT:YES
	CHOOSE:NOCHOICE
	ABILITY:Internal|AUTOMATIC|Thick Hide
	MODIFY:VAR=ThickHideLvl|MAX|6
Thick Hide 7
	SORTKEY:ThickHide_g
	CATEGORY:Special Ability
	TYPE:SpecialQuality.ThickHide
	STACK:YES
	MULT:YES
	CHOOSE:NOCHOICE
	ABILITY:Internal|AUTOMATIC|Thick Hide
	MODIFY:VAR=ThickHideLvl|MAX|7
Thick Hide 8
	SORTKEY:ThickHide_h
	CATEGORY:Special Ability
	TYPE:SpecialQuality.ThickHide
	STACK:YES
	MULT:YES
	CHOOSE:NOCHOICE
	ABILITY:Internal|AUTOMATIC|Thick Hide
	MODIFY:VAR=ThickHideLvl|MAX|9
Thick Hide 9
	SORTKEY:ThickHide_i
	CATEGORY:Special Ability
	TYPE:SpecialQuality.ThickHide
	STACK:YES
	MULT:YES
	CHOOSE:NOCHOICE
	ABILITY:Internal|AUTOMATIC|Thick Hide
	MODIFY:VAR=ThickHideLvl|MAX|9
Thick Hide 10
	SORTKEY:ThickHide_j
	CATEGORY:Special Ability
	TYPE:SpecialQuality.ThickHide
	STACK:YES
	MULT:YES
	CHOOSE:NOCHOICE
	ABILITY:Internal|AUTOMATIC|Thick Hide
	MODIFY:VAR=ThickHideLvl|MAX|10
# Display Option:
Thick Hide I
	SORTKEY:ThickHide
	CATEGORY:Special Ability
	TYPE:SpecialQuality
Thick Hide II
	SORTKEY:ThickHide
	CATEGORY:Special Ability
	TYPE:SpecialQuality
Thick Hide III
	SORTKEY:ThickHide
	CATEGORY:Special Ability
	TYPE:SpecialQuality
Thick Hide IV
	SORTKEY:ThickHide
	CATEGORY:Special Ability
	TYPE:SpecialQuality
Thick Hide V
	SORTKEY:ThickHide
	CATEGORY:Special Ability
	TYPE:SpecialQuality
Thick Hide VI
	SORTKEY:ThickHide
	CATEGORY:Special Ability
	TYPE:SpecialQuality
Thick Hide VII
	SORTKEY:ThickHide
	CATEGORY:Special Ability
	TYPE:SpecialQuality
Thick Hide VIII
	SORTKEY:ThickHide
	CATEGORY:Special Ability
	TYPE:SpecialQuality
Thick Hide IX
	SORTKEY:ThickHide
	CATEGORY:Special Ability
	TYPE:SpecialQuality
Thick Hide X
	SORTKEY:ThickHide
	CATEGORY:Special Ability
	TYPE:SpecialQuality
#
Lumbering
	CATEGORY:Special Ability
	TYPE:SpecialQuality.Weakness
Improved Stability
	CATEGORY:Special Ability
	TYPE:SpecialQuality
Light-Sensitive
	CATEGORY:Special Ability
	TYPE:SpecialQuality.Weakness
Agile Defense
	CATEGORY:Special Ability
	TYPE:SpecialQuality
	BONUS:COMBAT|AC|1|TYPE=DefenseBase.STACK
#
Natural Defense (Lethal)
	CATEGORY:Special Ability
	TYPE:SpecialQuality
#
Achilles Heel (Cold)
	CATEGORY:Special Ability
	TYPE:SpecialQuality.Weakness
	SOURCEPAGE:p.230
Achilles Heel (Electricity)
	CATEGORY:Special Ability
	TYPE:SpecialQuality.Weakness
	SOURCEPAGE:p.230
Achilles Heel (Sonic)
	CATEGORY:Special Ability
	TYPE:SpecialQuality.Weakness
	SOURCEPAGE:p.230

# Resistances - Base Ability
Bang Resistance
	CATEGORY:Special Ability
	ABILITY:Special Ability|AUTOMATIC|Bang ~ Display|!PREABILITY:1,CATEGORY=Special Ability,Immunity to Bang Damage
Blunt Resistance
	CATEGORY:Special Ability
	ABILITY:Special Ability|AUTOMATIC|Blunt ~ Display|!PREABILITY:1,CATEGORY=Special Ability,Immunity to Blunt Damage
Cold Resistance
	CATEGORY:Special Ability
	ABILITY:Special Ability|AUTOMATIC|Cold ~ Display|!PREABILITY:1,CATEGORY=Special Ability,Immunity to Cold Damage
Divine Resistance
	CATEGORY:Special Ability
	ABILITY:Special Ability|AUTOMATIC|Divine ~ Display|!PREABILITY:1,CATEGORY=Special Ability,Immunity to Divine Damage
Edged Resistance
	CATEGORY:Special Ability
	ABILITY:Special Ability|AUTOMATIC|Edged ~ Display|!PREABILITY:1,CATEGORY=Special Ability,Immunity to Edged Damage
Electrical Resistance
	CATEGORY:Special Ability
	ABILITY:Special Ability|AUTOMATIC|Electrical ~ Display|!PREABILITY:1,CATEGORY=Special Ability,Immunity to Electrical Damage
Falling Resistance
	CATEGORY:Special Ability
	ABILITY:Special Ability|AUTOMATIC|Falling ~ Display|!PREABILITY:1,CATEGORY=Special Ability,Immunity to Falling Damage
Flash Resistance
	CATEGORY:Special Ability
	ABILITY:Special Ability|AUTOMATIC|Flash ~ Display|!PREABILITY:1,CATEGORY=Special Ability,Immunity to Flash Damage
Fire Resistance
	CATEGORY:Special Ability
	ABILITY:Special Ability|AUTOMATIC|Fire ~ Display|!PREABILITY:1,CATEGORY=Special Ability,Immunity to Fire Damage
Ranged Resistance
	CATEGORY:Special Ability
	ABILITY:Special Ability|AUTOMATIC|Ranged ~ Display|!PREABILITY:1,CATEGORY=Special Ability,Immunity to Ranged Damage
Heat Resistance
	CATEGORY:Special Ability
	ABILITY:Special Ability|AUTOMATIC|Heat ~ Display|!PREABILITY:1,CATEGORY=Special Ability,Immunity to Heat Damage
Spirit Resistance
	CATEGORY:Special Ability
	ABILITY:Special Ability|AUTOMATIC|Spirit ~ Display|!PREABILITY:1,CATEGORY=Special Ability,Immunity to Spirit Damage


# Resistance Output Display - Reduce Potential Clutter - These display unless the character is immune to the listed resistance
Bang Resistance
	KEY:Bang ~ Display
	CATEGORY:Special Ability
	TYPE:SpecialQuality.Resistance
	DESC:%1|BangResistanceBonus
Blunt Resistance
	KEY:Blunt ~ Display
	CATEGORY:Special Ability
	TYPE:SpecialQuality.Resistance
	DESC:%1|BluntResistanceBonus
Cold Resistance
	KEY:Cold ~ Display
	CATEGORY:Special Ability
	TYPE:SpecialQuality.Resistance
	DESC:%1|ColdResistanceBonus
Divine Resistance
	KEY:Divine ~ Display
	CATEGORY:Special Ability
	TYPE:SpecialQuality.Resistance
	DESC:%1|DivineResistanceBonus
Edged Resistance
	KEY:Edged ~ Display
	CATEGORY:Special Ability
	TYPE:SpecialQuality.Resistance
	DESC:%1|EdgedResistanceBonus
Electrical Resistance
	KEY:Electrical ~ Display
	CATEGORY:Special Ability
	TYPE:SpecialQuality.Resistance
	DESC:%1|ElectricalResistanceBonus
Falling Resistance
	KEY:Falling ~ Display
	CATEGORY:Special Ability
	TYPE:SpecialQuality.Resistance
	DESC:%1|FallingResistanceBonus
Flash Resistance
	KEY:Flash ~ Display
	CATEGORY:Special Ability
	TYPE:SpecialQuality.Resistance
	DESC:%1|FlashResistanceBonus
Fire Resistance
	KEY:Fire ~ Display
	CATEGORY:Special Ability
	TYPE:SpecialQuality.Resistance
	DESC:%1|FireResistanceBonus
Ranged Resistance
	KEY:Ranged ~ Display
	CATEGORY:Special Ability
	TYPE:SpecialQuality.Resistance
	DESC:%1|RangedResistanceBonus
Heat Resistance
	KEY:Heat ~ Display
	CATEGORY:Special Ability
	TYPE:SpecialQuality.Resistance
	DESC:%1|HeatResistanceBonus
Spirit Resistance
	KEY:Spirit ~ Display
	CATEGORY:Special Ability
	TYPE:SpecialQuality.Resistance
	DESC:%1|SpiritResistanceBonus
#
Immunity to Bang Damage
	CATEGORY:Special Ability
	TYPE:SpecialQuality.Immunity
Immunity to Blunt Damage
	CATEGORY:Special Ability
	TYPE:SpecialQuality.Immunity
Immunity to Cold Damage
	CATEGORY:Special Ability
	TYPE:SpecialQuality.Immunity
Immunity to Divine Damage
	CATEGORY:Special Ability
	TYPE:SpecialQuality.Immunity
Immunity to Edged Damage
	CATEGORY:Special Ability
	TYPE:SpecialQuality.Immunity
Immunity to Electrical Damage
	CATEGORY:Special Ability
	TYPE:SpecialQuality.Immunity
Immunity to Falling Damage
	CATEGORY:Special Ability
	TYPE:SpecialQuality.Immunity
Immunity to Flash Damage
	CATEGORY:Special Ability
	TYPE:SpecialQuality.Immunity
Immunity to Fire Damage
	CATEGORY:Special Ability
	TYPE:SpecialQuality.Immunity
Immunity to Ranged Damage
	CATEGORY:Special Ability
	TYPE:SpecialQuality.Immunity
Immunity to Heat Damage
	CATEGORY:Special Ability
	TYPE:SpecialQuality.Immunity
Immunity to Spirit Damage
	CATEGORY:Special Ability
	TYPE:SpecialQuality.Immunity


#
Evasion
	CATEGORY:Internal
	ABILITY:Special Ability|AUTOMATIC|Evasion I|PREVAREQ:EvasionLvl,1
#ABILITY:Special Ability|AUTOMATIC|Evasion II|PREVAREQ:EvasionLvl,2	ABILITY:Special Ability|AUTOMATIC|Evasion III|PREVAREQ:EvasionLvl,3

Evasion I
	CATEGORY:Special Ability
	TYPE:SpecialQuality
	SOURCEPAGE:p.32
#Evasion II
	CATEGORY:Special Ability
	TYPE:SpecialQuality
	SOURCEPAGE:p.32
#Evasion III
	CATEGORY:Special Ability
	TYPE:SpecialQuality
	SOURCEPAGE:p.32

Uncanny Dodge
	CATEGORY:Internal
	ABILITY:Special Ability|AUTOMATIC|Uncanny Dodge I|PREVAREQ:UncannyDodgeLvl,1
#ABILITY:Special Ability|AUTOMATIC|Uncanny Dodge II|PREVAREQ:UncannyDodgeLvl,2	ABILITY:Special Ability|AUTOMATIC|Uncanny Dodge III|PREVAREQ:UncannyDodgeLvl,3

Uncanny Dodge I
	CATEGORY:Special Ability
	TYPE:SpecialQuality
	SOURCEPAGE:p.32
#Uncanny Dodge II
	CATEGORY:Special Ability
	TYPE:SpecialQuality
	SOURCEPAGE:p.32
#Uncanny Dodge III
	CATEGORY:Special Ability
	TYPE:SpecialQuality
	SOURCEPAGE:p.32


# NPC Qualities
Night-Blind
	CATEGORY:Special Ability
	TYPE:SpecialQuality.Weakness
	SOURCEPAGE:p.234



#Block: Crafting Focuses ----------------------------------------------------------------------------------------------------------------------------------------------------------------------------------------------------------------------------------------------------------------------------------------------------------------------------------------------------------------------------------------------------------------------------------------------------------------------------------------------------------------------------------------------------------------------
Crafting Base
	CATEGORY:Internal
	MODIFY:ABILITYPOOL=Crafting Focus|value()+1+namespace("SKLL","Crafting",Rank/4)
#
Crafting (Carving) Focus
	CATEGORY:Special Ability
	TYPE:CraftingFocus.SpecialQuality
	DESC:bone objects.
Crafting (Carpentry) Focus
	CATEGORY:Special Ability
	TYPE:CraftingFocus.SpecialQuality
	DESC:wood objects.
Crafting (Chemistry) Focus
	CATEGORY:Special Ability
	TYPE:CraftingFocus.SpecialQuality
	DESC:chemical objects, like gunpowder and explosives.
Crafting (Cooking) Focus
	CATEGORY:Special Ability
	TYPE:CraftingFocus.SpecialQuality
	DESC:food.
Crafting (Inscription) Focus
	CATEGORY:Special Ability
	TYPE:CraftingFocus.SpecialQuality
	DESC:documents, including books and paintings.
Crafting (Metalworking) Focus
	CATEGORY:Special Ability
	TYPE:CraftingFocus.SpecialQuality
	DESC:metal objects.
Crafting (Pharmacy) Focus
	CATEGORY:Special Ability
	TYPE:CraftingFocus.SpecialQuality
	DESC:medical supplies and poisons.
Crafting (Pottery) Focus
	CATEGORY:Special Ability
	TYPE:CraftingFocus.SpecialQuality
	DESC:clay and ceramic objects.
Crafting (Stonecutting) Focus
	CATEGORY:Special Ability
	TYPE:CraftingFocus.SpecialQuality
	DESC:stone objects.
Crafting (Tailoring) Focus
	CATEGORY:Special Ability
	TYPE:CraftingFocus.SpecialQuality
	DESC:cloth and leather objects.

###Block: Ride Skill Focuses
# Ability Name
	Category of Ability
	Type
	Required Ability
	Define
	Description
	Stackable?
	Multiple?
	Choose
	Automatically Gained Feat
	Ability
	Bonus to Ability Pool
	Modify VAR
	Source Page
Ride Base
	CATEGORY:Internal
	DEFINE:RideFocusCount|0
	MODIFY:ABILITYPOOL=Ride Focus|SOLVE|value()+1+namespace("SKILL","Ride",Rank/4)
#
Ride (Air Vehicles) Focus
	CATEGORY:Special Ability
	TYPE:RideFocus.SpecialQuality
	SOURCEPAGE:p.80
Ride (Flying Mounts) Focus
	CATEGORY:Special Ability
	TYPE:RideFocus.SpecialQuality
	SOURCEPAGE:p.80
Ride (Land Vehicles) Focus
	CATEGORY:Special Ability
	TYPE:RideFocus.SpecialQuality
	SOURCEPAGE:p.80
Ride (Riding Mounts) Focus
	CATEGORY:Special Ability
	TYPE:RideFocus.SpecialQuality
	SOURCEPAGE:p.80
Ride (Swimming Mounts) Focus
	CATEGORY:Special Ability
	TYPE:RideFocus.SpecialQuality
	SOURCEPAGE:p.80
Ride (Water Vehicles) Focus
	CATEGORY:Special Ability
	TYPE:RideFocus.SpecialQuality
	SOURCEPAGE:p.80

#Block: Crafting Feats ----------------------------------------------------------------------------------------------------------------------------------------------------------------------------------------------------------------------------------------------------------------------------------------------------------------------------------------------------------------------------------------------------------------------------------------------------------------------------------------------------------------------------------------------------------------------
Crafting Basics (Carving)
	CATEGORY:Special Ability
	TYPE:CraftingBasic
	PREABILITY:1,CATEGORY=Special Ability,Crafting (Carving) Focus
	AUTO:FEAT|Crafting Basics (Carving)
Crafting Basics (Carpentry)
	CATEGORY:Special Ability
	TYPE:CraftingBasic
	PREABILITY:1,CATEGORY=Special Ability,Crafting (Carpentry) Focus
	AUTO:FEAT|Crafting Basics (Carpentry)
Crafting Basics (Chemistry)
	CATEGORY:Special Ability
	TYPE:CraftingBasic
	PREABILITY:1,CATEGORY=Special Ability,Crafting (Chemistry) Focus
	AUTO:FEAT|Crafting Basics (Chemistry)
Crafting Basics (Cooking)
	CATEGORY:Special Ability
	TYPE:CraftingBasic
	PREABILITY:1,CATEGORY=Special Ability,Crafting (Cooking) Focus
	AUTO:FEAT|Crafting Basics (Cooking)
Crafting Basics (Inscription)
	CATEGORY:Special Ability
	TYPE:CraftingBasic
	PREABILITY:1,CATEGORY=Special Ability,Crafting (Inscription) Focus
	AUTO:FEAT|Crafting Basics (Inscription)
Crafting Basics (Metalworking)
	CATEGORY:Special Ability
	TYPE:CraftingBasic
	PREABILITY:1,CATEGORY=Special Ability,Crafting (Metalworking) Focus
	AUTO:FEAT|Crafting Basics (Metalworking)
Crafting Basics (Pharmacy)
	CATEGORY:Special Ability
	TYPE:CraftingBasic
	PREABILITY:1,CATEGORY=Special Ability,Crafting (Pharmacy) Focus
	AUTO:FEAT|Crafting Basics (Pharmacy)
Crafting Basics (Pottery)
	CATEGORY:Special Ability
	TYPE:CraftingBasic
	PREABILITY:1,CATEGORY=Special Ability,Crafting (Pottery) Focus
	AUTO:FEAT|Crafting Basics (Pottery)
Crafting Basics (Stonecutting)
	CATEGORY:Special Ability
	TYPE:CraftingBasic
	PREABILITY:1,CATEGORY=Special Ability,Crafting (Stonecutting) Focus
	AUTO:FEAT|Crafting Basics (Stonecutting)
Crafting Basics (Tailoring)
	CATEGORY:Special Ability
	TYPE:CraftingBasic
	PREABILITY:1,CATEGORY=Special Ability,Crafting (Tailoring) Focus
	AUTO:FEAT|Crafting Basics (Tailoring)
#
Crafting Mastery (Carving)
	CATEGORY:Special Ability
	TYPE:CraftingMastery
	PREABILITY:1,CATEGORY=Special Ability,Crafting Basics (Carving)
	AUTO:FEAT|Crafting Mastery (Carving)
Crafting Mastery (Carpentry)
	CATEGORY:Special Ability
	TYPE:CraftingMastery
	PREABILITY:1,CATEGORY=Special Ability,Crafting Basics (Carpentry)
	AUTO:FEAT|Crafting Mastery (Carpentry)
Crafting Mastery (Chemistry)
	CATEGORY:Special Ability
	TYPE:CraftingMastery
	PREABILITY:1,CATEGORY=Special Ability,Crafting Basics (Chemistry)
	AUTO:FEAT|Crafting Mastery (Chemistry)
Crafting Mastery (Cooking)
	CATEGORY:Special Ability
	TYPE:CraftingMastery
	PREABILITY:1,CATEGORY=Special Ability,Crafting Basics (Cooking)
	AUTO:FEAT|Crafting Mastery (Cooking)
Crafting Mastery (Inscription)
	CATEGORY:Special Ability
	TYPE:CraftingMastery
	PREABILITY:1,CATEGORY=Special Ability,Crafting Basics (Inscription)
	AUTO:FEAT|Crafting Mastery (Inscription)
Crafting Mastery (Metalworking)
	CATEGORY:Special Ability
	TYPE:CraftingMastery
	PREABILITY:1,CATEGORY=Special Ability,Crafting Basics (Metalworking)
	AUTO:FEAT|Crafting Mastery (Metalworking)
Crafting Mastery (Pharmacy)
	CATEGORY:Special Ability
	TYPE:CraftingMastery
	PREABILITY:1,CATEGORY=Special Ability,Crafting Basics (Pharmacy)
	AUTO:FEAT|Crafting Mastery (Pharmacy)
Crafting Mastery (Pottery)
	CATEGORY:Special Ability
	TYPE:CraftingMastery
	PREABILITY:1,CATEGORY=Special Ability,Crafting Basics (Pottery)
	AUTO:FEAT|Crafting Mastery (Pottery)
Crafting Mastery (Stonecutting)
	CATEGORY:Special Ability
	TYPE:CraftingMastery
	PREABILITY:1,CATEGORY=Special Ability,Crafting Basics (Stonecutting)
	AUTO:FEAT|Crafting Mastery (Stonecutting)
Crafting Mastery (Tailoring)
	CATEGORY:Special Ability
	TYPE:CraftingMastery
	PREABILITY:1,CATEGORY=Special Ability,Crafting Basics (Tailoring)
	AUTO:FEAT|Crafting Mastery (Tailoring)
#
Crafting Supremacy (Carving)
	CATEGORY:Special Ability
	TYPE:CraftingSupremacy
	PREABILITY:1,CATEGORY=Special Ability,Crafting Mastery (Carving)
	AUTO:FEAT|Crafting Supremacy (Carving)
Crafting Supremacy (Carpentry)
	CATEGORY:Special Ability
	TYPE:CraftingSupremacy
	PREABILITY:1,CATEGORY=Special Ability,Crafting Mastery (Carpentry)
	AUTO:FEAT|Crafting Supremacy (Carpentry)
Crafting Supremacy (Chemistry)
	CATEGORY:Special Ability
	TYPE:CraftingSupremacy
	PREABILITY:1,CATEGORY=Special Ability,Crafting Mastery (Chemistry)
	AUTO:FEAT|Crafting Supremacy (Chemistry)
Crafting Supremacy (Cooking)
	CATEGORY:Special Ability
	TYPE:CraftingSupremacy
	PREABILITY:1,CATEGORY=Special Ability,Crafting Mastery (Cooking)
	AUTO:FEAT|Crafting Supremacy (Cooking)
Crafting Supremacy (Inscription)
	CATEGORY:Special Ability
	TYPE:CraftingSupremacy
	PREABILITY:1,CATEGORY=Special Ability,Crafting Mastery (Inscription)
	AUTO:FEAT|Crafting Supremacy (Inscription)
Crafting Supremacy (Metalworking)
	CATEGORY:Special Ability
	TYPE:CraftingSupremacy
	PREABILITY:1,CATEGORY=Special Ability,Crafting Mastery (Metalworking)
	AUTO:FEAT|Crafting Supremacy (Metalworking)
Crafting Supremacy (Pharmacy)
	CATEGORY:Special Ability
	TYPE:CraftingSupremacy
	PREABILITY:1,CATEGORY=Special Ability,Crafting Mastery (Pharmacy)
	AUTO:FEAT|Crafting Supremacy (Pharmacy)
Crafting Supremacy (Pottery)
	CATEGORY:Special Ability
	TYPE:CraftingSupremacy
	PREABILITY:1,CATEGORY=Special Ability,Crafting Mastery (Pottery)
	AUTO:FEAT|Crafting Supremacy (Pottery)
Crafting Supremacy (Stonecutting)
	CATEGORY:Special Ability
	TYPE:CraftingSupremacy
	PREABILITY:1,CATEGORY=Special Ability,Crafting Mastery (Stonecutting)
	AUTO:FEAT|Crafting Supremacy (Stonecutting)
Crafting Supremacy (Tailoring)
	CATEGORY:Special Ability
	TYPE:CraftingSupremacy
	PREABILITY:1,CATEGORY=Special Ability,Crafting Mastery (Tailoring)
	AUTO:FEAT|Crafting Supremacy (Tailoring)


#-----------------------------#
#
	Basic Combat Tricks
	#
#-----------------------------#
#Block: Combat Tricks ----------------------------------------------------------------------------------------------------------------------------------------------------------------------------------------------------------------------------------------------------------------------------------------------------------------------------------------------------------------------------------------------------------------------------------------------------------------------------------------------------------------------------------------------------------------------
Charge
	CATEGORY:Special Ability
	TYPE:SpecialAttack.GrantedTrick
	DESC:(Run Trick)
	DESC:%1|ActionDice

#-----------------------------#
#
	Melee Combat Tricks
	#
#-----------------------------#
#Block:
Punish the Defiant
	CATEGORY:Special Ability
	TYPE:SpecialAttack.GrantedTrick
	DESC:(Stance)
	SOURCEPAGE:p.87
Sundering Chop
	CATEGORY:Special Ability
	TYPE:SpecialAttack.GrantedTrick
	DESC:(Axe Attack Trick)
	SOURCEPAGE:p.87
Cleave in Twain
	CATEGORY:Special Ability
	TYPE:SpecialAttack.GrantedTrick
	DESC:(Axe Attack Trick)
	SOURCEPAGE:p.87
Driving Stance
	CATEGORY:Special Ability
	TYPE:SpecialAttack.GrantedTrick
	DESC:(Stance)
	SOURCEPAGE:p.87
Brained
	CATEGORY:Special Ability
	TYPE:SpecialAttack.GrantedTrick
	DESC:(Club Attack Trick)
	SOURCEPAGE:p.88
Earth Shaker
	CATEGORY:Special Ability
	TYPE:SpecialAttack.GrantedTrick
	DESC:(Club Trip Trick)
	SOURCEPAGE:p.88
Work the Line
	CATEGORY:Special Ability
	TYPE:SpecialAttack.GrantedTrick
	DESC:(Stance)
	SOURCEPAGE:p.88
En Garde!
	CATEGORY:Special Ability
	TYPE:SpecialAttack.GrantedTrick
	DESC:(Fencing Blade Total Defense Trick)
	SOURCEPAGE:p.88
Touche!
	CATEGORY:Special Ability
	TYPE:SpecialAttack.GrantedTrick
	DESC:(Fencing Blade Attack Trick)
	SOURCEPAGE:p.88
Whirling Serpent
	CATEGORY:Special Ability
	TYPE:SpecialAttack.GrantedTrick
	DESC:(Stance)
	SOURCEPAGE:p.88
Thresher Spin
	CATEGORY:Special Ability
	TYPE:SpecialAttack.GrantedTrick
	DESC:(Flail Attack Trick)
	SOURCEPAGE:p.88
Leaping Arc
	CATEGORY:Special Ability
	TYPE:SpecialAttack.GrantedTrick
	DESC:(Flail Attack Trick)
	SOURCEPAGE:p.88
Overpowering Force
	CATEGORY:Special Ability
	TYPE:SpecialAttack.GrantedTrick
	DESC:(Stance)
	SOURCEPAGE:p.89
Blade Wall
	CATEGORY:Special Ability
	TYPE:SpecialAttack.GrantedTrick
	DESC:(Greatsword Total Defense Trick)
	SOURCEPAGE:p.89
Spiral Cutter
	CATEGORY:Special Ability
	TYPE:SpecialAttack.GrantedTrick
	DESC:(Greatsword Attack Trick)
	SOURCEPAGE:p.89
Turn the Millstone
	CATEGORY:Special Ability
	TYPE:SpecialAttack.GrantedTrick
	DESC:(Stance)
	SOURCEPAGE:p.89
Bone Crusher
	CATEGORY:Special Ability
	TYPE:SpecialAttack.GrantedTrick
	DESC:(Hammer Attack Trick)
	SOURCEPAGE:p.89
Splatter
	CATEGORY:Special Ability
	TYPE:SpecialAttack.GrantedTrick
	DESC:(Hammer Attack Trick)
	SOURCEPAGE:p.89
Wicked Dance
	CATEGORY:Special Ability
	TYPE:SpecialAttack.GrantedTrick
	DESC:(Stance)
	SOURCEPAGE:p.89
Blade Flurry
	CATEGORY:Special Ability
	TYPE:SpecialAttack.GrantedTrick
	DESC:(Knife Attack Trick)
	SOURCEPAGE:p.89
Shank!
	CATEGORY:Special Ability
	TYPE:SpecialAttack.GrantedTrick
	DESC:(Knife Attack Trick)
	SOURCEPAGE:p.89
Spinning Shield
	CATEGORY:Special Ability
	TYPE:SpecialAttack.GrantedTrick
	DESC:(Stance)
	SOURCEPAGE:p.90
Topple and Gut
	CATEGORY:Special Ability
	TYPE:SpecialAttack.GrantedTrick
	DESC:(Polearm Trip Trick)
	SOURCEPAGE:p.90
Skull Crack
	CATEGORY:Special Ability
	TYPE:SpecialAttack.GrantedTrick
	DESC:(Polearm Attack Trick)
	SOURCEPAGE:p.90
Phalanx Fighting
	CATEGORY:Special Ability
	TYPE:SpecialAttack.GrantedTrick
	DESC:(Stance)
	SOURCEPAGE:p.90
Shield Slam
	CATEGORY:Special Ability
	TYPE:SpecialAttack.GrantedTrick
	DESC:(Shield Attack Trick)
	SOURCEPAGE:p.90
Throw Them Back!
	CATEGORY:Special Ability
	TYPE:SpecialAttack.GrantedTrick
	DESC:(Shield Total Defense Trick)
	SOURCEPAGE:p.90
Monkey's Grip
	CATEGORY:Special Ability
	TYPE:SpecialAttack.GrantedTrick
	DESC:(Stance)
	SOURCEPAGE:p.90
Falling Lightning
	CATEGORY:Special Ability
	TYPE:SpecialAttack.GrantedTrick
	DESC:(Spear Attack Trick)
	SOURCEPAGE:p.90
Run Through
	CATEGORY:Special Ability
	TYPE:SpecialAttack.GrantedTrick
	DESC:(Spear Bull Rush Trick)
	SOURCEPAGE:p.91
Whirling Guard
	CATEGORY:Special Ability
	TYPE:SpecialAttack.GrantedTrick
	DESC:(Stance)
	SOURCEPAGE:p.91
Wall of Branches
	CATEGORY:Special Ability
	TYPE:SpecialAttack.GrantedTrick
	DESC:(Staff Total Defense Trick)
	SOURCEPAGE:p.91
Guardian's Circle
	CATEGORY:Special Ability
	TYPE:SpecialAttack.GrantedTrick
	DESC:(Staff Total Defense Trick)
	SOURCEPAGE:p.91
Martial Spirit
	CATEGORY:Special Ability
	TYPE:SpecialAttack.GrantedTrick
	DESC:(Stance)
	SOURCEPAGE:p.91
Bury the Blade
	CATEGORY:Special Ability
	TYPE:SpecialAttack.GrantedTrick
	DESC:(Sword Attack Trick)
	SOURCEPAGE:p.91
Think Ahead
	CATEGORY:Special Ability
	TYPE:SpecialAttack.GrantedTrick
	DESC:(Sword Attack Trick)
	SOURCEPAGE:p.91
Vicious Intensity
	CATEGORY:Special Ability
	TYPE:SpecialAttack.GrantedTrick
	DESC:(Stance)
	SOURCEPAGE:p.91
Entwine
	CATEGORY:Special Ability
	TYPE:SpecialAttack.GrantedTrick
	DESC:(Whip Attack Trick)
	SOURCEPAGE:p.91
Thrash
	CATEGORY:Special Ability
	TYPE:SpecialAttack.GrantedTrick
	DESC:(Whip Attack Trick)
	SOURCEPAGE:p.91


#-----------------------------#
#
	Ranged Combat Tricks
	#
#-----------------------------#
#Block: Ranged Combat Tricks ----------------------------------------------------------------------------------------------------------------------------------------------------------------------------------------------------------------------------------------------------------------------------------------------------------------------------------------------------------------------------------------------------------------------------------------------------------------------------------------------------------------------------------------------------------------------
Deadshot
	CATEGORY:Special Ability
	TYPE:SpecialAttack.GrantedTrick
	DESC:(Stance)
	SOURCEPAGE:p.92
Eagle Eye
	CATEGORY:Special Ability
	TYPE:SpecialAttack.GrantedTrick
	DESC:(Bow Attack Trick)
	SOURCEPAGE:p.92
Multi-Shot
	CATEGORY:Special Ability
	TYPE:SpecialAttack.GrantedTrick
	DESC:(Bow Attack Trick)
	SOURCEPAGE:p.92
Zen Shot
	CATEGORY:Special Ability
	TYPE:SpecialAttack.GrantedTrick
	DESC:(Stance)
	SOURCEPAGE:p.92
Staple
	CATEGORY:Special Ability
	TYPE:SpecialAttack.GrantedTrick
	DESC:(Thrown Weapon Attack Trick)
	SOURCEPAGE:p.92
Ricochet
	CATEGORY:Special Ability
	TYPE:SpecialAttack.GrantedTrick
	DESC:(Thrown Weapon Attack Trick)
	SOURCEPAGE:p.92


#-----------------------------#
#	Unarmed Combat Tricks	#
#-----------------------------#
#Block: Unarmed Combat Tricks ----------------------------------------------------------------------------------------------------------------------------------------------------------------------------------------------------------------------------------------------------------------------------------------------------------------------------------------------------------------------------------------------------------------------------------------------------------------------------------------------------------------------------------------------------------------------
Shifting Footwork
	CATEGORY:Special Ability
	TYPE:SpecialAttack.GrantedTrick
	DESC:(Stance)
	SOURCEPAGE:p.93
Guillotine Kick
	CATEGORY:Special Ability
	TYPE:SpecialAttack.GrantedTrick
	DESC:(Unarmed Attack Trick)
	SOURCEPAGE:p.93
Hurricane Kick
	CATEGORY:Special Ability
	TYPE:SpecialAttack.GrantedTrick
	DESC:(Unarmed Attack Trick)
	SOURCEPAGE:p.93
Berserk Stance
	CATEGORY:Special Ability
	TYPE:SpecialAttack.GrantedTrick
	DESC:(Stance)
	SOURCEPAGE:p.93
Open Stance
	CATEGORY:Special Ability
	TYPE:SpecialAttack.GrantedTrick
	DESC:(Stance)
	SOURCEPAGE:p.94
Clothesline
	CATEGORY:Special Ability
	TYPE:SpecialAttack.GrantedTrick
	DESC:(Unarmed Attack Trick)
	SOURCEPAGE:p.94
Piledriver
	CATEGORY:Special Ability
	TYPE:SpecialAttack.GrantedTrick
	DESC:(Unarmed Trip Trick)
	SOURCEPAGE:p.94


#-----------------------------#
#	Covert Combat Tricks	#
#-----------------------------#
Crippling Strike
	CATEGORY:Special Ability
	TYPE:SpecialAttack.GrantedTrick
	DESC:(Attack Trick)
	SOURCEPAGE:p.95
Wraith of the Battlefield
	CATEGORY:Special Ability
	TYPE:SpecialAttack.GrantedTrick
	DESC:(Stance)
	SOURCEPAGE:p.95
Choke Out
	CATEGORY:Special Ability
	TYPE:SpecialAttack.GrantedTrick
	DESC:(Garrote Grapple Benefit)
	SOURCEPAGE:p.95


#-----------------------------#
#	Spellcasting Tricks	#
#-----------------------------#
Confine Area
	CATEGORY:Special Ability
	TYPE:SpecialAttack.GrantedTrick
	DESC:(Spellcasting Trick)
	SOURCEPAGE:p.106
Expand Area
	CATEGORY:Special Ability
	TYPE:SpecialAttack.GrantedTrick
	DESC:(Spellcasting Trick)
	SOURCEPAGE:p.106
Careful Casting
	CATEGORY:Special Ability
	TYPE:SpecialAttack.GrantedTrick
	DESC:(Spellcasting Trick)
	SOURCEPAGE:p.107
Quick Casting
	CATEGORY:Special Ability
	TYPE:SpecialAttack.GrantedTrick
	DESC:(Spellcasting Trick)
	SOURCEPAGE:p.107
Concentrated Spell
	CATEGORY:Special Ability
	TYPE:SpecialAttack.GrantedTrick
	DESC:(Spellcasting Trick)
	SOURCEPAGE:p.107
Reaching Spell
	CATEGORY:Special Ability
	TYPE:SpecialAttack.GrantedTrick
	DESC:(Spellcasting Trick)
	SOURCEPAGE:p.107
Burst Spell
	CATEGORY:Special Ability
	TYPE:SpecialAttack.GrantedTrick
	DESC:(Spellcasting Trick)
	SOURCEPAGE:p.107
Lasting Spell
	CATEGORY:Special Ability
	TYPE:SpecialAttack.GrantedTrick
	DESC:(Spellcasting Trick)
	SOURCEPAGE:p.107
Focus Spell
	CATEGORY:Special Ability
	TYPE:SpecialAttack.GrantedTrick
	DESC:(Spellcasting Trick)
	SOURCEPAGE:p.107
Power Spell
	CATEGORY:Special Ability
	TYPE:SpecialAttack.GrantedTrick
	DESC:(Spellcasting Trick)
	SOURCEPAGE:p.107


#-----------------------------#
#
	Style Tricks
	#
#-----------------------------#
Silver Tongue
	CATEGORY:Special Ability
	TYPE:SpecialAttack.GrantedTrick
	DESC:(Distract Trick)
	SOURCEPAGE:p.108
Painful Secrets
	CATEGORY:Special Ability
	TYPE:SpecialAttack.GrantedTrick
	DESC:(Threaten Trick)
	SOURCEPAGE:p.108
Staggering Pronouncement
	CATEGORY:Special Ability
	TYPE:SpecialAttack.GrantedTrick
	DESC:(Distract Trick)
	SOURCEPAGE:p.108

#Species
Flustering Shot
	CATEGORY:Special Ability
	TYPE:SpecialAttack.GrantedTrick
	DESC:(Bow Attack Trick)
	DESC:The target must also resist a Distract action with the attack result as the DC.
	SOURCEPAGE:p.102

#-----------------------#
#
	Class Abilities
	#
#-----------------------#

###Block: Assassin ----------------------------------------------------------------------------------------------------------------------------------------------------------------------------------------------------------------------------------------------------------------------------------------------------------------------------------------------------------------------------------------------------------------------------------------------------------------------------------------------------------------------------------------------------------------------
# Ability Name
	Unique Key
	Category of Ability
	Type
	Define
	Description
	Source Page
Heartseeker
	KEY:Heartseeker ~ Assassin
	CATEGORY:Special Ability
	TYPE:SpecialAttack
	SOURCEPAGE:p.30
#
Hand of Death
	CATEGORY:Special Ability
	TYPE:SpecialQuality
	SOURCEPAGE:p.30
Cold Read
	CATEGORY:Special Ability
	TYPE:SpecialQuality.ClassAbilitySelectable
	DESC:%1/session|ColdReadTimes
	SOURCEPAGE:p.30
Quick on Your Feet
	CATEGORY:Special Ability
	TYPE:SpecialQuality
	DESC:%1/session|QuickOnYourFeetTimes
	SOURCEPAGE:p.30
Unspoken Name
	CATEGORY:Special Ability
	TYPE:SpecialQuality
	DESC:+%1|UnspokenNameBonus
	SOURCEPAGE:p.31


###Block: Burglar ----------------------------------------------------------------------------------------------------------------------------------------------------------------------------------------------------------------------------------------------------------------------------------------------------------------------------------------------------------------------------------------------------------------------------------------------------------------------------------------------------------------------------------------------------------------------
# Ability Name
	Unique Key
	Category of Ability
	Type
	Define
	Bonus Ability Pool
	Source Page
Dexterous
	KEY:Dexterous ~ Burglar
	CATEGORY:Special Ability
	TYPE:SpecialQuality
	SOURCEPAGE:p.32
#
Very, Very Sneaky
	KEY:Very Very Sneaky
	CATEGORY:Special Ability
	TYPE:SpecialQuality
	SOURCEPAGE:p.32
Bonus Feat
	KEY:Bonus Feat ~ Burglar
	CATEGORY:Special Ability
	TYPE:SpecialQuality
	MODIFY:ABILITYPOOL=Burglar Feat|SOLVE|value()+BurglarFeatCount
	SOURCEPAGE:p.32


###Block: Captain ----------------------------------------------------------------------------------------------------------------------------------------------------------------------------------------------------------------------------------------------------------------------------------------------------------------------------------------------------------------------------------------------------------------------------------------------------------------------------------------------------------------------------------------------------------------------
# Ability Name
	Unique Key
	SORTKEY
	Category of Ability
	Type
	Define
	Auto Feat
	Ability
	Bonus Ability Pool
	Modify VAR
	Source Page
Cadre
	KEY:Cadre ~ Captain
	CATEGORY:Special Ability
	TYPE:SpecialQuality
	SOURCEPAGE:p.34
#
Right-Hand Man
	CATEGORY:Special Ability
	TYPE:SpecialQuality
	AUTO:FEAT|Personal Lieutenant
	SOURCEPAGE:p.34
Master and Commander
	CATEGORY:Internal
	ABILITY:Special Ability|AUTOMATIC|Master and Commander I|PREBOOL:context("VAR",MasterAndCommanderLvl==1)
	MODIFY:ABILITYPOOL=Terrain Feat|SOLVE|MasterAndCommanderFeatCount
	MODIFY:MasterAndCommanderFeatCount|ADD|1
	MODIFYOTHER:SKILL|Tactics|MaxRank|SOLVE|value()+MasterAndCommanderTacticsBonus
	MODIFY:MasterAndCommanderTacticsBonus|ADD|3
#
Master and Commander I
	CATEGORY:Special Ability
	TYPE:SpecialQuality
	SOURCEPAGE:p.34
#
Battle Planning
	CATEGORY:Internal
	ABILITY:Special Ability|AUTOMATIC|Battle Planning I|PREBOOL:context("VAR",BattlePlanningLvl==1)
	MODIFY:ABILITYPOOL=Battle Planning|BattlePlanningCount
	MODIFY:BattlePlanningCount|MODIFY|if(context("VAR",BattlePlanningLvl>=1,2,value())
#
Battle Planning I
	CATEGORY:Special Ability
	TYPE:SpecialQuality
	SOURCEPAGE:p.34
#
Crush Them!
	SORTKEY:Battle Planning J1
	CATEGORY:Special Ability
	TYPE:SpecialQuality.BattlePlanning
	SOURCEPAGE:p.35
Fire at Will!
	SORTKEY:Battle Planning J1
	CATEGORY:Special Ability
	TYPE:SpecialQuality.BattlePlanning
	SOURCEPAGE:p.35
Guard Yourselves!
	SORTKEY:Battle Planning J1
	CATEGORY:Special Ability
	TYPE:SpecialQuality.BattlePlanning
	SOURCEPAGE:p.35
I Want Them Alive!
	SORTKEY:Battle Planning J1
	CATEGORY:Special Ability
	TYPE:SpecialQuality.BattlePlanning
	SOURCEPAGE:p.35
No Prisoners!
	SORTKEY:Battle Planning J1
	CATEGORY:Special Ability
	TYPE:SpecialQuality.BattlePlanning
	SOURCEPAGE:p.35
Press On!
	SORTKEY:Battle Planning J1
	CATEGORY:Special Ability
	TYPE:SpecialQuality.BattlePlanning
	SOURCEPAGE:p.35
Stand Fast!
	SORTKEY:Battle Planning J1
	CATEGORY:Special Ability
	TYPE:SpecialQuality.BattlePlanning
	SOURCEPAGE:p.35
Steady Now!
	SORTKEY:Battle Planning J1
	CATEGORY:Special Ability
	TYPE:SpecialQuality.BattlePlanning
	SOURCEPAGE:p.35
###
Take Command
	CATEGORY:Special Ability
	TYPE:SpecialQuality
	SOURCEPAGE:p.35


###Block: Courtier ----------------------------------------------------------------------------------------------------------------------------------------------------------------------------------------------------------------------------------------------------------------------------------------------------------------------------------------------------------------------------------------------------------------------------------------------------------------------------------------------------------------------------------------------------------------------
# Ability Name
	Unique Key
	Category of Ability
	Type
	Define
	Ability
	Bonus Ability Pool
	Source Page
Only the Finest
	KEY:Only the Finest ~ Courtier
	CATEGORY:Special Ability
	TYPE:SpecialQuality
	SOURCEPAGE:p.36
#
With a Word
	CATEGORY:Special Ability
	TYPE:SpecialQuality.ClassAbilitySelectable
	SOURCEPAGE:p.36
Gifts and Favors ~ City
	CATEGORY:Internal
	ABILITY:Special Ability|AUTOMATIC|Gifts and Favors I (City)|PREVAREQ:GiftsAndFavorsCityLvl,1
#
Gifts and Favors I (City)
	CATEGORY:Special Ability
	TYPE:SpecialQuality
	SOURCEPAGE:p.36
Obligations
	CATEGORY:Special Ability
	TYPE:SpecialQuality
	SOURCEPAGE:p.36
Eloquence
	CATEGORY:Special Ability
	TYPE:SpecialQuality
	MODIFY:ABILITYPOOL=Increase Lower of INT or CHA|SOLVE|EloquenceCount
	SOURCEPAGE:p.36


###Block: Explorer ----------------------------------------------------------------------------------------------------------------------------------------------------------------------------------------------------------------------------------------------------------------------------------------------------------------------------------------------------------------------------------------------------------------------------------------------------------------------------------------------------------------------------------------------------------------------
# Ability Name
	Unique Key
	Category of Ability
	Type
	Define
	Auto Feat
	Ability
	Bonus Ability Pool
	Source Page
Friends All Over
	KEY:Friends All Over ~ Explorer
	CATEGORY:Special Ability
	TYPE:SpecialQuality
	AUTO:FEAT|Extra Contact
	SOURCEPAGE:p.38
#
Tomb Raider
	CATEGORY:Special Ability
	TYPE:SpecialQuality
	SOURCEPAGE:p.38
Bookworm
	CATEGORY:Internal
	ABILITY:Special Ability|AUTOMATIC|Bookworm I|PREVAREQ:BookwormLvl,1
#
Bookworm I
	CATEGORY:Special Ability
	TYPE:SpecialQuality
	SOURCEPAGE:p.38
Bonus Feat
	KEY:Bonus Feat ~ Explorer
	CATEGORY:Special Ability
	TYPE:SpecialQuality
	MODIFY:ABILITYPOOL=Explorer Feat|SOLVE|ExplorerFeatCount
	SOURCEPAGE:p.38


###Block: Keeper ----------------------------------------------------------------------------------------------------------------------------------------------------------------------------------------------------------------------------------------------------------------------------------------------------------------------------------------------------------------------------------------------------------------------------------------------------------------------------------------------------------------------------------------------------------------------
# Ability Name
	Unique Key
	Category of Ability
	Type
	Define
	Description
	Bonus Ability Pool
	Modify VAR
	Source Page
Teacher
	KEY:Teacher ~ Keeper
	CATEGORY:Special Ability
	TYPE:SpecialQuality
	SOURCEPAGE:p.40
#
Man of Reason
	CATEGORY:Special Ability
	TYPE:SpecialQuality
	SOURCEPAGE:p.40
Trade Secrets
	CATEGORY:Special Ability
	TYPE:SpecialQuality
	MODIFY:ABILITYPOOL=Trade Secrets|SOLVE|TradeSecretsCount
	SOURCEPAGE:p.40
Bright Idea
	CATEGORY:Special Ability
	TYPE:SpecialQuality
	DESC:%1/session|BrightIdeaTimes
	SOURCEPAGE:p.40
Bonus Feat
	KEY:Bonus Feat ~ Keeper
	CATEGORY:Special Ability
	TYPE:SpecialQuality
	MODIFY:ABILITYPOOL=Keeper Feat|SOLVE|KeeperFeatCount
	SOURCEPAGE:p.40

# Trade Secrets Selection
Trade Secrets (Acrobatics)
	CATEGORY:Special Ability
	TYPE:TradeSecretsSkill
	MODIFYOTHER:SKILL|XXX|MaxRank.Mod|MAX|	Acrobatics|5|TYPE=Enlightened
Trade Secrets (Athletics)
	CATEGORY:Special Ability
	TYPE:TradeSecretsSkill
	MODIFYOTHER:SKILL|XXX|MaxRank.Mod|MAX|	Athletics|5|TYPE=Enlightened
Trade Secrets (Blend)
	CATEGORY:Special Ability
	TYPE:TradeSecretsSkill
	MODIFYOTHER:SKILL|XXX|MaxRank.Mod|MAX|	Blend|5|TYPE=Enlightened
Trade Secrets (Bluff)
	CATEGORY:Special Ability
	TYPE:TradeSecretsSkill
	MODIFYOTHER:SKILL|XXX|MaxRank.Mod|MAX|	Bluff|5|TYPE=Enlightened
Trade Secrets (Crafting)
	CATEGORY:Special Ability
	TYPE:TradeSecretsSkill
	MODIFYOTHER:SKILL|XXX|MaxRank.Mod|MAX|	Crafting|5|TYPE=Enlightened
Trade Secrets (Disguise)
	CATEGORY:Special Ability
	TYPE:TradeSecretsSkill
	MODIFYOTHER:SKILL|XXX|MaxRank.Mod|MAX|	Disguise|5|TYPE=Enlightened
Trade Secrets (Haggle)
	CATEGORY:Special Ability
	TYPE:TradeSecretsSkill
	MODIFYOTHER:SKILL|XXX|MaxRank.Mod|MAX|	Haggle|5|TYPE=Enlightened
Trade Secrets (Impress)
	CATEGORY:Special Ability
	TYPE:TradeSecretsSkill
	MODIFYOTHER:SKILL|XXX|MaxRank.Mod|MAX|	Impress|5|TYPE=Enlightened
Trade Secrets (Intimidate)
	CATEGORY:Special Ability
	TYPE:TradeSecretsSkill
	MODIFYOTHER:SKILL|XXX|MaxRank.Mod|MAX|	Intimidate|5|TYPE=Enlightened
Trade Secrets (Investigate)
	CATEGORY:Special Ability
	TYPE:TradeSecretsSkill
	MODIFYOTHER:SKILL|XXX|MaxRank.Mod|MAX|	Investigate|5|TYPE=Enlightened
Trade Secrets (Medicine)
	CATEGORY:Special Ability
	TYPE:TradeSecretsSkill
	MODIFYOTHER:SKILL|XXX|MaxRank.Mod|MAX|	Medicine|5|TYPE=Enlightened
Trade Secrets (Notice)
	CATEGORY:Special Ability
	TYPE:TradeSecretsSkill
	MODIFYOTHER:SKILL|XXX|MaxRank.Mod|MAX|	Notice|5|TYPE=Enlightened
Trade Secrets (Prestidigitation)
	CATEGORY:Special Ability
	TYPE:TradeSecretsSkill
	MODIFYOTHER:SKILL|XXX|MaxRank.Mod|MAX|	Prestidigitation|5|TYPE=Enlightened
Trade Secrets (Resolve)
	CATEGORY:Special Ability
	TYPE:TradeSecretsSkill
	MODIFYOTHER:SKILL|XXX|MaxRank.Mod|MAX|	Resolve|5|TYPE=Enlightened
Trade Secrets (Ride)
	CATEGORY:Special Ability
	TYPE:TradeSecretsSkill
	MODIFYOTHER:SKILL|XXX|MaxRank.Mod|MAX|	Ride|5|TYPE=Enlightened
Trade Secrets (Search)
	CATEGORY:Special Ability
	TYPE:TradeSecretsSkill
	MODIFYOTHER:SKILL|XXX|MaxRank.Mod|MAX|	Search|5|TYPE=Enlightened
Trade Secrets (Sense Motive)
	CATEGORY:Special Ability
	TYPE:TradeSecretsSkill
	MODIFYOTHER:SKILL|XXX|MaxRank.Mod|MAX|	SenseMotive|5|TYPE=Enlightened
Trade Secrets (Sneak)
	CATEGORY:Special Ability
	TYPE:TradeSecretsSkill
	MODIFYOTHER:SKILL|XXX|MaxRank.Mod|MAX|	Sneak|5|TYPE=Enlightened
Trade Secrets (Survival)
	CATEGORY:Special Ability
	TYPE:TradeSecretsSkill
	MODIFYOTHER:SKILL|XXX|MaxRank.Mod|MAX|	Survival|5|TYPE=Enlightened
Trade Secrets (Tactics)
	CATEGORY:Special Ability
	TYPE:TradeSecretsSkill
	MODIFYOTHER:SKILL|XXX|MaxRank.Mod|MAX|	Tactics|5|TYPE=Enlightened


###Block: Lancer ----------------------------------------------------------------------------------------------------------------------------------------------------------------------------------------------------------------------------------------------------------------------------------------------------------------------------------------------------------------------------------------------------------------------------------------------------------------------------------------------------------------------------------------------------------------------
# Ability Name
	Unique Key
	Category of Ability
	Type
	Define
	Description
	Auto Feat
	Ability
	Bonus Ability Pool
	Modify VAR
	Source Page
Lifetime Companion
	KEY:Lifetime Companion ~ Lancer
	CATEGORY:Special Ability
	TYPE:SpecialQuality
	AUTO:FEAT|Animal Partner
	SOURCEPAGE:p.42
#
Born in the Saddle
	CATEGORY:Special Ability
	TYPE:SpecialQuality
	SOURCEPAGE:p.42
Mettle
	CATEGORY:Internal
	AUTO:FEAT|Armor Basics
	ABILITY:Special Ability|AUTOMATIC|Mettle I|PREVAREQ:MettleLvl,1
	MODIFYOTHER:SKILL=Resolve|MaxRank|SOLVE|max(value(),MettleResolveRankBonus)
	MODIFY:VAR=MettleResolveRankBonus|ADD|3
#
Mettle I
	CATEGORY:Special Ability
	TYPE:SpecialQuality
	SOURCEPAGE:p.42
Bonus Feat
	KEY:Bonus Feat ~ Lancer
	CATEGORY:Special Ability
	TYPE:SpecialQuality
	MODIFY:ABILITYPOOL=Lancer Feat|SOLVE|LancerFeatCount
	SOURCEPAGE:p.42
Bred for War
	CATEGORY:Special Ability
	TYPE:SpecialQuality
	DESC:%1|BredForWarBonus
	SOURCEPAGE:p.42

###Block: Mage ----------------------------------------------------------------------------------------------------------------------------------------------------------------------------------------------------------------------------------------------------------------------------------------------------------------------------------------------------------------------------------------------------------------------------------------------------------------------------------------------------------------------------------------------------------------------
# Ability Name
	Unique Key
	Category of Ability
	Type
	Define
	Stackable?
	Multiple?
	Choose
	Ability
	Bonus Ability Pool
	Bonus to spell known/L
	Modify VAR
	Class Skill
	Source Page
Arcane Adept
	KEY:Arcane Adept ~ Mage
	CATEGORY:Special Ability
	TYPE:SpecialQuality
	MODIFY:VAR=ArcaneAdeptCount|ADD|4
#
Subtle and Quick to Anger
	CATEGORY:Special Ability
	TYPE:SpecialQuality
	CSKILL:Spellcasting
	SOURCEPAGE:p.43
Arcane Might
	CATEGORY:Special Ability
	TYPE:SpecialQuality
	MODIFY:ABILITYPOOL=Increase Highest of INT/WIS/CHA|SOLVE|ArcaneMightCount
	SOURCEPAGE:p.43
#
Circle of Power
	CATEGORY:Internal
	ABILITY:Special Ability|AUTOMATIC|Circle of Power I|PREVAREQ:CircleOfPowerLvl,1
#
Circle of Power I
	CATEGORY:Special Ability
	TYPE:SpecialQuality
	SOURCEPAGE:p.43
Bonus Feat
	KEY:Bonus Feat ~ Mage
	CATEGORY:Special Ability
	TYPE:SpecialQuality
	MODIFY:ABILITYPOOL=Mage Feat|SOLVE|MageFeatCount
	MODIFY:VAR=MageFeatCount|ADD|1
	SOURCEPAGE:p.44

# Mage Workaround due to Hardcoded D&D Reliance in PCGen ----------------------------------------------------------------------------------------------------------------------------------------------------------------------------------------------------------------------------------------------------------------------------------------------------------------------------------------------------------------------------------------------------------------------------------------------------------------------------------------------------------------------------------------------------------------------
Mage Spell Level 0
	CATEGORY:Special Ability
	TYPE:BonusSpellKnownMage
	STACK:YES
	MULT:YES
	CHOOSE:NOCHOICE
	BONUS:SPELLKNOWN|CLASS=Mage;LEVEL=0|1
Mage Spell Level 1
	CATEGORY:Special Ability
	TYPE:BonusSpellKnownMage
	STACK:YES
	MULT:YES
	CHOOSE:NOCHOICE
	BONUS:SPELLKNOWN|CLASS=Mage;LEVEL=1|1
Mage Spell Level 2
	CATEGORY:Special Ability
	TYPE:BonusSpellKnownMage
	STACK:YES
	MULT:YES
	CHOOSE:NOCHOICE
	BONUS:SPELLKNOWN|CLASS=Mage;LEVEL=2|1
Mage Spell Level 3
	CATEGORY:Special Ability
	TYPE:BonusSpellKnownMage
	STACK:YES
	MULT:YES
	CHOOSE:NOCHOICE
	BONUS:SPELLKNOWN|CLASS=Mage;LEVEL=3|1
Mage Spell Level 4
	CATEGORY:Special Ability
	TYPE:BonusSpellKnownMage
	STACK:YES
	MULT:YES
	CHOOSE:NOCHOICE
	BONUS:SPELLKNOWN|CLASS=Mage;LEVEL=4|1
Mage Spell Level 5
	CATEGORY:Special Ability
	TYPE:BonusSpellKnownMage
	STACK:YES
	MULT:YES
	CHOOSE:NOCHOICE
	BONUS:SPELLKNOWN|CLASS=Mage;LEVEL=5|1
Mage Spell Level 6
	CATEGORY:Special Ability
	TYPE:BonusSpellKnownMage
	STACK:YES
	MULT:YES
	CHOOSE:NOCHOICE
	BONUS:SPELLKNOWN|CLASS=Mage;LEVEL=6|1
Mage Spell Level 7
	CATEGORY:Special Ability
	TYPE:BonusSpellKnownMage
	STACK:YES
	MULT:YES
	CHOOSE:NOCHOICE
	BONUS:SPELLKNOWN|CLASS=Mage;LEVEL=7|1
Mage Spell Level 8
	CATEGORY:Special Ability
	TYPE:BonusSpellKnownMage
	STACK:YES
	MULT:YES
	CHOOSE:NOCHOICE
	BONUS:SPELLKNOWN|CLASS=Mage;LEVEL=8|1
Mage Spell Level 9
	CATEGORY:Special Ability
	TYPE:BonusSpellKnownMage
	STACK:YES
	MULT:YES
	CHOOSE:NOCHOICE
	BONUS:SPELLKNOWN|CLASS=Mage;LEVEL=9|1


###Block: Priest ----------------------------------------------------------------------------------------------------------------------------------------------------------------------------------------------------------------------------------------------------------------------------------------------------------------------------------------------------------------------------------------------------------------------------------------------------------------------------------------------------------------------------------------------------------------------
# Ability Name
	Unique Key
	Category of Ability
	Type
	Define
	Ability
	Bonus Ability Pool
	Source Page
Devout
	KEY:Devout ~ Priest
	CATEGORY:Special Ability
	TYPE:SpecialQuality
	SOURCEPAGE:p.44
Acolyte
	CATEGORY:Special Ability
	TYPE:SpecialQuality
	SOURCEPAGE:p.44
Signs and Portents
	CATEGORY:Internal
	ABILITY:Special Ability|AUTOMATIC|Signs and Portents I|PREVAREQ:SignsAndPortentsLvl,1
#
Signs & Portents I
	KEY:Signs and Portents I
	CATEGORY:Special Ability
	TYPE:SpecialQuality
	SOURCEPAGE:p.45
Path of the Devoted
	CATEGORY:Special Ability
	TYPE:SpecialQuality
	MODIFY:ABILITYPOOL=Alignment Path Steps|SOLVE|PathOfTheDevotedStepLvl
	SOURCEPAGE:p.45
Bonus Feat
	KEY:Bonus Feat ~ Priest
	CATEGORY:Special Ability
	TYPE:SpecialQuality
	MODIFY:ABILITYPOOL=Priest Feat|SOLVE|PriestFeatCount
	SOURCEPAGE:p.45


###Block: Sage ----------------------------------------------------------------------------------------------------------------------------------------------------------------------------------------------------------------------------------------------------------------------------------------------------------------------------------------------------------------------------------------------------------------------------------------------------------------------------------------------------------------------------------------------------------------------
# Ability Name
	Unique Key
	Category of Ability
	Type
	Define
	Ability
	Bonus Ability Pool
	Modify VAR
	Source Page
Breadth of Experience
	KEY:Breadth of Experience ~ Sage
	CATEGORY:Special Ability
	TYPE:SpecialQuality
	SOURCEPAGE:p.47
#
Wise Counsel
	CATEGORY:Special Ability
	TYPE:SpecialQuality
	SOURCEPAGE:p.47
Assistance
	CATEGORY:Internal
	DEFINE:AssistanceLvl|0
	ABILITY:Special Ability|AUTOMATIC|Assistance I|PREVAREQ:AssistanceLvl,1
#
Assistance I
	CATEGORY:Special Ability
	TYPE:SpecialQuality
	SOURCEPAGE:p.47
Best of the Best
	CATEGORY:Special Ability
	TYPE:SpecialQuality
	SOURCEPAGE:p.47
Cross-Training
	CATEGORY:Special Ability
	TYPE:SpecialQuality
	MODIFY:ABILITYPOOL=Cross-Training Choice|SOLVE|CrossTrainingCount
	SOURCEPAGE:p.47
#
Class Ability (Assassin / Hand of Death)
	CATEGORY:Special Ability
	TYPE:CrossTraining
	ABILITY:Special Ability|AUTOMATIC|Hand of Death
	SOURCEPAGE:p.47
Class Ability (Assassin / Cold Read)
	CATEGORY:Special Ability
	TYPE:CrossTraining
	ABILITY:Special Ability|AUTOMATIC|Cold Read
	MODIFY:VAR=ColdReadTimes|ADD|1
	SOURCEPAGE:p.47
Class Ability (Assassin / Quick On Your Feet)
	CATEGORY:Special Ability
	TYPE:CrossTraining
	ABILITY:Special Ability|AUTOMATIC|Quick On Your Feet
	MODIFY:VAR=QuickOnYourFeetTimes|ADD|1
	SOURCEPAGE:p.47
Class Ability (Assassin / Unspoken Name)
	CATEGORY:Special Ability
	TYPE:CrossTraining
	ABILITY:Special Ability|AUTOMATIC|Unspoken Name
	MODIFY:VAR=UnspokenNameBonus|ADD|1
	SOURCEPAGE:p.47
#
Class Ability (Burglar / Very, Very Sneaky)
	KEY:Class Ability (Burglar / Very Very Sneaky)
	CATEGORY:Special Ability
	TYPE:CrossTraining
	ABILITY:Special Ability|AUTOMATIC|Very Very Sneaky
	SOURCEPAGE:p.47
Class Ability (Burglar / Evasion)
	CATEGORY:Special Ability
	TYPE:CrossTraining
	ABILITY:Internal|AUTOMATIC|Evasion
	MODIFY:VAR=EvasionLvl|ADD|1
	SOURCEPAGE:p.47
Class Ability (Burglar / Bonus Feat)
	CATEGORY:Special Ability
	TYPE:CrossTraining
	ABILITY:Special Ability|AUTOMATIC|Bonus Feat ~ Burglar
	MODIFY:VAR=BonusFeatBurglarCount|ADD|1
	SOURCEPAGE:p.47
Class Ability (Burglar / Uncanny Dodge)
	CATEGORY:Special Ability
	TYPE:CrossTraining
	ABILITY:Internal|AUTOMATIC|Uncanny Dodge
	MODIFY:VAR=Uncanny DodgeLvl|ADD|1
	SOURCEPAGE:p.47
#
Class Ability (Captain / Right-hand Man)
	CATEGORY:Special Ability
	TYPE:CrossTraining
	ABILITY:Special Ability|AUTOMATIC|Right-hand Man
	SOURCEPAGE:p.47
Class Ability (Captain / Master and Commander)
	CATEGORY:Special Ability
	TYPE:CrossTraining
	ABILITY:Internal|AUTOMATIC|Master and Commander
	MODIFY:VAR=MasterAndCommanderLvl|ADD|1
	SOURCEPAGE:p.47
Class Ability (Captain / Battle Planning)
	CATEGORY:Special Ability
	TYPE:CrossTraining
	ABILITY:Internal|AUTOMATIC|Battle Planning
	MODIFY:VAR=BattlePlanningLvl|ADD|1
	SOURCEPAGE:p.47
Class Ability (Captain / Take Command)
	CATEGORY:Special Ability
	TYPE:CrossTraining
	ABILITY:Special Ability|AUTOMATIC|Take Command
	MODIFY:VAR=TakeCommandBonus|ADD|1
	SOURCEPAGE:p.47
#
Class Ability (Courtier / With a Word)
	CATEGORY:Special Ability
	TYPE:CrossTraining
	ABILITY:Special Ability|AUTOMATIC|With a Word
	SOURCEPAGE:p.47
Class Ability (Courtier / Gifts and Favors)
	CATEGORY:Special Ability
	TYPE:CrossTraining
	ABILITY:Internal|AUTOMATIC|Gifts and Favors ~ City
	MODIFY:VAR=GiftsAndFavorsCityLvl|ADD|1
	SOURCEPAGE:p.47
Class Ability (Courtier / Obligations)
	CATEGORY:Special Ability
	TYPE:CrossTraining
	ABILITY:Special Ability|AUTOMATIC|Obligations
	SOURCEPAGE:p.47
Class Ability (Courtier / Eloquence)
	CATEGORY:Special Ability
	TYPE:CrossTraining
	ABILITY:Special Ability|AUTOMATIC|Eloquence
	SOURCEPAGE:p.47
#
Class Ability (Explorer / Tomb Raider)
	CATEGORY:Special Ability
	TYPE:CrossTraining
	ABILITY:Special Ability|AUTOMATIC|Tomb Raider
	SOURCEPAGE:p.47
Class Ability (Explorer / Bookworm)
	CATEGORY:Special Ability
	TYPE:CrossTraining
	ABILITY:Internal|AUTOMATIC|Bookworm
	MODIFY:VAR=BookwormLvl|ADD|1
	SOURCEPAGE:p.47
Class Ability (Explorer / Bonus Feat)
	CATEGORY:Special Ability
	TYPE:CrossTraining
	ABILITY:Special Ability|AUTOMATIC|Bonus Feat ~ Explorer
	MODIFY:VAR=BonusFeatExplorerCount|ADD|1
	SOURCEPAGE:p.47
Class Ability (Explorer / Uncanny Dodge)
	CATEGORY:Special Ability
	TYPE:CrossTraining
	ABILITY:Internal|AUTOMATIC|Uncanny Dodge
	MODIFY:VAR=UncannyDodgeLvl|ADD|1
	SOURCEPAGE:p.47
#
Class Ability (Keeper / Man of Reason)
	CATEGORY:Special Ability
	TYPE:CrossTraining
	ABILITY:Special Ability|AUTOMATIC|Man of Reason
	SOURCEPAGE:p.47
Class Ability (Keeper / Trade Secrets)
	CATEGORY:Special Ability
	TYPE:CrossTraining
	ABILITY:Special Ability|AUTOMATIC|Trade Secrets
	MODIFY:VAR=TradeSecretsCount|ADD|1
	SOURCEPAGE:p.47
Class Ability (Keeper / Bright Idea)
	CATEGORY:Special Ability
	TYPE:CrossTraining
	ABILITY:Special Ability|AUTOMATIC|Bright Idea
	MODIFY:VAR=BrightIdeaLvl|ADD|1
	SOURCEPAGE:p.47
Class Ability (Keeper / Bonus Feat)
	CATEGORY:Special Ability
	TYPE:CrossTraining
	ABILITY:Special Ability|AUTOMATIC|Bonus Feat ~ Keeper
	MODIFY:VAR=KeeperFeatCount|ADD|1
	SOURCEPAGE:p.47
#
Class Ability (Lancer / Born in the Saddle)
	CATEGORY:Special Ability
	TYPE:CrossTraining
	ABILITY:Special Ability|AUTOMATIC|Born in the Saddle
	SOURCEPAGE:p.47
Class Ability (Lancer / Mettle)
	CATEGORY:Special Ability
	TYPE:CrossTraining
	ABILITY:Internal|AUTOMATIC|Mettle
	MODIFY:VAR=MettleLvl|ADD|1
	SOURCEPAGE:p.47
Class Ability (Lancer / Bonus Feat)
	CATEGORY:Special Ability
	TYPE:CrossTraining
	ABILITY:Special Ability|AUTOMATIC|Bonus Feat ~ Lancer
	MODIFY:VAR=LancerFeatCount|ADD|1
	SOURCEPAGE:p.47
Class Ability (Lancer / Bred for War)
	CATEGORY:Special Ability
	TYPE:CrossTraining
	ABILITY:Special Ability|AUTOMATIC|Bred for War
	SOURCEPAGE:p.47
#
Class Ability (Mage / Subtle and Quick to Anger)
	CATEGORY:Special Ability
	TYPE:CrossTraining
	ABILITY:Special Ability|AUTOMATIC|Subtle and Quick to Anger
	SOURCEPAGE:p.47
Class Ability (Mage / Arcane Might)
	CATEGORY:Special Ability
	TYPE:CrossTraining
	ABILITY:Special Ability|AUTOMATIC|Arcane Might
	SOURCEPAGE:p.47
Class Ability (Mage / Bonus Feat)
	CATEGORY:Special Ability
	TYPE:CrossTraining
	ABILITY:Special Ability|AUTOMATIC|Bonus Feat ~ Mage
	MODIFY:VAR=MageFeatCount|ADD|1
	SOURCEPAGE:p.47
#
Class Ability (Priest / Acolyte)
	CATEGORY:Special Ability
	TYPE:CrossTraining
	ABILITY:Special Ability|AUTOMATIC|Acolyte
	SOURCEPAGE:p.47
Class Ability (Priest / Signs & Portents I)
	KEY:Class Ability (Priest / Signs and Portents I)
	CATEGORY:Special Ability
	TYPE:CrossTraining
	ABILITY:Internal|AUTOMATIC|Signs and Portents
	MODIFY:VAR=SignsAndPortentsLvl|ADD|1
	SOURCEPAGE:p.47
Class Ability (Priest / Path of the Devoted)
	CATEGORY:Special Ability
	TYPE:CrossTraining
	ABILITY:Special Ability|AUTOMATIC|Path of the Devoted
	MODIFY:VAR=PathOfTheDevotedCount|ADD|1
	MODIFY:VAR=PathOfTheDevotedStepLvl|ADD|1
	SOURCEPAGE:p.47
Class Ability (Priest / Bonus Feat)
	CATEGORY:Special Ability
	TYPE:CrossTraining
	ABILITY:Special Ability|AUTOMATIC|Bonus Feat ~ Priest
	MODIFY:VAR=BonusFeatPriestCount|ADD|1
	MODIFY:VAR=PriestFeatCount|ADD|1
	SOURCEPAGE:p.47
#
Class Ability (Scout / Stalker)
	CATEGORY:Special Ability
	TYPE:CrossTraining
	ABILITY:Special Ability|AUTOMATIC|Stalker
	SOURCEPAGE:p.48
Class Ability (Scout / Rough Living)
	CATEGORY:Special Ability
	TYPE:CrossTraining
	ABILITY:Special Ability|AUTOMATIC|Rough Living
	MODIFY:VAR=RoughLivingBonus|ADD|2
	SOURCEPAGE:p.48
Class Ability (Scout / Bonus Feat)
	CATEGORY:Special Ability
	TYPE:CrossTraining
	ABILITY:Special Ability|AUTOMATIC|Bonus Feat ~ Scout
	MODIFY:VAR=BonusFeatScoutCount|ADD|1
	MODIFY:VAR=ScoutFeatCount|ADD|1
	SOURCEPAGE:p.48
Class Ability (Scout / Sneak Attack)
	CATEGORY:Special Ability
	TYPE:CrossTraining
	ABILITY:Special Ability|AUTOMATIC|Sneak Attack
	MODIFY:VAR=SneakAttackDice|ADD|1
	SOURCEPAGE:p.48
#
Class Ability (Soldier / Fight on)
	CATEGORY:Special Ability
	TYPE:CrossTraining
	ABILITY:Special Ability|AUTOMATIC|Fight On
	MODIFY:VAR=FightOnCount|ADD|2
	SOURCEPAGE:p.48
Class Ability (Soldier / Fortunes of War)
	CATEGORY:Special Ability
	TYPE:CrossTraining
	ABILITY:Internal|AUTOMATIC|Fortunes of War
	MODIFY:VAR=FortunesOfWarLvl|ADD|1
	SOURCEPAGE:p.48
Class Ability (Soldier / Armor Use)
	CATEGORY:Special Ability
	TYPE:CrossTraining
	ABILITY:Internal|AUTOMATIC|Armor Use
	MODIFY:VAR=ArmorUseLvl|ADD|1
	SOURCEPAGE:p.48


###Block: Scout ----------------------------------------------------------------------------------------------------------------------------------------------------------------------------------------------------------------------------------------------------------------------------------------------------------------------------------------------------------------------------------------------------------------------------------------------------------------------------------------------------------------------------------------------------------------------
# Ability Name
	Unique Key
	Category of Ability
	Type
	Define
	Description
	Bonus Ability Pool
	Modify VAR
	Source Page
Trailblazer
	KEY:Trailblazer ~ Scout
	CATEGORY:Special Ability
	TYPE:SpecialQuality
	SOURCEPAGE:p.49
#
Stalker
	CATEGORY:Special Ability
	TYPE:SpecialQuality
	SOURCEPAGE:p.49
Rough Living
	CATEGORY:Special Ability
	TYPE:SpecialQuality
	DESC:+%1|RoughLivingBonus
	SOURCEPAGE:p.49
Bonus Feat
	KEY:Bonus Feat ~ Scout
	CATEGORY:Special Ability
	TYPE:SpecialQuality
	MODIFY:ABILITYPOOL=Scout Feat|SOLVE|ScoutFeatCount
	SOURCEPAGE:p.49
Sneak Attack
	CATEGORY:Special Ability
	TYPE:SpecialQuality
	DESC:%1d%2|SneakAttackDice|SneakAttackSize
	MODIFY:VAR=SneakAttackSize|6|TYPE=Base
	SOURCEPAGE:p.49


###Block: Soldier ----------------------------------------------------------------------------------------------------------------------------------------------------------------------------------------------------------------------------------------------------------------------------------------------------------------------------------------------------------------------------------------------------------------------------------------------------------------------------------------------------------------------------------------------------------------------
# Ability Name
	Unique Key
	Category of Ability
	Type
	Define
	Ability
	Bonus Ability Pool
	Combat bonus
	Damage Reduction
	Source Page
Accurate
	KEY:Accurate ~ Soldier
	CATEGORY:Special Ability
	TYPE:SpecialQuality
	SOURCEPAGE:p.51
Fight On
	CATEGORY:Special Ability
	TYPE:SpecialQuality
	MODIFY:ABILITYPOOL=Fight On Choice|FightOnLvl
	SOURCEPAGE:p.51
# Fight On Choices
+2 Proficiecies
	KEY:Prof_Choice
	CATEGORY:Special Ability
	TYPE:FightOnChoice
	MODIFY:ABILITYPOOL=Proficiencies and Tricks|2
+1 Combat Feat
	KEY:Feat_Choice
	CATEGORY:Special Ability
	TYPE:FightOnChoice
	MODIFY:ABILITYPOOL=Combat Feat|1
#

Fortunes of War
	CATEGORY:Internal
	ABILITY:Special Ability|AUTOMATIC|Fortunes of War I|PREVAREQ:FortunesOfWarLvl,1
	DR:1/-
Armor Use
	CATEGORY:Internal
	ABILITY:Special Ability|AUTOMATIC|Armor Use I|PREVAREQ:ArmorUseLvl,1
	MODIFY:VAR=AC.ClassDefense|SOLVE|value()+if(count("EQUIP","TYPE=Armor")>0,1,0)
#
Fortunes of War I
	CATEGORY:Special Ability
	TYPE:SpecialQuality
	SOURCEPAGE:p.51
Armor Use I
	CATEGORY:Special Ability
	TYPE:SpecialQuality
	SOURCEPAGE:p.51


###Block: ADVANCED ACTIONS AND TRICKS ----------------------------------------------------------------------------------------------------------------------------------------------------------------------------------------------------------------------------------------------------------------------------------------------------------------------------------------------------------------------------------------------------------------------------------------------------------------------------------------------------------------------------------------------------------------------
# Ability Name
	Category of Ability
	Type
	Required Ability
	Stackable?
	Multiple?
	Choose
	Source Page
Arrow Cutting
	CATEGORY:Special Ability
	TYPE:SpecialQuality.Trick.InitiativeAction
	PREABILITY:1,CATEGORY=Special Ability,TYPE.Forte
	SOURCEPAGE:p.221
Called Shot
	CATEGORY:Special Ability
	TYPE:SpecialQuality.Trick.AttackTrick
	SOURCEPAGE:p.221
Cheap Shot
	CATEGORY:Special Ability
	TYPE:SpecialQuality.Trick.AttackTrick
	SOURCEPAGE:p.221
Forced Opening
	CATEGORY:Special Ability
	TYPE:SpecialQuality.Trick.MeleeAttackTrick
	PREABILITY:1,CATEGORY=Special Ability,Edged Forte,Blunt Forte
	SOURCEPAGE:p.221
Fully Engaged
	CATEGORY:Special Ability
	TYPE:SpecialQuality.Trick.MeleeAttackTrick.UnarmedAttackTrick
	PREABILITY:1,CATEGORY=Special Ability,Unarmed Forte,Edged Forte,Blunt Forte
	SOURCEPAGE:p.221
Daunting Shot
	CATEGORY:Special Ability
	TYPE:SpecialQuality.Trick.RangedAttackTrick
	PREABILITY:1,CATEGORY=Special Ability,TYPE.Forte
	SOURCEPAGE:p.221
Mix-Up
	CATEGORY:Special Ability
	TYPE:SpecialQuality.Trick
	STACK:NO
	MULT:YES
	CHOOSE:STRING|Anticipate|Bull Rush|Disarm|Distract|Feint|Grapple|Pummel|Taunt|Threaten|Tire|Trip|TITLE=Choice
	SOURCEPAGE:p.221
Parry
	CATEGORY:Special Ability
	TYPE:SpecialQuality.Trick.InitiativeAction
	PREABILITY:1,CATEGORY=Special Ability,TYPE.Forte
	SOURCEPAGE:p.222
Ragged Wound
	CATEGORY:Special Ability
	TYPE:SpecialQuality.Trick.MeleeAttackTrick
	PREABILITY:1,CATEGORY=Special Ability,Edged Forte,Blunt Forte
	SOURCEPAGE:p.222
Relentless Attack
	CATEGORY:Special Ability
	TYPE:SpecialQuality.Trick
	SOURCEPAGE:p.222
Salt The Wound
	CATEGORY:Special Ability
	TYPE:SpecialQuality.Trick
	PREABILITY:1,CATEGORY=Special Ability,TYPE.Forte
	SOURCEPAGE:p.222
Shield Block
	CATEGORY:Special Ability
	TYPE:SpecialQuality.Trick.InitiativeAction
	SOURCEPAGE:p.222
Shove
	CATEGORY:Special Ability
	TYPE:SpecialQuality.Trick.MeleeAttackTrick.UnarmedAttackTrick
	PREABILITY:1,CATEGORY=Special Ability,Unarmed Forte,Edged Forte,Blunt Forte
	SOURCEPAGE:p.222
Steady Shot
	CATEGORY:Special Ability
	TYPE:SpecialQuality.Trick.BowAttackTrick.HurledAttackTrick
	PREABILITY:1,CATEGORY=Special Ability,Bow Forte,Hurled Forte
	SOURCEPAGE:p.222
Triumphant Swing
	CATEGORY:Special Ability
	TYPE:SpecialQuality.Trick.MeleeAttackTrick
	SOURCEPAGE:p.222
Venom Master
	CATEGORY:Special Ability
	TYPE:SpecialQuality.Trick.AttackTrick
	SOURCEPAGE:p.222
Warding Strike
	CATEGORY:Special Ability
	TYPE:SpecialQuality.Trick.MeleeAttackTrick
	PREABILITY:1,CATEGORY=Special Ability,Edged Forte,Blunt Forte
	SOURCEPAGE:p.222
Whirling Strike
	CATEGORY:Special Ability
	TYPE:SpecialQuality.Trick.MeleeAttackTrick
	SOURCEPAGE:p.223

#
# END
#
