# CVS $Revision: 25050 $ $Author: amaitland $ -- Wed Sep  3 00:18:24 2014 -- reformated by prettylst.pl v1.51 (build 24947)
SOURCELONG:Fantasy Craft	SOURCESHORT:FC	SOURCEDATE:2009-07
# Original Entry By: Dragon Dark Lord
# Original Entry Date: 2011-03-01

# NPC Races
# Ability Name	Unique Key					Category of Ability	Type							Visible	Multiple Requirements															Cost		Source Page		Benefits
Default NPC Human							CATEGORY:NPC Ability								VISIBLE:NO

# Racial Templates: - Basics nothing implemented yet
#Human			KEY:Racial Template ~ Human		CATEGORY:NPC Ability	COST:0	TYPE:RacialTemplate.RogueRaceDefault	PREMULT:1,[!PREABILITY:1,CATEGORY=NPC Ability,TYPE.RacialTemplate],[PREABILITY:1,CATEGORY=NPC Ability,x]	SOURCEPAGE:p.248
Drake			KEY:Racial Template ~ Drake		CATEGORY:NPC Ability	TYPE:RacialTemplate.RogueRaceDefault			PREMULT:1,[!PREABILITY:1,CATEGORY=NPC Ability,TYPE.RacialTemplate],[PREABILITY:1,CATEGORY=NPC Ability,x]	COST:0	SOURCEPAGE:p.248	BENEFIT:The NPC becomes a Large (2x3, Reach 2) Beast Flyer with a winged flight Speed of 40 ft. He also gains cold-blooded and Fire Breath (fire damage attack II: 20 ft. beam; dmg 1d6 fire per 2 TL, Ref DC 15 for 1/2 damage), Bite II (dmg 1d10 lethal; threat 17-20), and Claw II (dmg 1d8 lethal; threat 19-20).
Dwarf			KEY:Racial Template ~ Dwarf		CATEGORY:NPC Ability	TYPE:RacialTemplate.RogueRaceDefault			PREMULT:1,[!PREABILITY:1,CATEGORY=NPC Ability,TYPE.RacialTemplate],[PREABILITY:1,CATEGORY=NPC Ability,x]	COST:0	SOURCEPAGE:p.248	BENEFIT:The NPC's Speed decreases by 10 ft. and his Constitution score rises by 2. He also gains damage reduction 2, darkvision I, and improved stability. In most cases you should also avoid the Acrobatics and Athletics Signature Skills.
Elf			KEY:Racial Template ~ Elf		CATEGORY:NPC Ability	TYPE:RacialTemplate.RogueRaceDefault			PREMULT:1,[!PREABILITY:1,CATEGORY=NPC Ability,TYPE.RacialTemplate],[PREABILITY:1,CATEGORY=NPC Ability,x]	COST:0	SOURCEPAGE:p.248	BENEFIT:The NPC's Type changes to Fey, his Speed increases by 10 ft., and his Wisdom score rises by 2. He also gains attractive I, burden of ages, and improved sense (hearing, sight).
Giant			KEY:Racial Template ~ Giant		CATEGORY:NPC Ability	TYPE:RacialTemplate.RogueRaceDefault			PREMULT:1,[!PREABILITY:1,CATEGORY=NPC Ability,TYPE.RacialTemplate],[PREABILITY:1,CATEGORY=NPC Ability,x]	COST:0	SOURCEPAGE:p.248	BENEFIT:The NPC's size increases to Large (2x2, Reach 2) and his Speed increases by 20 ft. He also gains improved stability and Trample I (dmg 1d10 lethal; threat 20).
Goblin		KEY:Racial Template ~ Goblin		CATEGORY:NPC Ability	TYPE:RacialTemplate.RogueRaceDefault			PREMULT:1,[!PREABILITY:1,CATEGORY=NPC Ability,TYPE.RacialTemplate],[PREABILITY:1,CATEGORY=NPC Ability,x]	COST:0	SOURCEPAGE:p.249	BENEFIT:The NPC's Size decreases to Small and his Health increases by 1 grade. He also gains darkvision I, feat (Ambush Basics), and light-sensitive.
Ogre			KEY:Racial Template ~ Ogre		CATEGORY:NPC Ability	TYPE:RacialTemplate.RogueRaceDefault			PREMULT:1,[!PREABILITY:1,CATEGORY=NPC Ability,TYPE.RacialTemplate],[PREABILITY:1,CATEGORY=NPC Ability,x]	COST:0	SOURCEPAGE:p.249	BENEFIT:The NPC's Size increases to Large (2x2, Reach 1) and his Constitution rises by 2. He also gains tough I. In most cases you should also avoid Acrobatics, Impress, and Tactics.
Orc			KEY:Racial Template ~ Orc		CATEGORY:NPC Ability	TYPE:RacialTemplate.RogueRaceDefault			PREMULT:1,[!PREABILITY:1,CATEGORY=NPC Ability,TYPE.RacialTemplate],[PREABILITY:1,CATEGORY=NPC Ability,x]	COST:0	SOURCEPAGE:p.249	BENEFIT:The NPC's Strength score rises by 2. He also gains always ready, grueling combatant, and light-sensitive. In most cases you should also avoid Impress, Investigate, and Medicine.
Pech			KEY:Racial Template ~ Pech		CATEGORY:NPC Ability	TYPE:RacialTemplate.RogueRaceDefault			PREMULT:1,[!PREABILITY:1,CATEGORY=NPC Ability,TYPE.RacialTemplate],[PREABILITY:1,CATEGORY=NPC Ability,x]	COST:0	SOURCEPAGE:p.249	BENEFIT:The NPC's Size decreases to Small and his Dexterity score rises by 2.
Rootwalker		KEY:Racial Template ~ Rootwalker	CATEGORY:NPC Ability	TYPE:RacialTemplate.RogueRaceDefault			PREMULT:1,[!PREABILITY:1,CATEGORY=NPC Ability,TYPE.RacialTemplate],[PREABILITY:1,CATEGORY=NPC Ability,x]	COST:0	SOURCEPAGE:p.249	BENEFIT:The NPC becomes a Large (2x2, Reach 1) Plant. He also gains Achilles heel (fire), chameleon I (forest/jungle or swamp), condition immunity (bleeding), damage reduction 1, light sleeper, and lumbering.
Saurian		KEY:Racial Template ~ Saurian		CATEGORY:NPC Ability	TYPE:RacialTemplate.RogueRaceDefault			PREMULT:1,[!PREABILITY:1,CATEGORY=NPC Ability,TYPE.RacialTemplate],[PREABILITY:1,CATEGORY=NPC Ability,x]	COST:0	SOURCEPAGE:p.249	BENEFIT:One of his attribute score rises by 2 and he gains aquatic I, cold-blooded, and darkvision I. He also gains Bite I (dmg 1d8 lethal, threat 18-20) and its Tail Slap becomes grade I (dmg 1d8 lethal, threat 20, qualities: reach +1) and Tail Slap II (dmg 1d8 lethal; threat 19-20; qualities: reach +1).
Unborn		KEY:Racial Template ~ Unborn		CATEGORY:NPC Ability	TYPE:RacialTemplate.RogueRaceDefault			PREMULT:1,[!PREABILITY:1,CATEGORY=NPC Ability,TYPE.RacialTemplate],[PREABILITY:1,CATEGORY=NPC Ability,x]	COST:0	SOURCEPAGE:p.249	BENEFIT:The NPC's Type changes to Construct and his Defense, Health and Resilience each increase by 1 grade. However, his Charisma decreases by 2, his Speed decreases by 10 ft., and he gains Achilles heel (electrical) and lumbering.

###Block: Rogue Gallery Selections
# Ability Name	Unique Key					Category of Ability	Type					Var. Min. Value				Auto Feat											Ability																																							Bonus Ability Pool		Modify VAR																																																																																																																																																																										Apply Kit
Apothecary		KEY:Rogue Gallery ~ Apothecary	CATEGORY:NPC Ability	TYPE:PersonalLieutenantChoice	PREVARGTEQ:PersonalLieutenantXP,36	AUTO:FEAT|Alchemy Basics|Bandage|Basic Skill Mastery (Healer)		ABILITY:NPC Ability|AUTOMATIC|Expertise (Medicine)																																					
MODIFY:VAR=NPCInitiativeGrade|ADD|1|!PREABILITY:1,CATEGORY=NPC Ability,TYPE.InitiativeChoice	
MODIFY:VAR=NPCAttackGrade|ADD|1|!PREABILITY:1,CATEGORY=NPC Ability,TYPE.AttackChoice	
MODIFY:VAR=NPCDefenseGrade|ADD|4|!PREABILITY:1,CATEGORY=NPC Ability,TYPE.DefenseChoice	
MODIFY:VAR=NPCResilienceGrade|ADD|3|!PREABILITY:1,CATEGORY=NPC Ability,TYPE.ResilienceChoice	
MODIFY:VAR=NPCHealthGrade|ADD|3|!PREABILITY:1,CATEGORY=NPC Ability,TYPE.HealthChoice	
MODIFY:VAR=NPCCompetenceGrade|ADD|3|!PREABILITY:1,CATEGORY=NPC Ability,TYPE.CompetenceChoice	
MODIFY:VAR=NPCSignatureSkillCraftingGrade|ADD|4|!PREABILITY:1,CATEGORY=NPC Ability,TYPE.SigSkillCrafting	
MODIFY:VAR=NPCSignatureSkillMedicineGrade|ADD|6|!PREABILITY:1,CATEGORY=NPC Ability,TYPE.SigSkillMedicine	
MODIFY:VAR=NPCSignatureSkillResolveGrade|ADD|4|!PREABILITY:1,CATEGORY=NPC Ability,TYPE.SigSkillResolve																																		KIT:2|Default NPC Stat Array|Rogue Gallery ~ Apothecary
Apprentice		KEY:Rogue Gallery ~ Apprentice	CATEGORY:NPC Ability	TYPE:PersonalLieutenantChoice	PREVARGTEQ:PersonalLieutenantXP,24	AUTO:FEAT|Crafting Basics																																																					
MODIFY:VAR=NPCInitiativeGrade|ADD|3|!PREABILITY:1,CATEGORY=NPC Ability,TYPE.InitiativeChoice	
MODIFY:VAR=NPCAttackGrade|ADD|2|!PREABILITY:1,CATEGORY=NPC Ability,TYPE.AttackChoice	
MODIFY:VAR=NPCDefenseGrade|ADD|4|!PREABILITY:1,CATEGORY=NPC Ability,TYPE.DefenseChoice	
MODIFY:VAR=NPCResilienceGrade|ADD|4|!PREABILITY:1,CATEGORY=NPC Ability,TYPE.ResilienceChoice	
MODIFY:VAR=NPCHealthGrade|ADD|3|!PREABILITY:1,CATEGORY=NPC Ability,TYPE.HealthChoice	
MODIFY:VAR=NPCCompetenceGrade|ADD|2|!PREABILITY:1,CATEGORY=NPC Ability,TYPE.CompetenceChoice	
MODIFY:VAR=NPCSignatureSkillCraftingGrade|ADD|4|!PREABILITY:1,CATEGORY=NPC Ability,TYPE.SigSkillCrafting																																																																				KIT:2|Default NPC Stat Array|Rogue Gallery ~ Apprentice
Artist		KEY:Rogue Gallery ~ Artist		CATEGORY:NPC Ability	TYPE:PersonalLieutenantChoice	PREVARGTEQ:PersonalLieutenantXP,28													ABILITY:NPC Ability|AUTOMATIC|Class Ability (Keeper / adaptable toolbox)																																	
MODIFY:VAR=NPCInitiativeGrade|ADD|4|!PREABILITY:1,CATEGORY=NPC Ability,TYPE.InitiativeChoice	
MODIFY:VAR=NPCAttackGrade|ADD|2|!PREABILITY:1,CATEGORY=NPC Ability,TYPE.AttackChoice	
MODIFY:VAR=NPCDefenseGrade|ADD|4|!PREABILITY:1,CATEGORY=NPC Ability,TYPE.DefenseChoice	
MODIFY:VAR=NPCResilienceGrade|ADD|2|!PREABILITY:1,CATEGORY=NPC Ability,TYPE.ResilienceChoice	
MODIFY:VAR=NPCHealthGrade|ADD|2|!PREABILITY:1,CATEGORY=NPC Ability,TYPE.HealthChoice	
MODIFY:VAR=NPCCompetenceGrade|ADD|3|!PREABILITY:1,CATEGORY=NPC Ability,TYPE.CompetenceChoice	
MODIFY:VAR=NPCSignatureSkillCraftingGrade|ADD|5|!PREABILITY:1,CATEGORY=NPC Ability,TYPE.SigSkillCrafting	
MODIFY:VAR=NPCSignatureSkillImpressGrade|ADD|5|!PREABILITY:1,CATEGORY=NPC Ability,TYPE.SigSkillImpress																																																			KIT:2|Default NPC Stat Array|Rogue Gallery ~ Artist
Attendant		KEY:Rogue Gallery ~ Attendant		CATEGORY:NPC Ability	TYPE:PersonalLieutenantChoice	PREVARGTEQ:PersonalLieutenantXP,35													ABILITY:NPC Ability|AUTOMATIC|Always ready|Class Ability (Burglar / look out!)																																
MODIFY:VAR=NPCInitiativeGrade|ADD|6|!PREABILITY:1,CATEGORY=NPC Ability,TYPE.InitiativeChoice	
MODIFY:VAR=NPCAttackGrade|ADD|2|!PREABILITY:1,CATEGORY=NPC Ability,TYPE.AttackChoice	
MODIFY:VAR=NPCDefenseGrade|ADD|3|!PREABILITY:1,CATEGORY=NPC Ability,TYPE.DefenseChoice	
MODIFY:VAR=NPCResilienceGrade|ADD|3|!PREABILITY:1,CATEGORY=NPC Ability,TYPE.ResilienceChoice	
MODIFY:VAR=NPCHealthGrade|ADD|2|!PREABILITY:1,CATEGORY=NPC Ability,TYPE.HealthChoice	
MODIFY:VAR=NPCCompetenceGrade|ADD|3|!PREABILITY:1,CATEGORY=NPC Ability,TYPE.CompetenceChoice	
MODIFY:VAR=NPCSignatureSkillNoticeGrade|ADD|4|!PREABILITY:1,CATEGORY=NPC Ability,TYPE.SigSkillNotice	
MODIFY:VAR=NPCSignatureSkillRideGrade|ADD|4|!PREABILITY:1,CATEGORY=NPC Ability,TYPE.SigSkillRide	
MODIFY:VAR=NPCSignatureSkillSenseMotiveGrade|ADD|4|!PREABILITY:1,CATEGORY=NPC Ability,TYPE.SigSkillSenseMotive																																			KIT:2|Default NPC Stat Array|Rogue Gallery ~ Attendant
Banker		KEY:Rogue Gallery ~ Banker		CATEGORY:NPC Ability	TYPE:PersonalLieutenantChoice	PREVARGTEQ:PersonalLieutenantXP,37													ABILITY:NPC Ability|AUTOMATIC|Class Ability (Courtier / With A Word)|Honorable																																
MODIFY:VAR=NPCInitiativeGrade|ADD|3|!PREABILITY:1,CATEGORY=NPC Ability,TYPE.InitiativeChoice	
MODIFY:VAR=NPCAttackGrade|ADD|2|!PREABILITY:1,CATEGORY=NPC Ability,TYPE.AttackChoice	
MODIFY:VAR=NPCDefenseGrade|ADD|4|!PREABILITY:1,CATEGORY=NPC Ability,TYPE.DefenseChoice	
MODIFY:VAR=NPCResilienceGrade|ADD|3|!PREABILITY:1,CATEGORY=NPC Ability,TYPE.ResilienceChoice	
MODIFY:VAR=NPCHealthGrade|ADD|3|!PREABILITY:1,CATEGORY=NPC Ability,TYPE.HealthChoice	
MODIFY:VAR=NPCCompetenceGrade|ADD|4|!PREABILITY:1,CATEGORY=NPC Ability,TYPE.CompetenceChoice	
MODIFY:VAR=NPCSignatureSkillHaggleGrade|ADD|7|!PREABILITY:1,CATEGORY=NPC Ability,TYPE.SigSkillHaggle	
MODIFY:VAR=NPCSignatureSkillSenseMotiveGrade|ADD|6|!PREABILITY:1,CATEGORY=NPC Ability,TYPE.SigSkillSenseMotive																																																			KIT:2|Default NPC Stat Array|Rogue Gallery ~ Banker
Barkeep		KEY:Rogue Gallery ~ Barkeep		CATEGORY:NPC Ability	TYPE:PersonalLieutenantChoice	PREVARGTEQ:PersonalLieutenantXP,29													ABILITY:NPC Ability|AUTOMATIC|Grappler																																							
MODIFY:VAR=NPCInitiativeGrade|ADD|2|!PREABILITY:1,CATEGORY=NPC Ability,TYPE.InitiativeChoice	
MODIFY:VAR=NPCAttackGrade|ADD|4|!PREABILITY:1,CATEGORY=NPC Ability,TYPE.AttackChoice	
MODIFY:VAR=NPCDefenseGrade|ADD|3|!PREABILITY:1,CATEGORY=NPC Ability,TYPE.DefenseChoice	
MODIFY:VAR=NPCResilienceGrade|ADD|4|!PREABILITY:1,CATEGORY=NPC Ability,TYPE.ResilienceChoice	
MODIFY:VAR=NPCHealthGrade|ADD|3|!PREABILITY:1,CATEGORY=NPC Ability,TYPE.HealthChoice	
MODIFY:VAR=NPCCompetenceGrade|ADD|1|!PREABILITY:1,CATEGORY=NPC Ability,TYPE.CompetenceChoice	
MODIFY:VAR=NPCSignatureSkillAthleticsGrade|ADD|3|!PREABILITY:1,CATEGORY=NPC Ability,TYPE.SigSkillAthletics	
MODIFY:VAR=NPCSignatureSkillPrestidigitationGrade|ADD|3|!PREABILITY:1,CATEGORY=NPC Ability,TYPE.SigSkillPrestidigitation																																																KIT:2|Default NPC Stat Array|Rogue Gallery ~ Barkeep/Tavern Master
Tavern Master	KEY:Rogue Gallery ~ Tavern Master	CATEGORY:NPC Ability	TYPE:PersonalLieutenantChoice	PREVARGTEQ:PersonalLieutenantXP,29													ABILITY:NPC Ability|AUTOMATIC|Grappler																																							
MODIFY:VAR=NPCInitiativeGrade|ADD|2|!PREABILITY:1,CATEGORY=NPC Ability,TYPE.InitiativeChoice	
MODIFY:VAR=NPCAttackGrade|ADD|4|!PREABILITY:1,CATEGORY=NPC Ability,TYPE.AttackChoice	
MODIFY:VAR=NPCDefenseGrade|ADD|3|!PREABILITY:1,CATEGORY=NPC Ability,TYPE.DefenseChoice	
MODIFY:VAR=NPCResilienceGrade|ADD|4|!PREABILITY:1,CATEGORY=NPC Ability,TYPE.ResilienceChoice	
MODIFY:VAR=NPCHealthGrade|ADD|3|!PREABILITY:1,CATEGORY=NPC Ability,TYPE.HealthChoice	
MODIFY:VAR=NPCCompetenceGrade|ADD|1|!PREABILITY:1,CATEGORY=NPC Ability,TYPE.CompetenceChoice	
MODIFY:VAR=NPCSignatureSkillAthleticsGrade|ADD|3|!PREABILITY:1,CATEGORY=NPC Ability,TYPE.SigSkillAthletics	
MODIFY:VAR=NPCSignatureSkillPrestidigitationGrade|ADD|3|!PREABILITY:1,CATEGORY=NPC Ability,TYPE.SigSkillPrestidigitation																																																KIT:2|Default NPC Stat Array|Rogue Gallery ~ Barkeep/Tavern Master
Bowman		KEY:Rogue Gallery ~ Bowman		CATEGORY:NPC Ability	TYPE:PersonalLieutenantChoice	PREVARGTEQ:PersonalLieutenantXP,32	AUTO:FEAT|Bow Basics|Bow Mastery							ABILITY:NPC Ability|AUTOMATIC|Improved Sense (Sight)																																					
MODIFY:VAR=NPCInitiativeGrade|ADD|4|!PREABILITY:1,CATEGORY=NPC Ability,TYPE.InitiativeChoice	
MODIFY:VAR=NPCAttackGrade|ADD|5|!PREABILITY:1,CATEGORY=NPC Ability,TYPE.AttackChoice	
MODIFY:VAR=NPCDefenseGrade|ADD|2|!PREABILITY:1,CATEGORY=NPC Ability,TYPE.DefenseChoice	
MODIFY:VAR=NPCResilienceGrade|ADD|2|!PREABILITY:1,CATEGORY=NPC Ability,TYPE.ResilienceChoice	
MODIFY:VAR=NPCHealthGrade|ADD|2|!PREABILITY:1,CATEGORY=NPC Ability,TYPE.HealthChoice	
MODIFY:VAR=NPCCompetenceGrade|ADD|1|!PREABILITY:1,CATEGORY=NPC Ability,TYPE.CompetenceChoice	
MODIFY:VAR=NPCSignatureSkillRideGrade|ADD|3|!PREABILITY:1,CATEGORY=NPC Ability,TYPE.SigSkillRide	
MODIFY:VAR=NPCSignatureSkillSearchGrade|ADD|5|!PREABILITY:1,CATEGORY=NPC Ability,TYPE.SigSkillSearch	
MODIFY:VAR=NPCSignatureSkillSneakGrade|ADD|3|!PREABILITY:1,CATEGORY=NPC Ability,TYPE.SigSkillSneak																																					KIT:2|Default NPC Stat Array|Rogue Gallery ~ Bowman
Brigand		KEY:Rogue Gallery ~ Brigand		CATEGORY:NPC Ability	TYPE:PersonalLieutenantChoice	PREVARGTEQ:PersonalLieutenantXP,38													ABILITY:NPC Ability|AUTOMATIC|Menacing Threat|Tricky (Cheap Shot)																																			
MODIFY:VAR=NPCInitiativeGrade|ADD|5|!PREABILITY:1,CATEGORY=NPC Ability,TYPE.InitiativeChoice	
MODIFY:VAR=NPCAttackGrade|ADD|4|!PREABILITY:1,CATEGORY=NPC Ability,TYPE.AttackChoice	
MODIFY:VAR=NPCDefenseGrade|ADD|3|!PREABILITY:1,CATEGORY=NPC Ability,TYPE.DefenseChoice	
MODIFY:VAR=NPCResilienceGrade|ADD|3|!PREABILITY:1,CATEGORY=NPC Ability,TYPE.ResilienceChoice	
MODIFY:VAR=NPCHealthGrade|ADD|4|!PREABILITY:1,CATEGORY=NPC Ability,TYPE.HealthChoice	
MODIFY:VAR=NPCCompetenceGrade|ADD|2|!PREABILITY:1,CATEGORY=NPC Ability,TYPE.CompetenceChoice	
MODIFY:VAR=NPCSignatureSkillIntimidateGrade|ADD|6|!PREABILITY:1,CATEGORY=NPC Ability,TYPE.SigSkillIntimidate	
MODIFY:VAR=NPCSignatureSkillRideGrade|ADD|4|!PREABILITY:1,CATEGORY=NPC Ability,TYPE.SigSkillRide	
MODIFY:VAR=NPCSignatureSkillTacticsGrade|ADD|4|!PREABILITY:1,CATEGORY=NPC Ability,TYPE.SigSkillTactics																																		KIT:2|Default NPC Stat Array|Rogue Gallery ~ Brigand
Con Man		KEY:Rogue Gallery ~ Con Man		CATEGORY:NPC Ability	TYPE:PersonalLieutenantChoice	PREVARGTEQ:PersonalLieutenantXP,40													ABILITY:NPC Ability|AUTOMATIC|Attractive I|Class Ability (Assassin / Cold Read I)|Class Ability (Burglar / He Did It!)																										
MODIFY:VAR=NPCInitiativeGrade|ADD|4|!PREABILITY:1,CATEGORY=NPC Ability,TYPE.InitiativeChoice	
MODIFY:VAR=NPCAttackGrade|ADD|2|!PREABILITY:1,CATEGORY=NPC Ability,TYPE.AttackChoice	
MODIFY:VAR=NPCDefenseGrade|ADD|2|!PREABILITY:1,CATEGORY=NPC Ability,TYPE.DefenseChoice	
MODIFY:VAR=NPCResilienceGrade|ADD|2|!PREABILITY:1,CATEGORY=NPC Ability,TYPE.ResilienceChoice	
MODIFY:VAR=NPCHealthGrade|ADD|2|!PREABILITY:1,CATEGORY=NPC Ability,TYPE.HealthChoice	
MODIFY:VAR=NPCCompetenceGrade|ADD|4|!PREABILITY:1,CATEGORY=NPC Ability,TYPE.CompetenceChoice	
MODIFY:VAR=NPCSignatureSkillBluffGrade|ADD|9|!PREABILITY:1,CATEGORY=NPC Ability,TYPE.SigSkillBluff	
MODIFY:VAR=NPCSignatureSkillImpressGrade|ADD|5|!PREABILITY:1,CATEGORY=NPC Ability,TYPE.SigSkillImpress	
MODIFY:VAR=NPCSignatureSkillSenseMotiveGrade|ADD|5|!PREABILITY:1,CATEGORY=NPC Ability,TYPE.SigSkillSenseMotive																																		KIT:2|Default NPC Stat Array|Rogue Gallery ~ Con Man
Craftsman		KEY:Rogue Gallery ~ Craftsman		CATEGORY:NPC Ability	TYPE:PersonalLieutenantChoice	PREVARGTEQ:PersonalLieutenantXP,36	AUTO:FEAT|Crafting Basics|Crafting Mastery					ABILITY:NPC Ability|AUTOMATIC|Expertise(Crafting)																																					
MODIFY:VAR=NPCInitiativeGrade|ADD|2|!PREABILITY:1,CATEGORY=NPC Ability,TYPE.InitiativeChoice	
MODIFY:VAR=NPCAttackGrade|ADD|2|!PREABILITY:1,CATEGORY=NPC Ability,TYPE.AttackChoice	
MODIFY:VAR=NPCDefenseGrade|ADD|3|!PREABILITY:1,CATEGORY=NPC Ability,TYPE.DefenseChoice	
MODIFY:VAR=NPCResilienceGrade|ADD|3|!PREABILITY:1,CATEGORY=NPC Ability,TYPE.ResilienceChoice	
MODIFY:VAR=NPCHealthGrade|ADD|2|!PREABILITY:1,CATEGORY=NPC Ability,TYPE.HealthChoice	
MODIFY:VAR=NPCCompetenceGrade|ADD|3|!PREABILITY:1,CATEGORY=NPC Ability,TYPE.CompetenceChoice	
MODIFY:VAR=NPCSignatureSkillCraftingGrade|ADD|7|!PREABILITY:1,CATEGORY=NPC Ability,TYPE.SigSkillCrafting	
MODIFY:VAR=NPCSignatureSkillHaggleGrade|ADD|4|!PREABILITY:1,CATEGORY=NPC Ability,TYPE.SigSkillHaggle	
MODIFY:VAR=NPCSignatureSkillResolveGrade|ADD|4|!PREABILITY:1,CATEGORY=NPC Ability,TYPE.SigSkillResolve																																			KIT:2|Default NPC Stat Array|Rogue Gallery ~ Craftsman
Cutpurse		KEY:Rogue Gallery ~ Cutpurse		CATEGORY:NPC Ability	TYPE:PersonalLieutenantChoice	PREVARGTEQ:PersonalLieutenantXP,41													ABILITY:NPC Ability|AUTOMATIC|Class Ability (Assassin / Quick On Your Feet)|Class Ability (Burglar / Stash It)|Superior Runner I																								
MODIFY:VAR=NPCInitiativeGrade|ADD|4|!PREABILITY:1,CATEGORY=NPC Ability,TYPE.InitiativeChoice	
MODIFY:VAR=NPCAttackGrade|ADD|3|!PREABILITY:1,CATEGORY=NPC Ability,TYPE.AttackChoice	
MODIFY:VAR=NPCDefenseGrade|ADD|5|!PREABILITY:1,CATEGORY=NPC Ability,TYPE.DefenseChoice	
MODIFY:VAR=NPCResilienceGrade|ADD|2|!PREABILITY:1,CATEGORY=NPC Ability,TYPE.ResilienceChoice	
MODIFY:VAR=NPCHealthGrade|ADD|2|!PREABILITY:1,CATEGORY=NPC Ability,TYPE.HealthChoice	
MODIFY:VAR=NPCCompetenceGrade|ADD|2|!PREABILITY:1,CATEGORY=NPC Ability,TYPE.CompetenceChoice	
MODIFY:VAR=NPCSignatureSkillBlendGrade|ADD|7|!PREABILITY:1,CATEGORY=NPC Ability,TYPE.SigSkillBlend	
MODIFY:VAR=NPCSignatureSkillDisguiseGrade|ADD|4|!PREABILITY:1,CATEGORY=NPC Ability,TYPE.SigSkillDisguise	
MODIFY:VAR=NPCSignatureSkillPrestidigitationGrade|ADD|7|!PREABILITY:1,CATEGORY=NPC Ability,TYPE.SigSkillPrestidigitation																																KIT:2|Default NPC Stat Array|Rogue Gallery ~ Cutpurse
Damsel		KEY:Rogue Gallery ~ Damsel		CATEGORY:NPC Ability	TYPE:PersonalLieutenantChoice	PREVARGTEQ:PersonalLieutenantXP,37	AUTO:FEAT|Comely|Repartee Basics							ABILITY:NPC Ability|AUTOMATIC|Attractive III|Honorable																																				
MODIFY:VAR=NPCInitiativeGrade|ADD|1|!PREABILITY:1,CATEGORY=NPC Ability,TYPE.InitiativeChoice	
MODIFY:VAR=NPCAttackGrade|ADD|2|!PREABILITY:1,CATEGORY=NPC Ability,TYPE.AttackChoice	
MODIFY:VAR=NPCDefenseGrade|ADD|4|!PREABILITY:1,CATEGORY=NPC Ability,TYPE.DefenseChoice	
MODIFY:VAR=NPCResilienceGrade|ADD|2|!PREABILITY:1,CATEGORY=NPC Ability,TYPE.ResilienceChoice	
MODIFY:VAR=NPCHealthGrade|ADD|2|!PREABILITY:1,CATEGORY=NPC Ability,TYPE.HealthChoice	
MODIFY:VAR=NPCCompetenceGrade|ADD|2|!PREABILITY:1,CATEGORY=NPC Ability,TYPE.CompetenceChoice	
MODIFY:VAR=NPCSignatureSkillImpressGrade|ADD|8|!PREABILITY:1,CATEGORY=NPC Ability,TYPE.SigSkillImpress	
MODIFY:VAR=NPCSignatureSkillIntimidateGrade|ADD|3|!PREABILITY:1,CATEGORY=NPC Ability,TYPE.SigSkillIntimidate	
MODIFY:VAR=NPCSignatureSkillRideGrade|ADD|3|!PREABILITY:1,CATEGORY=NPC Ability,TYPE.SigSkillRide																																		KIT:2|Default NPC Stat Array|Rogue Gallery ~ Damsel
Devotee		KEY:Rogue Gallery ~ Devotee		CATEGORY:NPC Ability	TYPE:PersonalLieutenantChoice	PREVARGTEQ:PersonalLieutenantXP,31													ABILITY:NPC Ability|AUTOMATIC|Devoted II (Any Alignment)|Honorable|Interests (Alignment)																															
MODIFY:VAR=NPCInitiativeGrade|ADD|2|!PREABILITY:1,CATEGORY=NPC Ability,TYPE.InitiativeChoice	
MODIFY:VAR=NPCAttackGrade|ADD|3|!PREABILITY:1,CATEGORY=NPC Ability,TYPE.AttackChoice	
MODIFY:VAR=NPCDefenseGrade|ADD|2|!PREABILITY:1,CATEGORY=NPC Ability,TYPE.DefenseChoice	
MODIFY:VAR=NPCResilienceGrade|ADD|5|!PREABILITY:1,CATEGORY=NPC Ability,TYPE.ResilienceChoice	
MODIFY:VAR=NPCHealthGrade|ADD|2|!PREABILITY:1,CATEGORY=NPC Ability,TYPE.HealthChoice	
MODIFY:VAR=NPCCompetenceGrade|ADD|1|!PREABILITY:1,CATEGORY=NPC Ability,TYPE.CompetenceChoice	
MODIFY:VAR=NPCSignatureSkillImpressGrade|ADD|3|!PREABILITY:1,CATEGORY=NPC Ability,TYPE.SigSkillImpress	
MODIFY:VAR=NPCSignatureSkillResolveGrade|ADD|6|!PREABILITY:1,CATEGORY=NPC Ability,TYPE.SigSkillResolve																																																			KIT:2|Default NPC Stat Array|Rogue Gallery ~ Devotee
Entertainer		KEY:Rogue Gallery ~ Entertainer	CATEGORY:NPC Ability	TYPE:PersonalLieutenantChoice	PREVARGTEQ:PersonalLieutenantXP,34													ABILITY:NPC Ability|AUTOMATIC|Beguiling|Class Ability (Burglar / Slippery)|Expertise (Impress)																														
MODIFY:VAR=NPCInitiativeGrade|ADD|3|!PREABILITY:1,CATEGORY=NPC Ability,TYPE.InitiativeChoice	
MODIFY:VAR=NPCAttackGrade|ADD|2|!PREABILITY:1,CATEGORY=NPC Ability,TYPE.AttackChoice	
MODIFY:VAR=NPCDefenseGrade|ADD|3|!PREABILITY:1,CATEGORY=NPC Ability,TYPE.DefenseChoice	
MODIFY:VAR=NPCResilienceGrade|ADD|2|!PREABILITY:1,CATEGORY=NPC Ability,TYPE.ResilienceChoice	
MODIFY:VAR=NPCHealthGrade|ADD|1|!PREABILITY:1,CATEGORY=NPC Ability,TYPE.HealthChoice	
MODIFY:VAR=NPCCompetenceGrade|ADD|3|!PREABILITY:1,CATEGORY=NPC Ability,TYPE.CompetenceChoice	
MODIFY:VAR=NPCSignatureSkillAcrobaticsGrade|ADD|4|!PREABILITY:1,CATEGORY=NPC Ability,TYPE.SigSkillAcrobatics	
MODIFY:VAR=NPCSignatureSkillImpressGrade|ADD|6|!PREABILITY:1,CATEGORY=NPC Ability,TYPE.SigSkillImpress	
MODIFY:VAR=NPCSignatureSkillPrestidigitationGrade|ADD|4|!PREABILITY:1,CATEGORY=NPC Ability,TYPE.SigSkillPrestidigitation																														KIT:2|Default NPC Stat Array|Rogue Gallery ~ Entertainer
Farmer		KEY:Rogue Gallery ~ Farmer		CATEGORY:NPC Ability	TYPE:PersonalLieutenantChoice	PREVARGTEQ:PersonalLieutenantXP,28																																																										
MODIFY:VAR=NPCInitiativeGrade|ADD|2|!PREABILITY:1,CATEGORY=NPC Ability,TYPE.InitiativeChoice	
MODIFY:VAR=NPCAttackGrade|ADD|3|!PREABILITY:1,CATEGORY=NPC Ability,TYPE.AttackChoice	
MODIFY:VAR=NPCDefenseGrade|ADD|1|!PREABILITY:1,CATEGORY=NPC Ability,TYPE.DefenseChoice	
MODIFY:VAR=NPCResilienceGrade|ADD|4|!PREABILITY:1,CATEGORY=NPC Ability,TYPE.ResilienceChoice	
MODIFY:VAR=NPCHealthGrade|ADD|5|!PREABILITY:1,CATEGORY=NPC Ability,TYPE.HealthChoice	
MODIFY:VAR=NPCCompetenceGrade|ADD|1|!PREABILITY:1,CATEGORY=NPC Ability,TYPE.CompetenceChoice	
MODIFY:VAR=NPCSignatureSkillAthleticsGrade|ADD|4|!PREABILITY:1,CATEGORY=NPC Ability,TYPE.SigSkillAthletics	
MODIFY:VAR=NPCSignatureSkillCraftingGrade|ADD|4|!PREABILITY:1,CATEGORY=NPC Ability,TYPE.SigSkillCrafting	
MODIFY:VAR=NPCSignatureSkillSurvivalGrade|ADD|4|!PREABILITY:1,CATEGORY=NPC Ability,TYPE.SigSkillSurvival																																		KIT:2|Default NPC Stat Array|Rogue Gallery ~ Farmer
Fortune Teller	KEY:Rogue Gallery ~ Fortune Teller	CATEGORY:NPC Ability	TYPE:PersonalLieutenantChoice	PREVARGTEQ:PersonalLieutenantXP,44	AUTO:FEAT|Basic Skill Mastery (Actor)|Lady Luck's Smile			ABILITY:NPC Ability|AUTOMATIC|Spell Defense I																																						
MODIFY:VAR=NPCInitiativeGrade|ADD|7|!PREABILITY:1,CATEGORY=NPC Ability,TYPE.InitiativeChoice	
MODIFY:VAR=NPCAttackGrade|ADD|3|!PREABILITY:1,CATEGORY=NPC Ability,TYPE.AttackChoice	
MODIFY:VAR=NPCDefenseGrade|ADD|5|!PREABILITY:1,CATEGORY=NPC Ability,TYPE.DefenseChoice	
MODIFY:VAR=NPCResilienceGrade|ADD|2|!PREABILITY:1,CATEGORY=NPC Ability,TYPE.ResilienceChoice	
MODIFY:VAR=NPCHealthGrade|ADD|2|!PREABILITY:1,CATEGORY=NPC Ability,TYPE.HealthChoice	
MODIFY:VAR=NPCCompetenceGrade|ADD|3|!PREABILITY:1,CATEGORY=NPC Ability,TYPE.CompetenceChoice	
MODIFY:VAR=NPCSignatureSkillBluffGrade|ADD|5|!PREABILITY:1,CATEGORY=NPC Ability,TYPE.SigSkillBluff	
MODIFY:VAR=NPCSignatureSkillImpressGrade|ADD|5|!PREABILITY:1,CATEGORY=NPC Ability,TYPE.SigSkillImpress	
MODIFY:VAR=NPCSignatureSkillSenseMotiveGrade|ADD|7|!PREABILITY:1,CATEGORY=NPC Ability,TYPE.SigSkillSenseMotive	
MODIFY:VAR=NPCSignatureSkillSpellcastingGrade|ADD|2|!PREABILITY:1,CATEGORY=NPC Ability,TYPE.SigSkillSpellcasting																KIT:2|Default NPC Stat Array|Rogue Gallery ~ Fortune Teller
Goon			KEY:Rogue Gallery ~ Goon		CATEGORY:NPC Ability	TYPE:PersonalLieutenantChoice	PREVARGTEQ:PersonalLieutenantXP,27	AUTO:FEAT|Club Basics|Horde Basics|Horde Mastery				ABILITY:NPC Ability|AUTOMATIC|Mook																																								
MODIFY:VAR=NPCInitiativeGrade|ADD|3|!PREABILITY:1,CATEGORY=NPC Ability,TYPE.InitiativeChoice	
MODIFY:VAR=NPCAttackGrade|ADD|6|!PREABILITY:1,CATEGORY=NPC Ability,TYPE.AttackChoice	
MODIFY:VAR=NPCDefenseGrade|ADD|3|!PREABILITY:1,CATEGORY=NPC Ability,TYPE.DefenseChoice	
MODIFY:VAR=NPCResilienceGrade|ADD|3|!PREABILITY:1,CATEGORY=NPC Ability,TYPE.ResilienceChoice	
MODIFY:VAR=NPCHealthGrade|ADD|1|!PREABILITY:1,CATEGORY=NPC Ability,TYPE.HealthChoice	
MODIFY:VAR=NPCCompetenceGrade|ADD|1|!PREABILITY:1,CATEGORY=NPC Ability,TYPE.CompetenceChoice	
MODIFY:VAR=NPCSignatureSkillAthleticsGrade|ADD|4|!PREABILITY:1,CATEGORY=NPC Ability,TYPE.SigSkillAthletics	
MODIFY:VAR=NPCSignatureSkillIntimidateGrade|ADD|4|!PREABILITY:1,CATEGORY=NPC Ability,TYPE.SigSkillIntimidate																																																		KIT:2|Default NPC Stat Array|Rogue Gallery ~ Goon
Guide			KEY:Rogue Gallery ~ Guide		CATEGORY:NPC Ability	TYPE:PersonalLieutenantChoice	PREVARGTEQ:PersonalLieutenantXP,37													ABILITY:NPC Ability|AUTOMATIC|Class Ability (Scout / Rough Living I)|Superior Traveler II																															
MODIFY:VAR=NPCInitiativeGrade|ADD|4|!PREABILITY:1,CATEGORY=NPC Ability,TYPE.InitiativeChoice	
MODIFY:VAR=NPCAttackGrade|ADD|2|!PREABILITY:1,CATEGORY=NPC Ability,TYPE.AttackChoice	
MODIFY:VAR=NPCDefenseGrade|ADD|2|!PREABILITY:1,CATEGORY=NPC Ability,TYPE.DefenseChoice	
MODIFY:VAR=NPCResilienceGrade|ADD|3|!PREABILITY:1,CATEGORY=NPC Ability,TYPE.ResilienceChoice	
MODIFY:VAR=NPCHealthGrade|ADD|4|!PREABILITY:1,CATEGORY=NPC Ability,TYPE.HealthChoice	
MODIFY:VAR=NPCCompetenceGrade|ADD|2|!PREABILITY:1,CATEGORY=NPC Ability,TYPE.CompetenceChoice	
MODIFY:VAR=NPCSignatureSkillMedicineGrade|ADD|4|!PREABILITY:1,CATEGORY=NPC Ability,TYPE.SigSkillMedicine	
MODIFY:VAR=NPCSignatureSkillSearchGrade|ADD|4|!PREABILITY:1,CATEGORY=NPC Ability,TYPE.SigSkillSearch	
MODIFY:VAR=NPCSignatureSkillSurvivalGrade|ADD|8|!PREABILITY:1,CATEGORY=NPC Ability,TYPE.SigSkillSurvival																																			KIT:2|Default NPC Stat Array|Rogue Gallery ~ Guide
Guild Boss		KEY:Rogue Gallery ~ Guild Boss	CATEGORY:NPC Ability	TYPE:PersonalLieutenantChoice	PREVARGTEQ:PersonalLieutenantXP,61													ABILITY:NPC Ability|AUTOMATIC|Class Ability (Assassin / Offer They Can't Refuse)|Class Ability (Courtier / Never Outdone)|Class Ability (Sage / Best Of The Best)|Condition Immunity (Baffled)														
MODIFY:VAR=NPCInitiativeGrade|ADD|2|!PREABILITY:1,CATEGORY=NPC Ability,TYPE.InitiativeChoice	
MODIFY:VAR=NPCAttackGrade|ADD|3|!PREABILITY:1,CATEGORY=NPC Ability,TYPE.AttackChoice	
MODIFY:VAR=NPCDefenseGrade|ADD|5|!PREABILITY:1,CATEGORY=NPC Ability,TYPE.DefenseChoice	
MODIFY:VAR=NPCResilienceGrade|ADD|3|!PREABILITY:1,CATEGORY=NPC Ability,TYPE.ResilienceChoice	
MODIFY:VAR=NPCHealthGrade|ADD|3|!PREABILITY:1,CATEGORY=NPC Ability,TYPE.HealthChoice	
MODIFY:VAR=NPCCompetenceGrade|ADD|5|!PREABILITY:1,CATEGORY=NPC Ability,TYPE.CompetenceChoice	
MODIFY:VAR=NPCSignatureSkillHaggleGrade|ADD|X|!PREABILITY:1,CATEGORY=NPC Ability,TYPE.SigSkillHaggle	
MODIFY:VAR=NPCSignatureSkillImpressGrade|ADD|7|!PREABILITY:1,CATEGORY=NPC Ability,TYPE.SigSkillImpress	
MODIFY:VAR=NPCSignatureSkillIntimidateGrade|ADD|7|!PREABILITY:1,CATEGORY=NPC Ability,TYPE.SigSkillIntimidate																																		KIT:2|Default NPC Stat Array|Rogue Gallery ~ Guild Boss
Hunter		KEY:Rogue Gallery ~ Hunter		CATEGORY:NPC Ability	TYPE:PersonalLieutenantChoice	PREVARGTEQ:PersonalLieutenantXP,41													ABILITY:NPC Ability|AUTOMATIC|Class Ability (Scout / Killing Blow)|Class Ability (Scout / Trophy Hunter)|Favored Foes (Animal)																								
MODIFY:VAR=NPCInitiativeGrade|ADD|4|!PREABILITY:1,CATEGORY=NPC Ability,TYPE.InitiativeChoice	
MODIFY:VAR=NPCAttackGrade|ADD|5|!PREABILITY:1,CATEGORY=NPC Ability,TYPE.AttackChoice	
MODIFY:VAR=NPCDefenseGrade|ADD|3|!PREABILITY:1,CATEGORY=NPC Ability,TYPE.DefenseChoice	
MODIFY:VAR=NPCResilienceGrade|ADD|2|!PREABILITY:1,CATEGORY=NPC Ability,TYPE.ResilienceChoice	
MODIFY:VAR=NPCHealthGrade|ADD|3|!PREABILITY:1,CATEGORY=NPC Ability,TYPE.HealthChoice	
MODIFY:VAR=NPCCompetenceGrade|ADD|2|!PREABILITY:1,CATEGORY=NPC Ability,TYPE.CompetenceChoice	
MODIFY:VAR=NPCSignatureSkillNoticeGrade|ADD|3|!PREABILITY:1,CATEGORY=NPC Ability,TYPE.SigSkillNotice	
MODIFY:VAR=NPCSignatureSkillSearchGrade|ADD|6|!PREABILITY:1,CATEGORY=NPC Ability,TYPE.SigSkillSearch	
MODIFY:VAR=NPCSignatureSkillSneakGrade|ADD|3|!PREABILITY:1,CATEGORY=NPC Ability,TYPE.SigSkillSneak	
MODIFY:VAR=NPCSignatureSkillSurvivalGrade|ADD|6|!PREABILITY:1,CATEGORY=NPC Ability,TYPE.SigSkillSurvival																				KIT:2|Default NPC Stat Array|Rogue Gallery ~ Hunter
Knight		KEY:Rogue Gallery ~ Knight		CATEGORY:NPC Ability	TYPE:PersonalLieutenantChoice	PREVARGTEQ:PersonalLieutenantXP,68	AUTO:FEAT|Armor Basics|Charging Basics						ABILITY:NPC Ability|AUTOMATIC|Class Ability (Lancer / Master Rider)|Fearless II|Honorable																															
MODIFY:VAR=NPCInitiativeGrade|ADD|4|!PREABILITY:1,CATEGORY=NPC Ability,TYPE.InitiativeChoice	
MODIFY:VAR=NPCAttackGrade|ADD|6|!PREABILITY:1,CATEGORY=NPC Ability,TYPE.AttackChoice	
MODIFY:VAR=NPCDefenseGrade|ADD|4|!PREABILITY:1,CATEGORY=NPC Ability,TYPE.DefenseChoice	
MODIFY:VAR=NPCResilienceGrade|ADD|5|!PREABILITY:1,CATEGORY=NPC Ability,TYPE.ResilienceChoice	
MODIFY:VAR=NPCHealthGrade|ADD|5|!PREABILITY:1,CATEGORY=NPC Ability,TYPE.HealthChoice	
MODIFY:VAR=NPCCompetenceGrade|ADD|2|!PREABILITY:1,CATEGORY=NPC Ability,TYPE.CompetenceChoice	
MODIFY:VAR=NPCSignatureSkillAthleticsGrade|ADD|5|!PREABILITY:1,CATEGORY=NPC Ability,TYPE.SigSkillAthletics	
MODIFY:VAR=NPCSignatureSkillImpressGrade|ADD|3|!PREABILITY:1,CATEGORY=NPC Ability,TYPE.SigSkillImpress	
MODIFY:VAR=NPCSignatureSkillResolveGrade|ADD|5|!PREABILITY:1,CATEGORY=NPC Ability,TYPE.SigSkillResolve	
MODIFY:VAR=NPCSignatureSkillRideGrade|ADD|5|!PREABILITY:1,CATEGORY=NPC Ability,TYPE.SigSkillRide	
MODIFY:VAR=NPCSignatureSkillTacticsGrade|ADD|3|!PREABILITY:1,CATEGORY=NPC Ability,TYPE.SigSkillTactics	KIT:1|Rogue Gallery ~ Knight
Laborer		KEY:Rogue Gallery ~ Laborer		CATEGORY:NPC Ability	TYPE:PersonalLieutenantChoice	PREVARGTEQ:PersonalLieutenantXP,27													ABILITY:NPC Ability|AUTOMATIC|Improved Stability																																					
MODIFY:VAR=NPCInitiativeGrade|ADD|2|!PREABILITY:1,CATEGORY=NPC Ability,TYPE.InitiativeChoice	
MODIFY:VAR=NPCAttackGrade|ADD|4|!PREABILITY:1,CATEGORY=NPC Ability,TYPE.AttackChoice	
MODIFY:VAR=NPCDefenseGrade|ADD|1|!PREABILITY:1,CATEGORY=NPC Ability,TYPE.DefenseChoice	
MODIFY:VAR=NPCResilienceGrade|ADD|2|!PREABILITY:1,CATEGORY=NPC Ability,TYPE.ResilienceChoice	
MODIFY:VAR=NPCHealthGrade|ADD|4|!PREABILITY:1,CATEGORY=NPC Ability,TYPE.HealthChoice	
MODIFY:VAR=NPCCompetenceGrade|ADD|1|!PREABILITY:1,CATEGORY=NPC Ability,TYPE.CompetenceChoice	
MODIFY:VAR=NPCSignatureSkillAthleticsGrade|ADD|5|!PREABILITY:1,CATEGORY=NPC Ability,TYPE.SigSkillAthletics	
MODIFY:VAR=NPCSignatureSkillCraftingGrade|ADD|3|!PREABILITY:1,CATEGORY=NPC Ability,TYPE.SigSkillCrafting	
MODIFY:VAR=NPCSignatureSkillHaggleGrade|ADD|3|!PREABILITY:1,CATEGORY=NPC Ability,TYPE.SigSkillHaggle																																			KIT:2|Default NPC Stat Array|Rogue Gallery ~ Laborer
Man-at-Arms		KEY:Rogue Gallery ~ Man-at-Arms	CATEGORY:NPC Ability	TYPE:PersonalLieutenantChoice	PREVARGTEQ:PersonalLieutenantXP,36	AUTO:FEAT|All-Out Attack|Combat Instincts						ABILITY:NPC Ability|AUTOMATIC|Class Ability (Soldier / Rugged Weapons)																																		
MODIFY:VAR=NPCInitiativeGrade|ADD|4|!PREABILITY:1,CATEGORY=NPC Ability,TYPE.InitiativeChoice	
MODIFY:VAR=NPCAttackGrade|ADD|4|!PREABILITY:1,CATEGORY=NPC Ability,TYPE.AttackChoice	
MODIFY:VAR=NPCDefenseGrade|ADD|3|!PREABILITY:1,CATEGORY=NPC Ability,TYPE.DefenseChoice	
MODIFY:VAR=NPCResilienceGrade|ADD|2|!PREABILITY:1,CATEGORY=NPC Ability,TYPE.ResilienceChoice	
MODIFY:VAR=NPCHealthGrade|ADD|4|!PREABILITY:1,CATEGORY=NPC Ability,TYPE.HealthChoice	
MODIFY:VAR=NPCCompetenceGrade|ADD|1|!PREABILITY:1,CATEGORY=NPC Ability,TYPE.CompetenceChoice	
MODIFY:VAR=NPCSignatureSkillAthleticsGrade|ADD|3|!PREABILITY:1,CATEGORY=NPC Ability,TYPE.SigSkillAthletics	
MODIFY:VAR=NPCSignatureSkillIntimidateGrade|ADD|3|!PREABILITY:1,CATEGORY=NPC Ability,TYPE.SigSkillIntimidate	
MODIFY:VAR=NPCSignatureSkillNoticeGrade|ADD|3|!PREABILITY:1,CATEGORY=NPC Ability,TYPE.SigSkillNotice	
MODIFY:VAR=NPCSignatureSkillTacticsGrade|ADD|3|!PREABILITY:1,CATEGORY=NPC Ability,TYPE.SigSkillTactics																	KIT:2|Default NPC Stat Array|Rogue Gallery ~ Man-at-Arms
Mercenary		KEY:Rogue Gallery ~ Mercenary		CATEGORY:NPC Ability	TYPE:PersonalLieutenantChoice	PREVARGTEQ:PersonalLieutenantXP,43													ABILITY:NPC Ability|AUTOMATIC|Always ready|Class Ability (Scout / Sneak Attack I)|Tricky (Called Shot)																												
MODIFY:VAR=NPCInitiativeGrade|ADD|4|!PREABILITY:1,CATEGORY=NPC Ability,TYPE.InitiativeChoice	
MODIFY:VAR=NPCAttackGrade|ADD|4|!PREABILITY:1,CATEGORY=NPC Ability,TYPE.AttackChoice	
MODIFY:VAR=NPCDefenseGrade|ADD|5|!PREABILITY:1,CATEGORY=NPC Ability,TYPE.DefenseChoice	
MODIFY:VAR=NPCResilienceGrade|ADD|2|!PREABILITY:1,CATEGORY=NPC Ability,TYPE.ResilienceChoice	
MODIFY:VAR=NPCHealthGrade|ADD|5|!PREABILITY:1,CATEGORY=NPC Ability,TYPE.HealthChoice	
MODIFY:VAR=NPCCompetenceGrade|ADD|2|!PREABILITY:1,CATEGORY=NPC Ability,TYPE.CompetenceChoice	
MODIFY:VAR=NPCSignatureSkillAthleticsGrade|ADD|3|!PREABILITY:1,CATEGORY=NPC Ability,TYPE.SigSkillAthletics	
MODIFY:VAR=NPCSignatureSkillHaggleGrade|ADD|5|!PREABILITY:1,CATEGORY=NPC Ability,TYPE.SigSkillHaggle	
MODIFY:VAR=NPCSignatureSkillIntimidateGrade|ADD|5|!PREABILITY:1,CATEGORY=NPC Ability,TYPE.SigSkillIntimidate	
MODIFY:VAR=NPCSignatureSkillTacticsGrade|ADD|3|!PREABILITY:1,CATEGORY=NPC Ability,TYPE.SigSkillTactics																	KIT:2|Default NPC Stat Array|Rogue Gallery ~ Mercenary
Merchant		KEY:Rogue Gallery ~ Merchant		CATEGORY:NPC Ability	TYPE:PersonalLieutenantChoice	PREVARGTEQ:PersonalLieutenantXP,33													ABILITY:NPC Ability|AUTOMATIC|Expertise (Haggle)																																					
MODIFY:VAR=NPCInitiativeGrade|ADD|2|!PREABILITY:1,CATEGORY=NPC Ability,TYPE.InitiativeChoice	
MODIFY:VAR=NPCAttackGrade|ADD|1|!PREABILITY:1,CATEGORY=NPC Ability,TYPE.AttackChoice	
MODIFY:VAR=NPCDefenseGrade|ADD|2|!PREABILITY:1,CATEGORY=NPC Ability,TYPE.DefenseChoice	
MODIFY:VAR=NPCResilienceGrade|ADD|1|!PREABILITY:1,CATEGORY=NPC Ability,TYPE.ResilienceChoice	
MODIFY:VAR=NPCHealthGrade|ADD|4|!PREABILITY:1,CATEGORY=NPC Ability,TYPE.HealthChoice	
MODIFY:VAR=NPCCompetenceGrade|ADD|3|!PREABILITY:1,CATEGORY=NPC Ability,TYPE.CompetenceChoice	
MODIFY:VAR=NPCSignatureSkillBluffGrade|ADD|4|!PREABILITY:1,CATEGORY=NPC Ability,TYPE.SigSkillBluff	
MODIFY:VAR=NPCSignatureSkillHaggleGrade|ADD|X|!PREABILITY:1,CATEGORY=NPC Ability,TYPE.SigSkillHaggle	
MODIFY:VAR=NPCSignatureSkillCraftingGrade|ADD|4|!PREABILITY:1,CATEGORY=NPC Ability,TYPE.SigSkillCrafting	
MODIFY:VAR=NPCSignatureSkillSenseMotiveGrade|ADD|4|!PREABILITY:1,CATEGORY=NPC Ability,TYPE.SigSkillSenseMotive																		KIT:2|Default NPC Stat Array|Rogue Gallery ~ Merchant
Necromancer		KEY:Rogue Gallery ~ Necromancer	CATEGORY:NPC Ability	TYPE:PersonalLieutenantChoice	PREVARGTEQ:PersonalLieutenantXP,53	AUTO:FEAT|Ghost Basics|Glint of Madness						ABILITY:NPC Ability|AUTOMATIC|Condition Immunity (Frightened)	ABILITY:NPC Ability|AUTOMATIC|Stench																												
MODIFY:VAR=NPCInitiativeGrade|ADD|2|!PREABILITY:1,CATEGORY=NPC Ability,TYPE.InitiativeChoice	
MODIFY:VAR=NPCAttackGrade|ADD|2|!PREABILITY:1,CATEGORY=NPC Ability,TYPE.AttackChoice	
MODIFY:VAR=NPCDefenseGrade|ADD|3|!PREABILITY:1,CATEGORY=NPC Ability,TYPE.DefenseChoice	
MODIFY:VAR=NPCResilienceGrade|ADD|5|!PREABILITY:1,CATEGORY=NPC Ability,TYPE.ResilienceChoice	
MODIFY:VAR=NPCHealthGrade|ADD|5|!PREABILITY:1,CATEGORY=NPC Ability,TYPE.HealthChoice	
MODIFY:VAR=NPCCompetenceGrade|ADD|3|!PREABILITY:1,CATEGORY=NPC Ability,TYPE.CompetenceChoice	
MODIFY:VAR=NPCSignatureSkillIntimidateGrade|ADD|8|!PREABILITY:1,CATEGORY=NPC Ability,TYPE.SigSkillIntimidate	
MODIFY:VAR=NPCSignatureSkillMedicineGrade|ADD|5|!PREABILITY:1,CATEGORY=NPC Ability,TYPE.SigSkillMedicine	
MODIFY:VAR=NPCSignatureSkillResolveGrade|ADD|5|!PREABILITY:1,CATEGORY=NPC Ability,TYPE.SigSkillResolve	
MODIFY:VAR=NPCSignatureSkillSpellcastingGrade|ADD|5|!PREABILITY:1,CATEGORY=NPC Ability,TYPE.SigSkillSpellcasting															KIT:2|Default NPC Stat Array|Rogue Gallery ~ Necromancer
Nobleman		KEY:Rogue Gallery ~ Nobleman		CATEGORY:NPC Ability	TYPE:PersonalLieutenantChoice	PREVARGTEQ:PersonalLieutenantXP,45	AUTO:FEAT|Repartee Basics|Repartee Mastery					ABILITY:NPC Ability|AUTOMATIC|Attractive I|Class Ability (Courtier / Only The Finest)|Class Ability (Courtier / With A Word)|Tricky (Parry)																						
MODIFY:VAR=NPCInitiativeGrade|ADD|3|!PREABILITY:1,CATEGORY=NPC Ability,TYPE.InitiativeChoice	
MODIFY:VAR=NPCAttackGrade|ADD|3|!PREABILITY:1,CATEGORY=NPC Ability,TYPE.AttackChoice	
MODIFY:VAR=NPCDefenseGrade|ADD|2|!PREABILITY:1,CATEGORY=NPC Ability,TYPE.DefenseChoice	
MODIFY:VAR=NPCResilienceGrade|ADD|5|!PREABILITY:1,CATEGORY=NPC Ability,TYPE.ResilienceChoice	
MODIFY:VAR=NPCHealthGrade|ADD|2|!PREABILITY:1,CATEGORY=NPC Ability,TYPE.HealthChoice	
MODIFY:VAR=NPCCompetenceGrade|ADD|3|!PREABILITY:1,CATEGORY=NPC Ability,TYPE.CompetenceChoice	
MODIFY:VAR=NPCSignatureSkillImpressGrade|ADD|5|!PREABILITY:1,CATEGORY=NPC Ability,TYPE.SigSkillImpress	
MODIFY:VAR=NPCSignatureSkillIntimidateGrade|ADD|4|!PREABILITY:1,CATEGORY=NPC Ability,TYPE.SigSkillIntimidate	
MODIFY:VAR=NPCSignatureSkillRideGrade|ADD|4|!PREABILITY:1,CATEGORY=NPC Ability,TYPE.SigSkillRide	
MODIFY:VAR=NPCSignatureSkillSenseMotiveGrade|ADD|4|!PREABILITY:1,CATEGORY=NPC Ability,TYPE.SigSkillSenseMotive																KIT:2|Default NPC Stat Array|Rogue Gallery ~ Nobleman
Outrider		KEY:Rogue Gallery ~ Outrider		CATEGORY:NPC Ability	TYPE:PersonalLieutenantChoice	PREVARGTEQ:PersonalLieutenantXP,37													ABILITY:NPC Ability|AUTOMATIC|Improved Sense (Sight)|Light Sleeper																																		
MODIFY:VAR=NPCInitiativeGrade|ADD|5|!PREABILITY:1,CATEGORY=NPC Ability,TYPE.InitiativeChoice	
MODIFY:VAR=NPCAttackGrade|ADD|2|!PREABILITY:1,CATEGORY=NPC Ability,TYPE.AttackChoice	
MODIFY:VAR=NPCDefenseGrade|ADD|4|!PREABILITY:1,CATEGORY=NPC Ability,TYPE.DefenseChoice	
MODIFY:VAR=NPCResilienceGrade|ADD|2|!PREABILITY:1,CATEGORY=NPC Ability,TYPE.ResilienceChoice	
MODIFY:VAR=NPCHealthGrade|ADD|3|!PREABILITY:1,CATEGORY=NPC Ability,TYPE.HealthChoice	
MODIFY:VAR=NPCCompetenceGrade|ADD|2|!PREABILITY:1,CATEGORY=NPC Ability,TYPE.CompetenceChoice	
MODIFY:VAR=NPCSignatureSkillNoticeGrade|ADD|7|!PREABILITY:1,CATEGORY=NPC Ability,TYPE.SigSkillNotice	
MODIFY:VAR=NPCSignatureSkillRideGrade|ADD|7|!PREABILITY:1,CATEGORY=NPC Ability,TYPE.SigSkillRide	
MODIFY:VAR=NPCSignatureSkillSurvivalGrade|ADD|3|!PREABILITY:1,CATEGORY=NPC Ability,TYPE.SigSkillSurvival																																				KIT:2|Default NPC Stat Array|Rogue Gallery ~ Outrider
Peasant		KEY:Rogue Gallery ~ Peasant		CATEGORY:NPC Ability	TYPE:PersonalLieutenantChoice	PREVARGTEQ:PersonalLieutenantXP,20													ABILITY:NPC Ability|AUTOMATIC|Meek																																								
MODIFY:VAR=NPCInitiativeGrade|ADD|1|!PREABILITY:1,CATEGORY=NPC Ability,TYPE.InitiativeChoice	
MODIFY:VAR=NPCAttackGrade|ADD|2|!PREABILITY:1,CATEGORY=NPC Ability,TYPE.AttackChoice	
MODIFY:VAR=NPCDefenseGrade|ADD|3|!PREABILITY:1,CATEGORY=NPC Ability,TYPE.DefenseChoice	
MODIFY:VAR=NPCResilienceGrade|ADD|4|!PREABILITY:1,CATEGORY=NPC Ability,TYPE.ResilienceChoice	
MODIFY:VAR=NPCHealthGrade|ADD|2|!PREABILITY:1,CATEGORY=NPC Ability,TYPE.HealthChoice	
MODIFY:VAR=NPCCompetenceGrade|ADD|1|!PREABILITY:1,CATEGORY=NPC Ability,TYPE.CompetenceChoice	
MODIFY:VAR=NPCSignatureSkillAthleticsGrade|ADD|3|!PREABILITY:1,CATEGORY=NPC Ability,TYPE.SigSkillAthletics	
MODIFY:VAR=NPCSignatureSkillBluffGrade|ADD|3|!PREABILITY:1,CATEGORY=NPC Ability,TYPE.SigSkillBluff	
MODIFY:VAR=NPCSignatureSkillSurvivalGrade|ADD|3|!PREABILITY:1,CATEGORY=NPC Ability,TYPE.SigSkillSurvival																																			KIT:2|Default NPC Stat Array|Rogue Gallery ~ Peasant
Scholar		KEY:Rogue Gallery ~ Scholar		CATEGORY:NPC Ability	TYPE:PersonalLieutenantChoice	PREVARGTEQ:PersonalLieutenantXP,33													ABILITY:NPC Ability|AUTOMATIC|Bright I|Class Ability (Explorer / Bookworm II)|Class Ability (Keeper / Bright Idea I)|Meek																				
BONUS:ABILITYPOOL|Interests|2	
MODIFY:VAR=NPCInitiativeGrade|ADD|1|!PREABILITY:1,CATEGORY=NPC Ability,TYPE.InitiativeChoice	
MODIFY:VAR=NPCAttackGrade|ADD|1|!PREABILITY:1,CATEGORY=NPC Ability,TYPE.AttackChoice	
MODIFY:VAR=NPCDefenseGrade|ADD|2|!PREABILITY:1,CATEGORY=NPC Ability,TYPE.DefenseChoice	
MODIFY:VAR=NPCResilienceGrade|ADD|2|!PREABILITY:1,CATEGORY=NPC Ability,TYPE.ResilienceChoice	
MODIFY:VAR=NPCHealthGrade|ADD|2|!PREABILITY:1,CATEGORY=NPC Ability,TYPE.HealthChoice	
MODIFY:VAR=NPCCompetenceGrade|ADD|5|!PREABILITY:1,CATEGORY=NPC Ability,TYPE.CompetenceChoice	
MODIFY:VAR=NPCSignatureSkillInvestigateGrade|ADD|7|!PREABILITY:1,CATEGORY=NPC Ability,TYPE.SigSkillInvestigate	
MODIFY:VAR=NPCSignatureSkillMedicineGrade|ADD|7|!PREABILITY:1,CATEGORY=NPC Ability,TYPE.SigSkillMedicine																																																		KIT:2|Default NPC Stat Array|Rogue Gallery ~ Scholar
#Interests (2 Studies)|
Servant		KEY:Rogue Gallery ~ Servant		CATEGORY:NPC Ability	TYPE:PersonalLieutenantChoice	PREVARGTEQ:PersonalLieutenantXP,19													ABILITY:NPC Ability|AUTOMATIC|Meek																																								
MODIFY:VAR=NPCInitiativeGrade|ADD|2|!PREABILITY:1,CATEGORY=NPC Ability,TYPE.InitiativeChoice	
MODIFY:VAR=NPCAttackGrade|ADD|1|!PREABILITY:1,CATEGORY=NPC Ability,TYPE.AttackChoice	
MODIFY:VAR=NPCDefenseGrade|ADD|3|!PREABILITY:1,CATEGORY=NPC Ability,TYPE.DefenseChoice	
MODIFY:VAR=NPCResilienceGrade|ADD|2|!PREABILITY:1,CATEGORY=NPC Ability,TYPE.ResilienceChoice	
MODIFY:VAR=NPCHealthGrade|ADD|3|!PREABILITY:1,CATEGORY=NPC Ability,TYPE.HealthChoice	
MODIFY:VAR=NPCCompetenceGrade|ADD|2|!PREABILITY:1,CATEGORY=NPC Ability,TYPE.CompetenceChoice	
MODIFY:VAR=NPCSignatureSkillBlendGrade|ADD|5|!PREABILITY:1,CATEGORY=NPC Ability,TYPE.SigSkillBlend	
MODIFY:VAR=NPCSignatureSkillBluffGrade|ADD|3|!PREABILITY:1,CATEGORY=NPC Ability,TYPE.SigSkillBluff																																																					KIT:2|Default NPC Stat Array|Rogue Gallery ~ Servant
Strumpet		KEY:Rogue Gallery ~ Strumpet		CATEGORY:NPC Ability	TYPE:PersonalLieutenantChoice	PREVARGTEQ:PersonalLieutenantXP,27													ABILITY:NPC Ability|AUTOMATIC|Beguiling|Class Ability (Courtier / Slanderous)																																	
MODIFY:VAR=NPCInitiativeGrade|ADD|2|!PREABILITY:1,CATEGORY=NPC Ability,TYPE.InitiativeChoice	
MODIFY:VAR=NPCAttackGrade|ADD|3|!PREABILITY:1,CATEGORY=NPC Ability,TYPE.AttackChoice	
MODIFY:VAR=NPCDefenseGrade|ADD|1|!PREABILITY:1,CATEGORY=NPC Ability,TYPE.DefenseChoice	
MODIFY:VAR=NPCResilienceGrade|ADD|2|!PREABILITY:1,CATEGORY=NPC Ability,TYPE.ResilienceChoice	
MODIFY:VAR=NPCHealthGrade|ADD|2|!PREABILITY:1,CATEGORY=NPC Ability,TYPE.HealthChoice	
MODIFY:VAR=NPCCompetenceGrade|ADD|1|!PREABILITY:1,CATEGORY=NPC Ability,TYPE.CompetenceChoice	
MODIFY:VAR=NPCSignatureSkillBluffGrade|ADD|4|!PREABILITY:1,CATEGORY=NPC Ability,TYPE.SigSkillBluff	
MODIFY:VAR=NPCSignatureSkillHaggleGrade|ADD|4|!PREABILITY:1,CATEGORY=NPC Ability,TYPE.SigSkillHaggle	
MODIFY:VAR=NPCSignatureSkillImpressGrade|ADD|2|!PREABILITY:1,CATEGORY=NPC Ability,TYPE.SigSkillImpress	
MODIFY:VAR=NPCSignatureSkillPrestidigitationGrade|ADD|2|!PREABILITY:1,CATEGORY=NPC Ability,TYPE.SigSkillPrestidigitation																KIT:2|Default NPC Stat Array|Rogue Gallery ~ Strumpet
Town Drunk		KEY:Rogue Gallery ~ Town Drunk	CATEGORY:NPC Ability	TYPE:PersonalLieutenantChoice	PREVARGTEQ:PersonalLieutenantXP,19													ABILITY:NPC Ability|AUTOMATIC|Clumsy|Feral|Frenzy I|Stench																																				
MODIFY:VAR=NPCInitiativeGrade|ADD|1|!PREABILITY:1,CATEGORY=NPC Ability,TYPE.InitiativeChoice	
MODIFY:VAR=NPCAttackGrade|ADD|4|!PREABILITY:1,CATEGORY=NPC Ability,TYPE.AttackChoice	
MODIFY:VAR=NPCDefenseGrade|ADD|1|!PREABILITY:1,CATEGORY=NPC Ability,TYPE.DefenseChoice	
MODIFY:VAR=NPCResilienceGrade|ADD|3|!PREABILITY:1,CATEGORY=NPC Ability,TYPE.ResilienceChoice	
MODIFY:VAR=NPCHealthGrade|ADD|1|!PREABILITY:1,CATEGORY=NPC Ability,TYPE.HealthChoice	
MODIFY:VAR=NPCSignatureSkillAthleticsGrade|ADD|2|!PREABILITY:1,CATEGORY=NPC Ability,TYPE.SigSkillAthletics	
MODIFY:VAR=NPCSignatureSkillInvestigateGrade|ADD|2|!PREABILITY:1,CATEGORY=NPC Ability,TYPE.SigSkillInvestigate	
MODIFY:VAR=GroundMove|-10																																																												KIT:1|Rogue Gallery ~ Town Drunk
Town Crier		KEY:Rogue Gallery ~ Town Crier	CATEGORY:NPC Ability	TYPE:PersonalLieutenantChoice	PREVARGTEQ:PersonalLieutenantXP,25													ABILITY:NPC Ability|AUTOMATIC|Expertise (Impress)																																					
MODIFY:VAR=NPCInitiativeGrade|ADD|2|!PREABILITY:1,CATEGORY=NPC Ability,TYPE.InitiativeChoice	
MODIFY:VAR=NPCAttackGrade|ADD|1|!PREABILITY:1,CATEGORY=NPC Ability,TYPE.AttackChoice	
MODIFY:VAR=NPCDefenseGrade|ADD|3|!PREABILITY:1,CATEGORY=NPC Ability,TYPE.DefenseChoice	
MODIFY:VAR=NPCResilienceGrade|ADD|2|!PREABILITY:1,CATEGORY=NPC Ability,TYPE.ResilienceChoice	
MODIFY:VAR=NPCHealthGrade|ADD|2|!PREABILITY:1,CATEGORY=NPC Ability,TYPE.HealthChoice	
MODIFY:VAR=NPCCompetenceGrade|ADD|2|!PREABILITY:1,CATEGORY=NPC Ability,TYPE.CompetenceChoice	
MODIFY:VAR=NPCSignatureSkillImpressGrade|ADD|3|!PREABILITY:1,CATEGORY=NPC Ability,TYPE.SigSkillImpress	
MODIFY:VAR=NPCSignatureSkillInvestigateGrade|ADD|5|!PREABILITY:1,CATEGORY=NPC Ability,TYPE.SigSkillInvestigate	
MODIFY:VAR=NPCSignatureSkillNoticeGrade|ADD|3|!PREABILITY:1,CATEGORY=NPC Ability,TYPE.SigSkillNotice																																		KIT:2|Default NPC Stat Array|Rogue Gallery ~ Town Crier
Treasure Hunter	KEY:Rogue Gallery ~ Treasure Hunter	CATEGORY:NPC Ability	TYPE:PersonalLieutenantChoice	PREVARGTEQ:PersonalLieutenantXP,56													ABILITY:NPC Ability|AUTOMATIC|Class Ability (Burglar / Evasion I)|Class Ability (Explorer / Tomb Raider)|Class Ability (Explorer / Uncanny Dodge III)|Fearless I																			
MODIFY:VAR=NPCInitiativeGrade|ADD|4|!PREABILITY:1,CATEGORY=NPC Ability,TYPE.InitiativeChoice	
MODIFY:VAR=NPCAttackGrade|ADD|3|!PREABILITY:1,CATEGORY=NPC Ability,TYPE.AttackChoice	
MODIFY:VAR=NPCDefenseGrade|ADD|5|!PREABILITY:1,CATEGORY=NPC Ability,TYPE.DefenseChoice	
MODIFY:VAR=NPCResilienceGrade|ADD|5|!PREABILITY:1,CATEGORY=NPC Ability,TYPE.ResilienceChoice	
MODIFY:VAR=NPCHealthGrade|ADD|3|!PREABILITY:1,CATEGORY=NPC Ability,TYPE.HealthChoice	
MODIFY:VAR=NPCCompetenceGrade|ADD|2|!PREABILITY:1,CATEGORY=NPC Ability,TYPE.CompetenceChoice	
MODIFY:VAR=NPCSignatureSkillAcrobaticsGrade|ADD|4|!PREABILITY:1,CATEGORY=NPC Ability,TYPE.SigSkillAcrobatics	
MODIFY:VAR=NPCSignatureSkillHaggleGrade|ADD|4|!PREABILITY:1,CATEGORY=NPC Ability,TYPE.SigSkillHaggle	
MODIFY:VAR=NPCSignatureSkillPrestidigitationGrade|ADD|7|!PREABILITY:1,CATEGORY=NPC Ability,TYPE.SigSkillPrestidigitation	
MODIFY:VAR=NPCSignatureSkillSearchGrade|ADD|7|!PREABILITY:1,CATEGORY=NPC Ability,TYPE.SigSkillSearch															KIT:2|Default NPC Stat Array|Rogue Gallery ~ Treasure Hunter
# Treasure Hunter - Uncanny Dodge III belongs?
Warlord		KEY:Rogue Gallery ~ Warlord		CATEGORY:NPC Ability	TYPE:PersonalLieutenantChoice	PREVARGTEQ:PersonalLieutenantXP,71	AUTO:FEAT|Battlefield Trickery|Coordinated Attack|Coordinated Move	ABILITY:NPC Ability|AUTOMATIC|Class Ability (Captain / Battle Planning I) (Crush Them!)|Class Ability (Captain / Battle Planning I) (Press On!)|Class Ability (Captain / Battle Planning I) (Take Heart)|Fearless I|Frenzy II|Menacing Threat						
MODIFY:VAR=NPCInitiativeGrade|ADD|5|!PREABILITY:1,CATEGORY=NPC Ability,TYPE.InitiativeChoice	
MODIFY:VAR=NPCAttackGrade|ADD|4|!PREABILITY:1,CATEGORY=NPC Ability,TYPE.AttackChoice	
MODIFY:VAR=NPCDefenseGrade|ADD|4|!PREABILITY:1,CATEGORY=NPC Ability,TYPE.DefenseChoice	
MODIFY:VAR=NPCResilienceGrade|ADD|4|!PREABILITY:1,CATEGORY=NPC Ability,TYPE.ResilienceChoice	
MODIFY:VAR=NPCHealthGrade|ADD|4|!PREABILITY:1,CATEGORY=NPC Ability,TYPE.HealthChoice	
MODIFY:VAR=NPCCompetenceGrade|ADD|3|!PREABILITY:1,CATEGORY=NPC Ability,TYPE.CompetenceChoice	
MODIFY:VAR=NPCSignatureSkillIntimidateGrade|ADD|8|!PREABILITY:1,CATEGORY=NPC Ability,TYPE.SigSkillIntimidate	
MODIFY:VAR=NPCSignatureSkillResolveGrade|ADD|4|!PREABILITY:1,CATEGORY=NPC Ability,TYPE.SigSkillResolve	
MODIFY:VAR=NPCSignatureSkillTacticsGrade|ADD|8|!PREABILITY:1,CATEGORY=NPC Ability,TYPE.SigSkillTactics																																	KIT:1|Rogue Gallery ~ Warlord
Watchman		KEY:Rogue Gallery ~ Watchman		CATEGORY:NPC Ability	TYPE:PersonalLieutenantChoice	PREVARGTEQ:PersonalLieutenantXP,37	AUTO:FEAT|Basic Skill Mastery (Investigator)|Combat Instincts		ABILITY:NPC Ability|AUTOMATIC|Improved Sense (Hearing)																																				
MODIFY:VAR=NPCInitiativeGrade|ADD|5|!PREABILITY:1,CATEGORY=NPC Ability,TYPE.InitiativeChoice	
MODIFY:VAR=NPCAttackGrade|ADD|2|!PREABILITY:1,CATEGORY=NPC Ability,TYPE.AttackChoice	
MODIFY:VAR=NPCDefenseGrade|ADD|2|!PREABILITY:1,CATEGORY=NPC Ability,TYPE.DefenseChoice	
MODIFY:VAR=NPCResilienceGrade|ADD|3|!PREABILITY:1,CATEGORY=NPC Ability,TYPE.ResilienceChoice	
MODIFY:VAR=NPCHealthGrade|ADD|3|!PREABILITY:1,CATEGORY=NPC Ability,TYPE.HealthChoice	
MODIFY:VAR=NPCCompetenceGrade|ADD|2|!PREABILITY:1,CATEGORY=NPC Ability,TYPE.CompetenceChoice	
MODIFY:VAR=NPCSignatureSkillInvestigateGrade|ADD|5|!PREABILITY:1,CATEGORY=NPC Ability,TYPE.SigSkillInvestigate	
MODIFY:VAR=NPCSignatureSkillNoticeGrade|ADD|5|!PREABILITY:1,CATEGORY=NPC Ability,TYPE.SigSkillNotice	
MODIFY:VAR=NPCSignatureSkillSearchGrade|ADD|5|!PREABILITY:1,CATEGORY=NPC Ability,TYPE.SigSkillSearch																																			KIT:2|Default NPC Stat Array|Rogue Gallery ~ Watchman
Wizard		KEY:Rogue Gallery ~ Wizard		CATEGORY:NPC Ability	TYPE:PersonalLieutenantChoice	PREVARGTEQ:PersonalLieutenantXP,56	AUTO:FEAT|Casting Basics								ABILITY:NPC Ability|AUTOMATIC|Class Ability (Mage / Arcane Wellspring I)|Expertise (Resolve)|Spell Defense II																											
MODIFY:VAR=NPCInitiativeGrade|ADD|2|!PREABILITY:1,CATEGORY=NPC Ability,TYPE.InitiativeChoice	
MODIFY:VAR=NPCAttackGrade|ADD|2|!PREABILITY:1,CATEGORY=NPC Ability,TYPE.AttackChoice	
MODIFY:VAR=NPCDefenseGrade|ADD|1|!PREABILITY:1,CATEGORY=NPC Ability,TYPE.DefenseChoice	
MODIFY:VAR=NPCResilienceGrade|ADD|3|!PREABILITY:1,CATEGORY=NPC Ability,TYPE.ResilienceChoice	
MODIFY:VAR=NPCHealthGrade|ADD|2|!PREABILITY:1,CATEGORY=NPC Ability,TYPE.HealthChoice	
MODIFY:VAR=NPCCompetenceGrade|ADD|5|!PREABILITY:1,CATEGORY=NPC Ability,TYPE.CompetenceChoice	
MODIFY:VAR=NPCSignatureSkillInvestigateGrade|ADD|7|!PREABILITY:1,CATEGORY=NPC Ability,TYPE.SigSkillInvestigate	
MODIFY:VAR=NPCSignatureSkillResolveGrade|ADD|7|!PREABILITY:1,CATEGORY=NPC Ability,TYPE.SigSkillResolve	
MODIFY:VAR=NPCSignatureSkillSpellcastingGrade|ADD|7|!PREABILITY:1,CATEGORY=NPC Ability,TYPE.SigSkillSpellcasting																																KIT:1|Rogue Gallery ~ Wizard
Worshipper		KEY:Rogue Gallery ~ Worshipper	CATEGORY:NPC Ability	TYPE:PersonalLieutenantChoice	PREVARGTEQ:PersonalLieutenantXP,25													ABILITY:NPC Ability|AUTOMATIC|Cagey I|Class Ability (Sage / Assistance I)|Honorable|Interests (Alignment)																												
MODIFY:VAR=NPCInitiativeGrade|ADD|2|!PREABILITY:1,CATEGORY=NPC Ability,TYPE.InitiativeChoice	
MODIFY:VAR=NPCAttackGrade|ADD|2|!PREABILITY:1,CATEGORY=NPC Ability,TYPE.AttackChoice	
MODIFY:VAR=NPCDefenseGrade|ADD|3|!PREABILITY:1,CATEGORY=NPC Ability,TYPE.DefenseChoice	
MODIFY:VAR=NPCResilienceGrade|ADD|4|!PREABILITY:1,CATEGORY=NPC Ability,TYPE.ResilienceChoice	
MODIFY:VAR=NPCHealthGrade|ADD|2|!PREABILITY:1,CATEGORY=NPC Ability,TYPE.HealthChoice	
MODIFY:VAR=NPCCompetenceGrade|ADD|2|!PREABILITY:1,CATEGORY=NPC Ability,TYPE.CompetenceChoice	
MODIFY:VAR=NPCSignatureSkillResolveGrade|ADD|5|!PREABILITY:1,CATEGORY=NPC Ability,TYPE.SigSkillResolve																																																																				KIT:2|Default NPC Stat Array|Rogue Gallery ~ Worshipper

#
# END
#
