# CVS $Revision: 22509 $ $Author: amaitland $ -- Tue Mar 13 22:54:25 2012 -- reformated by prettylst.pl v1.39 (build 15052)
SOURCELONG:Fantasy Craft	SOURCESHORT:FC	SOURCEDATE:2009-07
# Original Entry By: Dragon Dark Lord
# Original Entry Date: 2011-03-01


# NPC Race Type Sets Class - These are phantom to allow bonuses elsewhere

# Class Name	Hit Dice	Type			Max Level	Visible	Bonus to HP
CLASS:Animal	TYPE:NPC.Monster	MAXLEVEL:1	VISIBLE:NO	
# Class Name	Maximum Level
CLASS:Animal	PRELEVELMAX:1

# Class Name	Hit Dice	Type			Max Level	Visible	Bonus to HP
CLASS:Beast		TYPE:NPC.Monster	MAXLEVEL:1	VISIBLE:NO	
# Class Name	Maximum Level
CLASS:Beast		PRELEVELMAX:1

# Class Name	Hit Dice	Type			Max Level	Visible	Bonus to HP
CLASS:Construct	TYPE:NPC.Monster	MAXLEVEL:1	VISIBLE:NO	
# Class Name	Maximum Level
CLASS:Construct	PRELEVELMAX:1

# Class Name	Hit Dice	Type			Max Level	Visible	Bonus to HP
CLASS:Elemental	TYPE:NPC.Monster	MAXLEVEL:1	VISIBLE:NO	
# Class Name	Maximum Level
CLASS:Elemental	PRELEVELMAX:1

# Class Name	Hit Dice	Type			Max Level	Visible	Bonus to HP
CLASS:Fey		TYPE:NPC.Monster	MAXLEVEL:1	VISIBLE:NO	
# Class Name	Maximum Level
CLASS:Fey		PRELEVELMAX:1

# Class Name	Hit Dice	Type			Max Level	Visible	Bonus to HP
CLASS:Folk		TYPE:NPC.Monster	MAXLEVEL:1	VISIBLE:NO	
# Class Name	Maximum Level
CLASS:Folk		PRELEVELMAX:1

# Class Name	Hit Dice	Type			Max Level	Visible	Bonus to HP
CLASS:Horror	TYPE:NPC.Monster	MAXLEVEL:1	VISIBLE:NO	
# Class Name	Maximum Level
CLASS:Horror	PRELEVELMAX:1

# Class Name	Hit Dice	Type			Max Level	Visible	Bonus to HP
CLASS:Ooze		TYPE:NPC.Monster	MAXLEVEL:1	VISIBLE:NO	
# Class Name	Maximum Level
CLASS:Ooze		PRELEVELMAX:1

# Class Name	Hit Dice	Type			Max Level	Visible	Bonus to HP
CLASS:Outsider	TYPE:NPC.Monster	MAXLEVEL:1	VISIBLE:NO	
# Class Name	Maximum Level
CLASS:Outsider	PRELEVELMAX:1

# Class Name	Hit Dice	Type			Max Level	Visible	Bonus to HP
CLASS:Plant		TYPE:NPC.Monster	MAXLEVEL:1	VISIBLE:NO	
# Class Name	Maximum Level
CLASS:Plant		PRELEVELMAX:1

# Class Name	Hit Dice	Type			Max Level	Visible	Bonus to HP
CLASS:Spirit	TYPE:NPC.Monster	MAXLEVEL:1	VISIBLE:NO	
# Class Name	Maximum Level
CLASS:Spirit	PRELEVELMAX:1

# Class Name	Hit Dice	Type			Max Level	Visible	Bonus to HP
CLASS:Undead	TYPE:NPC.Monster	MAXLEVEL:1	VISIBLE:NO	
# Class Name	Maximum Level
CLASS:Undead	PRELEVELMAX:1
