# CVS $Revision: 25050 $ $Author: amaitland $ -- Wed Sep  3 00:18:24 2014 -- reformated by prettylst.pl v1.51 (build 24947)
SOURCELONG:Fantasy Craft	SOURCESHORT:FC	SOURCEDATE:2009-07
# Original Entry By: Dragon Dark Lord
# Original Entry Date: 2011-03-01

# Animal Partner
# Class of the Master			Type					Ability														Define				Bonus Ability Pool					Modify VAR
FOLLOWER:AnimalPartnerLvl=0		TYPE:Animal Partner		ABILITY:NPC Ability|AUTOMATIC|Special Character	MODIFY:NPCThreatLvl|SET|1

# Personal Lieutenant
FOLLOWER:PersonalLieutenantLvl=0	TYPE:Personal Lieutenant	ABILITY:Internal|AUTOMATIC|NPC Basics	ABILITY:NPC Ability|AUTOMATIC|Special Character			MODIFY:ABILITYPOOL=Personal Lieutenant Choice|ADD|1	MODIFY:NPCThreatLvl|SET|1
###Block:
FOLLOWER:PersonalLieutenantLvl=0	TYPE:Personal Lieutenant	MODIFY:VAR=PersonalLieutenantXP|ADD|50
#
FOLLOWER:PersonalLieutenantXP=55	TYPE:Personal Lieutenant	MODIFY:VAR=PersonalLieutenantXP|ADD|5
FOLLOWER:PersonalLieutenantXP=60	TYPE:Personal Lieutenant	MODIFY:VAR=PersonalLieutenantXP|ADD|5
FOLLOWER:PersonalLieutenantXP=65	TYPE:Personal Lieutenant	MODIFY:VAR=PersonalLieutenantXP|ADD|5
FOLLOWER:PersonalLieutenantXP=70	TYPE:Personal Lieutenant	MODIFY:VAR=PersonalLieutenantXP|ADD|5
FOLLOWER:PersonalLieutenantXP=75	TYPE:Personal Lieutenant	MODIFY:VAR=PersonalLieutenantXP|ADD|5
FOLLOWER:PersonalLieutenantXP=80	TYPE:Personal Lieutenant	MODIFY:VAR=PersonalLieutenantXP|ADD|5
FOLLOWER:PersonalLieutenantXP=85	TYPE:Personal Lieutenant	MODIFY:VAR=PersonalLieutenantXP|ADD|5


#
# END
#
