# CVS $Revision: 25136 $ $Author: amaitland $ -- Mon Sep 15 21:55:54 2014 -- reformated by prettylst.pl v1.51 (build 25129)
SOURCELONG:Fantasy Craft	SOURCESHORT:FC	SOURCEDATE:2009-07
# Original Entry By: Dragon Dark Lord
# Original Entry Date: 2011-03-01

# 1st level only
# Ability Name	Unique Key		Category of Ability		Type										Define			Multiple?	Choose								Selections	Ability												Modify VAR			Aspects				Benefits
Native Language				CATEGORY:Special Ability	TYPE:SpecialQuality.LanguageDisplay.language_list						MULT:YES	CHOOSE:USERINPUT|TITLE=Select Native Language																					ASPECT:Language|%1|%LIST	BENEFIT:%1|%LIST
Native Culture				CATEGORY:Special Ability	TYPE:SpecialQuality											MULT:YES	CHOOSE:USERINPUT|TITLE=Select Native Culture																	MODIFY:VAR=StudyCount|ADD|1
# Single Choice Only
Alignment					CATEGORY:Special Ability	TYPE:SpecialQuality.Alignment										MULT:YES	CHOOSE:USERINPUT|TITLE=Select Only One Alignment																				ASPECT:Alignment|%1|%LIST
# Multiples
Language					CATEGORY:Special Ability	TYPE:SpecialQuality.Language.LanguageDisplay.language_list					MULT:YES	CHOOSE:USERINPUT|TITLE=Select Language			SELECT:1																		ASPECT:Language|%1|%LIST	BENEFIT:%1|%LIST
Study						CATEGORY:Special Ability	TYPE:SpecialQuality.Study.Studies									MULT:YES	CHOOSE:USERINPUT|TITLE=Select Study				SELECT:1														MODIFY:VAR=StudyCount|ADD|1


# Alignment Progression
Air			KEY:Air		CATEGORY:Path			TYPE:AlignmentPathChoice																			ABILITY:Special Ability|AUTOMATIC|Air I|PREVARGTEQ:Air,1
Beasts		KEY:Beasts		CATEGORY:Path			TYPE:AlignmentPathChoice																			ABILITY:Special Ability|AUTOMATIC|Beasts I|PREVARGTEQ:Beasts,1
Beauty		KEY:Beauty		CATEGORY:Path			TYPE:AlignmentPathChoice																			ABILITY:Special Ability|AUTOMATIC|Beauty I|PREVARGTEQ:Beauty,1
Chaos			KEY:Chaos		CATEGORY:Path			TYPE:AlignmentPathChoice																			ABILITY:Special Ability|AUTOMATIC|Chaos I|PREVARGTEQ:Chaos,1
Curses		KEY:Curses		CATEGORY:Path			TYPE:AlignmentPathChoice																			ABILITY:Special Ability|AUTOMATIC|Curses I|PREVARGTEQ:Curses,1
Darkness		KEY:Darkness	CATEGORY:Path			TYPE:AlignmentPathChoice																			ABILITY:Special Ability|AUTOMATIC|Darkness I|PREVARGTEQ:Darkness,1
Death			KEY:Death		CATEGORY:Path			TYPE:AlignmentPathChoice																			ABILITY:Special Ability|AUTOMATIC|Death I|PREVARGTEQ:Death,1
Deceit		KEY:Deceit		CATEGORY:Path			TYPE:AlignmentPathChoice																			ABILITY:Special Ability|AUTOMATIC|Deceit I|PREVARGTEQ:Deceit,1
Destruction		KEY:Destruction	CATEGORY:Path			TYPE:AlignmentPathChoice																			ABILITY:Special Ability|AUTOMATIC|Destruction I|PREVARGTEQ:Destruction,1
Earth			KEY:Earth		CATEGORY:Path			TYPE:AlignmentPathChoice																			ABILITY:Special Ability|AUTOMATIC|Earth I|PREVARGTEQ:Earth,1
Evil			KEY:Evil		CATEGORY:Path			TYPE:AlignmentPathChoice																			ABILITY:Special Ability|AUTOMATIC|Evil I|PREVARGTEQ:Evil,1
Fire			KEY:Fire		CATEGORY:Path			TYPE:AlignmentPathChoice																			ABILITY:Special Ability|AUTOMATIC|Fire I|PREVARGTEQ:Fire,1
Fortune		KEY:Fortune		CATEGORY:Path			TYPE:AlignmentPathChoice																			ABILITY:Special Ability|AUTOMATIC|Fortune I|PREVARGTEQ:Fortune,1
Good			KEY:Good		CATEGORY:Path			TYPE:AlignmentPathChoice																			ABILITY:Special Ability|AUTOMATIC|Good I|PREVARGTEQ:Good,1
Heroism		KEY:Heroism		CATEGORY:Path			TYPE:AlignmentPathChoice																			ABILITY:Special Ability|AUTOMATIC|Heroism I|PREVARGTEQ:Heroism,1
Knowledge		KEY:Knowledge	CATEGORY:Path			TYPE:AlignmentPathChoice																			ABILITY:Special Ability|AUTOMATIC|Knowledge I|PREVARGTEQ:Knowledge,1
Life			KEY:Life		CATEGORY:Path			TYPE:AlignmentPathChoice																			ABILITY:Special Ability|AUTOMATIC|Life I|PREVARGTEQ:Life,1
Light			KEY:Light		CATEGORY:Path			TYPE:AlignmentPathChoice																			ABILITY:Special Ability|AUTOMATIC|Light I|PREVARGTEQ:Light,1
Magic			KEY:Magic		CATEGORY:Path			TYPE:AlignmentPathChoice																			ABILITY:Special Ability|AUTOMATIC|Magic I|PREVARGTEQ:Magic,1
Metal			KEY:Metal		CATEGORY:Path			TYPE:AlignmentPathChoice																			ABILITY:Special Ability|AUTOMATIC|Metal I|PREVARGTEQ:Metal,1
Nature		KEY:Nature		CATEGORY:Path			TYPE:AlignmentPathChoice																			ABILITY:Special Ability|AUTOMATIC|Nature I|PREVARGTEQ:Nature,1
Order			KEY:Order		CATEGORY:Path			TYPE:AlignmentPathChoice																			ABILITY:Special Ability|AUTOMATIC|Order I|PREVARGTEQ:Order,1
Protection		KEY:Protection	CATEGORY:Path			TYPE:AlignmentPathChoice																			ABILITY:Special Ability|AUTOMATIC|Protection I|PREVARGTEQ:Protection,1
Secrets		KEY:Secrets		CATEGORY:Path			TYPE:AlignmentPathChoice																			ABILITY:Special Ability|AUTOMATIC|Secrets I|PREVARGTEQ:Secrets,1
Spirits		KEY:Spirits		CATEGORY:Path			TYPE:AlignmentPathChoice																			ABILITY:Special Ability|AUTOMATIC|Spirits I|PREVARGTEQ:Spirits,1
Strength		KEY:Strength	CATEGORY:Path			TYPE:AlignmentPathChoice																			ABILITY:Special Ability|AUTOMATIC|Strength I|PREVARGTEQ:Strength,1
Travel		KEY:Travel		CATEGORY:Path			TYPE:AlignmentPathChoice																			ABILITY:Special Ability|AUTOMATIC|Travel I|PREVARGTEQ:Travel,1
War			KEY:War		CATEGORY:Path			TYPE:AlignmentPathChoice																			ABILITY:Special Ability|AUTOMATIC|War I|PREVARGTEQ:War,1
Water			KEY:Water		CATEGORY:Path			TYPE:AlignmentPathChoice																			ABILITY:Special Ability|AUTOMATIC|Water I|PREVARGTEQ:Water,1
Wilderness		KEY:Wilderness	CATEGORY:Path			TYPE:AlignmentPathChoice																			ABILITY:Special Ability|AUTOMATIC|Wilderness I|PREVARGTEQ:Wilderness,1

###Block: Alignment Progression
#PATH of AIR
# Ability Name	SORTKEY				Category of Ability		Type										Define				Innate Spells																					Description																																					Auto Feat									Ability											Bonus Ability Pool				Add to base move			Save bonus				Bonus to skill					Modify VAR																						Source Page		Aspects
Air I			SORTKEY:Path of Air 1		CATEGORY:Special Ability	TYPE:SpecialQuality.AlignmentStep.PathOfDevotion.PathOf																								DESC:You gain Bang and Electrical Resistance equal to 3 times your Air Step.																																				ABILITY:Special Ability|AUTOMATIC|Bang Resistance|Electrical Resistance																									MODIFY:VAR=Path_Air|SET|1	MODIFY:VAR=BangResistanceBonus|SOLVE|value()+3*PathOfAirLvlMODIFY:VAR=ElectricalResistanceBonus|SOLVE|value()+3*PathOfAirLvl	MODIFY:VAR=PathOfAirLVL|ADD|1	SOURCEPAGE:p.311
#PATH of BEASTS
Beasts I		SORTKEY:Path of Beasts 1	CATEGORY:Special Ability	TYPE:SpecialQuality.AlignmentStep.PathOfDevotion.PathOf																								DESC:You gain the Animal Partner feat.																																AUTO:FEAT|Animal Partner																																										MODIFY:VAR=Path_Beasts|SET|1																		SOURCEPAGE:p.311
#PATH of BEAUTY
Beauty I		SORTKEY:Path of Beauty 1	CATEGORY:Special Ability	TYPE:SpecialQuality.AlignmentStep.PathOfDevotion.PathOf																								DESC:You gain the Comely feat.																																	AUTO:FEAT|Comely																																												MODIFY:VAR=Path_Beauty|SET|1																		SOURCEPAGE:p.311
#PATH of CHAOS
Chaos I		SORTKEY:Path of Chaos 1		CATEGORY:Special Ability	TYPE:SpecialQuality.AlignmentStep.PathOfDevotion.PathOf																								DESC:When you roll an action die to boost an Alignment skill check and the number shown is odd, double it and add it to your result; when the number shown is even, subtract it from your result instead.																																																			MODIFY:VAR=Path_Chaos|SET|1	MODIFY:VAR=PathOfChaosLVL|ADD|1													SOURCEPAGE:p.311
#PATH of CURSES
Curses I		SORTKEY:Path of Curses 1	CATEGORY:Special Ability	TYPE:SpecialQuality.AlignmentStep.PathOfDevotion.PathOf																								DESC:You gain the Black Cat feat.																																	AUTO:FEAT|Black Cat																																											MODIFY:VAR=Path_Curses|SET|1																		SOURCEPAGE:p.311
#PATH of DARKNESS
Darkness I		SORTKEY:Path of Darkness 1	CATEGORY:Special Ability	TYPE:SpecialQuality.AlignmentStep.PathOfDevotion.PathOf																								DESC:You gain darkvision I (see page 233) and a +5 bonus with Sneak checks as long as you're not in direct sunlight.																													ABILITY:Internal|AUTOMATIC|Darkvision																														MODIFY:VAR=Path_Darkness|SET|1	MODIFY:VAR=DarkvisionLVL|ADD|1												SOURCEPAGE:p.311
#PATH of DEATH
Death I		SORTKEY:Path of Death 1		CATEGORY:Special Ability	TYPE:SpecialQuality.AlignmentStep.PathOfDevotion.PathOf	SPELLS:Innate|TIMES=ATWILL|CASTERLEVEL=TotalCasterLVL|Deathwatch													DESC:Each of your attacks against a living character inflicts 2 additional damage. You may also cast Deathwatch at will.																																																																MODIFY:VAR=Path_Death|SET|1																		SOURCEPAGE:p.311
#PATH of DECEIT
Deceit I		SORTKEY:Path of Deceit 1	CATEGORY:Special Ability	TYPE:SpecialQuality.AlignmentStep.PathOfDevotion.PathOf																								DESC:You gain the Repartee Basics feat.																																AUTO:FEAT|Repartee Basics																																										MODIFY:VAR=Path_Deceit|SET|1																		SOURCEPAGE:p.311
#PATH of DESTRUCTION
Destruction I	SORTKEY:Path of Destruction 1	CATEGORY:Special Ability	TYPE:SpecialQuality.AlignmentStep.PathOfDevotion.PathOf																								DESC:Each of your melee and unarmed attacks gains the armor-piercing quality equal to your Destruction Step.																																																																		MODIFY:VAR=Path_Destruction|SET|1																	SOURCEPAGE:p.311
#PATH of EARTH
Earth I		SORTKEY:Path of Earth 1		CATEGORY:Special Ability	TYPE:SpecialQuality.AlignmentStep.PathOfDevotion.PathOf																								DESC:You gain the Pathfinder Basics (caverns/mountains) feat.																												AUTO:FEAT|Pathfinder Basics ~ Base (Caverns/Mountains)																																					MODIFY:VAR=Path_Earth|SET|1																		SOURCEPAGE:p.312
#PATH of EVIL
Evil I		SORTKEY:Path of Evil 1		CATEGORY:Special Ability	TYPE:SpecialQuality.AlignmentStep.PathOfDevotion.PathOf																								DESC:You inflict +%1 additional damage against helpless and sprawled characters|PathOfEvilLvl																																																																					MODIFY:VAR=Path_Evil|SET|1	MODIFY:VAR=PathOfEvilLVL|ADD|1													SOURCEPAGE:p.312
#PATH of FIRE
Fire I		SORTKEY:Path of Fire 1		CATEGORY:Special Ability	TYPE:SpecialQuality.AlignmentStep.PathOfDevotion.PathOf																								DESC:You gain Fire and Heat Resistance equal to 3 times your Fire Step.																																					ABILITY:Special Ability|AUTOMATIC|Fire Resistance|Heat Resistance																										MODIFY:VAR=Path_Fire|SET|1	MODIFY:VAR=FireResistanceBonus|SOLVE|value()+3*PathOfFireLvl	MODIFY:VAR=HeatResistanceBonus|SOLVE|value()+3*PathOfFireLvl	MODIFY:VAR=PathOfFireLVL|ADD|1		SOURCEPAGE:p.312
#PATH of FORTUNE
Fortune I		SORTKEY:Path of Fortune 1	CATEGORY:Special Ability	TYPE:SpecialQuality.AlignmentStep.PathOfDevotion.PathOf																								DESC:You gain the Fortunate feat.																																	AUTO:FEAT|Fortunate																																											MODIFY:VAR=Path_Fortune|SET|1																		SOURCEPAGE:p.312
#PATH of GOOD
Good I		SORTKEY:Path of Good 1		CATEGORY:Special Ability	TYPE:SpecialQuality.AlignmentStep.PathOfDevotion.PathOf																								DESC:You gain a bonus when contributing to cooperative checks equal to your Good Step.																																																																						MODIFY:VAR=Path_Good|SET|1																		SOURCEPAGE:p.312
#PATH of HEROISM
Heroism I		SORTKEY:Path of Heroism 1	CATEGORY:Special Ability	TYPE:SpecialQuality.AlignmentStep.PathOfDevotion.PathOf																								DESC:You gain two bonus action dice at the start of each Dramatic scene. You may immediately give one of these dice to a hero who can see or hear you.																																																											MODIFY:VAR=Path_Heroism|SET|1																		SOURCEPAGE:p.312
#PATH of KNOWLEDGE
Knowledge I		SORTKEY:Path of Knowledge 1	CATEGORY:Special Ability	TYPE:SpecialQuality.AlignmentStep.PathOfDevotion.PathOf																								DESC:You gain a +5 bonus with Knowledge checks.																																																																						MODIFYOTHER:SKILL|Knowledge Check|Bonus|ADD|5			MODIFY:VAR=Path_Knowledge|SET|1																	SOURCEPAGE:p.312
#PATH of LIFE
Life I		SORTKEY:Path of Life 1		CATEGORY:Special Ability	TYPE:SpecialQuality.AlignmentStep.PathOfDevotion.PathOf																								DESC:You gain the Bandage feat.																																	AUTO:FEAT|Bandage																																												MODIFY:VAR=Path_Life|SET|1																		SOURCEPAGE:p.312
#PATH of LIGHT
Light I		SORTKEY:Path of Light 1		CATEGORY:Special Ability	TYPE:SpecialQuality.AlignmentStep.PathOfDevotion.PathOf	SPELLS:Innate|TIMES=ATWILL|CASTERLEVEL=TotalCasterLVL|Glow I	SPELLS:Innate|TIMES=ATWILL|CASTERLEVEL=TotalCasterLVL|Flare			DESC:You're immune to flash damage. You may also cast Flare and Glow I at will.																																			ABILITY:Special Ability|AUTOMATIC|Immunity to Flash Damage																											MODIFY:VAR=Path_Light|SET|1																		SOURCEPAGE:p.312
#PATH of MAGIC
Magic I		SORTKEY:Path of Magic 1		CATEGORY:Special Ability	TYPE:SpecialQuality.AlignmentStep.PathOf.SaveBonus		SPELLS:Innate|TIMES=ATWILL|CASTERLEVEL=TotalCasterLVL|Read Magic													DESC:You may Read Magic at will and gain a +2 magic bonus with saves vs. spells.																																																																							MODIFY:VAR=Path_Magic|SET|1	MODIFY:VAR=MagicPathSaveBonus|ADD|2												SOURCEPAGE:p.313	ASPECT:SaveBonus|+%1 magic bonus with saves vs. spells|MagicPathSaveBonus
#PATH of METAL
Metal I		SORTKEY:Path of Metal 1		CATEGORY:Special Ability	TYPE:SpecialQuality.AlignmentStep.PathOfDevotion.PathOf																								DESC:You gain the Crafting (Metalworking) focus and a +5 bonus with Crafting (Metalworking) checks.																																ABILITY:Special Ability|AUTOMATIC|Crafting (Metalworking) Focus																			MODIFYOTHER:SKILL|Crafting (Metalworking)|Bonus|ADD|5	MODIFY:VAR=Path_Metal|SET|1	MODIFY:VAR=PathOfMetalLVL|ADD|1													SOURCEPAGE:p.313
#PATH of NATURE
Nature I		SORTKEY:Path of Nature 1	CATEGORY:Special Ability	TYPE:SpecialQuality.AlignmentStep.PathOfDevotion.PathOf																								DESC:You gain a +5 bonus with Survival checks.																																																																						MODIFYOTHER:SKILL|Survival|Bonus|ADD|5				MODIFY:VAR=Path_Nature|SET|1																		SOURCEPAGE:p.313
#PATH of ORDER
Order I		SORTKEY:Path of Order 1		CATEGORY:Special Ability	TYPE:SpecialQuality.AlignmentStep.PathOfDevotion.PathOf																								DESC:When you roll an action die to boost an Alignment skill check and the number shown is less than your Wisdom modifier, it becomes equal to your Wisdom modifier (minimum +1). This may not cause the action die to explode.																																															MODIFY:VAR=Path_Order|SET|1																		SOURCEPAGE:p.313
#PATH of PROTECTION
Protection I	SORTKEY:Path of Protection 1	CATEGORY:Special Ability	TYPE:SpecialQuality.AlignmentStep.PathOfDevotion.PathOf																								DESC:You gain a +5 bonus with Notice checks.																																																																						MODIFYOTHER:SKILL|Notice|Bonus|ADD|5				MODIFY:VAR=Path_Protection|SET|1																	SOURCEPAGE:p.313
#PATH of SECRETS
Secrets I		SORTKEY:Path of Secrets 1	CATEGORY:Special Ability	TYPE:SpecialQuality.AlignmentStep.PathOfDevotion.PathOf																								DESC:You gain a +5 bonus with Bluff checks.																																																																						MODIFYOTHER:SKILL|Bluff|Bonus|ADD|5				MODIFY:VAR=Path_Secrets|SET|1																		SOURCEPAGE:p.313
#PATH of SPIRITS
Spirits I		SORTKEY:Path of Spirits 1	CATEGORY:Special Ability	TYPE:SpecialQuality.AlignmentStep.PathOfDevotion.PathOf	SPELLS:Innate|TIMES=ATWILL|CASTERLEVEL=TotalCasterLVL|Dancing Lights	SPELLS:Innate|TIMES=ATWILL|CASTERLEVEL=TotalCasterLVL|Whispers	DESC:You gain Spirit Resistance equal to your Spirits Step. You may also cast Dancing Lights and Whispers at will.																													ABILITY:Special Ability|AUTOMATIC|Spirit Resistance																												MODIFY:VAR=Path_Spirits|SET|1	MODIFY:VAR=SpiritResistanceBonus|SOLVE|value()+PathOfSpritsLvl										SOURCEPAGE:p.313
#PATH of STRENGTH
Strength I		SORTKEY:Path of Strength 1	CATEGORY:Special Ability	TYPE:SpecialQuality.AlignmentStep.PathOfDevotion.PathOf																								DESC:You gain a +5 bonus with Athletics checks.																																																																						MODIFYOTHER:SKILL|Athletics|Bonus|ADD|5				MODIFY:VAR=Path_Strength|SET|1																	SOURCEPAGE:p.313
#PATH of TRAVEL
Travel I		SORTKEY:Path of Travel 1	CATEGORY:Special Ability	TYPE:SpecialQuality.AlignmentStep.PathOfDevotion.PathOf	SPELLS:Innate|TIMES=ATWILL|CASTERLEVEL=TotalCasterLVL|Orient Self													DESC:Your Speed increases by 5 ft. and you may cast Orient Self at will.																																																							MODIFY:MOVE=Ground|ADD|5													MODIFY:VAR=Path_Travel|SET|1																		SOURCEPAGE:p.314
#PATH of WAR
War I			SORTKEY:Path of War 1		CATEGORY:Special Ability	TYPE:SpecialQuality.AlignmentStep.PathOfDevotion.PathOf																								DESC:You inflict additional damage with your ritual weapon equal to your War Step.																																																																							MODIFY:VAR=Path_War|SET|1																		SOURCEPAGE:p.314
#PATH of WATER
Water I		SORTKEY:Path of Water 1		CATEGORY:Special Ability	TYPE:SpecialQuality.AlignmentStep.PathOfDevotion.PathOf	SPELLS:Innate|TIMES=ATWILL|CASTERLEVEL=TotalCasterLVL|Create Water	SPELLS:Innate|TIMES=ATWILL|CASTERLEVEL=TotalCasterLVL|Water Walk	DESC:You gain a bonus with Reflex saves equal to your Water Step. You may also cast Create Water and Water Walk at will.																																																				MODIFYOTHER:CHECK|Reflex|Bonus|SOLVE|value()+PathOfWater								MODIFY:VAR=Path_Water|SET|1																		SOURCEPAGE:p.314
#PATH of WILDERNESS
Wilderness I	SORTKEY:Path of Wilderness 1	CATEGORY:Special Ability	TYPE:SpecialQuality.AlignmentStep.PathOfDevotion.PathOf	SPELLS:Innate|TIMES=ATWILL|CASTERLEVEL=TotalCasterLVL|Endure Elements												DESC:You gain the Pathfinder Basics feat and may cast Endure Elements at will.																																															MODIFY:ABILITYPOOL=Pathfinder Basics|ADD|1																		MODIFY:VAR=Path_Wilderness|SET|1																	SOURCEPAGE:p.314

#
# END
#
